kotlin version: 2.0.0
error message: java.lang.StackOverflowError
	at java.base/java.util.ArrayList.<init>(ArrayList.java:181)
	at com.squareup.javapoet.Util.immutableList(Util.java:66)
	at com.squareup.javapoet.TypeName.<init>(TypeName.java:103)
	at com.squareup.javapoet.TypeName.<init>(TypeName.java:108)
	at com.squareup.javapoet.ClassName.<init>(ClassName.java:59)
	at com.squareup.javapoet.ClassName.<init>(ClassName.java:54)
	at com.squareup.javapoet.ClassName.get(ClassName.java:219)
	at androidx.room.compiler.processing.javac.kotlin.JvmDescriptorUtilsKt.typeNameFromJvmSignature(JvmDescriptorUtils.kt:94)
	at androidx.room.compiler.processing.ksp.KSTypeJavaPoetExtKt.asJTypeName(KSTypeJavaPoetExt.kt:110)
	at androidx.room.compiler.processing.ksp.KSTypeJavaPoetExtKt.asJTypeName(KSTypeJavaPoetExt.kt:194)
	at androidx.room.compiler.processing.ksp.KSTypeJavaPoetExtKt.asJTypeName(KSTypeJavaPoetExt.kt:170)
	at androidx.room.compiler.processing.ksp.DefaultKspType.resolveJTypeName(DefaultKspType.kt:36)
	at androidx.room.compiler.processing.ksp.KspType$xTypeName$2.invoke(KspType.kt:85)
	at androidx.room.compiler.processing.ksp.KspType$xTypeName$2.invoke(KspType.kt:73)
	at kotlin.SynchronizedLazyImpl.getValue(LazyJVM.kt:74)
	at androidx.room.compiler.processing.ksp.KspType.getXTypeName(KspType.kt:73)
	at androidx.room.compiler.processing.ksp.KspType.asTypeName(KspType.kt:67)
	at androidx.room.compiler.processing.ksp.KspRawType$xTypeName$2.invoke(KspRawType.kt:36)
	at androidx.room.compiler.processing.ksp.KspRawType$xTypeName$2.invoke(KspRawType.kt:34)
	at kotlin.SynchronizedLazyImpl.getValue(LazyJVM.kt:74)
	at androidx.room.compiler.processing.ksp.KspRawType.getXTypeName(KspRawType.kt:34)
	at androidx.room.compiler.processing.ksp.KspRawType.access$getXTypeName(KspRawType.kt:23)
	at androidx.room.compiler.processing.ksp.KspRawType$typeName$2.invoke(KspRawType.kt:31)
	at androidx.room.compiler.processing.ksp.KspRawType$typeName$2.invoke(KspRawType.kt:30)
	at kotlin.SynchronizedLazyImpl.getValue(LazyJVM.kt:74)
	at androidx.room.compiler.processing.ksp.KspRawType.getTypeName(KspRawType.kt:30)
	at androidx.room.compiler.processing.ksp.KspType.isTypeOf(KspType.kt:240)
	at androidx.room.processor.PojoProcessor.processRelationField(PojoProcessor.kt:486)
	at androidx.room.processor.PojoProcessor.doProcess(PojoProcessor.kt:205)
	at androidx.room.processor.PojoProcessor.access$doProcess(PojoProcessor.kt:56)
	at androidx.room.processor.PojoProcessor$process$1.invoke(PojoProcessor.kt:112)
	at androidx.room.processor.PojoProcessor$process$1.invoke(PojoProcessor.kt:109)
	at androidx.room.processor.cache.Cache$Bucket.get(Cache.kt:53)
	at androidx.room.processor.PojoProcessor.process(PojoProcessor.kt:109)
	at androidx.room.processor.NonEntityOrViewProcessor.process(EntityOrViewProcessor.kt:49)
	at androidx.room.processor.PojoProcessor.processRelationField(PojoProcessor.kt:540)
	at androidx.room.processor.PojoProcessor.doProcess(PojoProcessor.kt:205)
	at androidx.room.processor.PojoProcessor.access$doProcess(PojoProcessor.kt:56)
	at androidx.room.processor.PojoProcessor$process$1.invoke(PojoProcessor.kt:112)
	at androidx.room.processor.PojoProcessor$process$1.invoke(PojoProcessor.kt:109)
	at androidx.room.processor.cache.Cache$Bucket.get(Cache.kt:53)
	at androidx.room.processor.PojoProcessor.process(PojoProcessor.kt:109)
	at androidx.room.processor.NonEntityOrViewProcessor.process(EntityOrViewProcessor.kt:49)
	at androidx.room.processor.PojoProcessor.processRelationField(PojoProcessor.kt:540)
	at androidx.room.processor.PojoProcessor.doProcess(PojoProcessor.kt:205)
	at androidx.room.processor.PojoProcessor.access$doProcess(PojoProcessor.kt:56)
	at androidx.room.processor.PojoProcessor$process$1.invoke(PojoProcessor.kt:112)
	at androidx.room.processor.PojoProcessor$process$1.invoke(PojoProcessor.kt:109)
	at androidx.room.processor.cache.Cache$Bucket.get(Cache.kt:53)
	at androidx.room.processor.PojoProcessor.process(PojoProcessor.kt:109)
	at androidx.room.processor.NonEntityOrViewProcessor.process(EntityOrViewProcessor.kt:49)
	at androidx.room.processor.PojoProcessor.processRelationField(PojoProcessor.kt:540)
	at androidx.room.processor.PojoProcessor.doProcess(PojoProcessor.kt:205)
	at androidx.room.processor.PojoProcessor.access$doProcess(PojoProcessor.kt:56)
	at androidx.room.processor.PojoProcessor$process$1.invoke(PojoProcessor.kt:112)
	at androidx.room.processor.PojoProcessor$process$1.invoke(PojoProcessor.kt:109)
	at androidx.room.processor.cache.Cache$Bucket.get(Cache.kt:53)
	at androidx.room.processor.PojoProcessor.process(PojoProcessor.kt:109)
	at androidx.room.processor.NonEntityOrViewProcessor.process(EntityOrViewProcessor.kt:49)
	at androidx.room.processor.PojoProcessor.processRelationField(PojoProcessor.kt:540)
	at androidx.room.processor.PojoProcessor.doProcess(PojoProcessor.kt:205)
	at androidx.room.processor.PojoProcessor.access$doProcess(PojoProcessor.kt:56)
	at androidx.room.processor.PojoProcessor$process$1.invoke(PojoProcessor.kt:112)
	at androidx.room.processor.PojoProcessor$process$1.invoke(PojoProcessor.kt:109)
	at androidx.room.processor.cache.Cache$Bucket.get(Cache.kt:53)
	at androidx.room.processor.PojoProcessor.process(PojoProcessor.kt:109)
	at androidx.room.processor.NonEntityOrViewProcessor.process(EntityOrViewProcessor.kt:49)
	at androidx.room.processor.PojoProcessor.processRelationField(PojoProcessor.kt:540)
	at androidx.room.processor.PojoProcessor.doProcess(PojoProcessor.kt:205)
	at androidx.room.processor.PojoProcessor.access$doProcess(PojoProcessor.kt:56)
	at androidx.room.processor.PojoProcessor$process$1.invoke(PojoProcessor.kt:112)
	at androidx.room.processor.PojoProcessor$process$1.invoke(PojoProcessor.kt:109)
	at androidx.room.processor.cache.Cache$Bucket.get(Cache.kt:53)
	at androidx.room.processor.PojoProcessor.process(PojoProcessor.kt:109)
	at androidx.room.processor.NonEntityOrViewProcessor.process(EntityOrViewProcessor.kt:49)
	at androidx.room.processor.PojoProcessor.processRelationField(PojoProcessor.kt:540)
	at androidx.room.processor.PojoProcessor.doProcess(PojoProcessor.kt:205)
	at androidx.room.processor.PojoProcessor.access$doProcess(PojoProcessor.kt:56)
	at androidx.room.processor.PojoProcessor$process$1.invoke(PojoProcessor.kt:112)
	at androidx.room.processor.PojoProcessor$process$1.invoke(PojoProcessor.kt:109)
	at androidx.room.processor.cache.Cache$Bucket.get(Cache.kt:53)
	at androidx.room.processor.PojoProcessor.process(PojoProcessor.kt:109)
	at androidx.room.processor.NonEntityOrViewProcessor.process(EntityOrViewProcessor.kt:49)
	at androidx.room.processor.PojoProcessor.processRelationField(PojoProcessor.kt:540)
	at androidx.room.processor.PojoProcessor.doProcess(PojoProcessor.kt:205)
	at androidx.room.processor.PojoProcessor.access$doProcess(PojoProcessor.kt:56)
	at androidx.room.processor.PojoProcessor$process$1.invoke(PojoProcessor.kt:112)
	at androidx.room.processor.PojoProcessor$process$1.invoke(PojoProcessor.kt:109)
	at androidx.room.processor.cache.Cache$Bucket.get(Cache.kt:53)
	at androidx.room.processor.PojoProcessor.process(PojoProcessor.kt:109)
	at androidx.room.processor.NonEntityOrViewProcessor.process(EntityOrViewProcessor.kt:49)
	at androidx.room.processor.PojoProcessor.processRelationField(PojoProcessor.kt:540)
	at androidx.room.processor.PojoProcessor.doProcess(PojoProcessor.kt:205)
	at androidx.room.processor.PojoProcessor.access$doProcess(PojoProcessor.kt:56)
	at androidx.room.processor.PojoProcessor$process$1.invoke(PojoProcessor.kt:112)
	at androidx.room.processor.PojoProcessor$process$1.invoke(PojoProcessor.kt:109)
	at androidx.room.processor.cache.Cache$Bucket.get(Cache.kt:53)
	at androidx.room.processor.PojoProcessor.process(PojoProcessor.kt:109)
	at androidx.room.processor.NonEntityOrViewProcessor.process(EntityOrViewProcessor.kt:49)
	at androidx.room.processor.PojoProcessor.processRelationField(PojoProcessor.kt:540)
	at androidx.room.processor.PojoProcessor.doProcess(PojoProcessor.kt:205)
	at androidx.room.processor.PojoProcessor.access$doProcess(PojoProcessor.kt:56)
	at androidx.room.processor.PojoProcessor$process$1.invoke(PojoProcessor.kt:112)
	at androidx.room.processor.PojoProcessor$process$1.invoke(PojoProcessor.kt:109)
	at androidx.room.processor.cache.Cache$Bucket.get(Cache.kt:53)
	at androidx.room.processor.PojoProcessor.process(PojoProcessor.kt:109)
	at androidx.room.processor.NonEntityOrViewProcessor.process(EntityOrViewProcessor.kt:49)
	at androidx.room.processor.PojoProcessor.processRelationField(PojoProcessor.kt:540)
	at androidx.room.processor.PojoProcessor.doProcess(PojoProcessor.kt:205)
	at androidx.room.processor.PojoProcessor.access$doProcess(PojoProcessor.kt:56)
	at androidx.room.processor.PojoProcessor$process$1.invoke(PojoProcessor.kt:112)
	at androidx.room.processor.PojoProcessor$process$1.invoke(PojoProcessor.kt:109)
	at androidx.room.processor.cache.Cache$Bucket.get(Cache.kt:53)
	at androidx.room.processor.PojoProcessor.process(PojoProcessor.kt:109)
	at androidx.room.processor.NonEntityOrViewProcessor.process(EntityOrViewProcessor.kt:49)
	at androidx.room.processor.PojoProcessor.processRelationField(PojoProcessor.kt:540)
	at androidx.room.processor.PojoProcessor.doProcess(PojoProcessor.kt:205)
	at androidx.room.processor.PojoProcessor.access$doProcess(PojoProcessor.kt:56)
	at androidx.room.processor.PojoProcessor$process$1.invoke(PojoProcessor.kt:112)
	at androidx.room.processor.PojoProcessor$process$1.invoke(PojoProcessor.kt:109)
	at androidx.room.processor.cache.Cache$Bucket.get(Cache.kt:53)
	at androidx.room.processor.PojoProcessor.process(PojoProcessor.kt:109)
	at androidx.room.processor.NonEntityOrViewProcessor.process(EntityOrViewProcessor.kt:49)
	at androidx.room.processor.PojoProcessor.processRelationField(PojoProcessor.kt:540)
	at androidx.room.processor.PojoProcessor.doProcess(PojoProcessor.kt:205)
	at androidx.room.processor.PojoProcessor.access$doProcess(PojoProcessor.kt:56)
	at androidx.room.processor.PojoProcessor$process$1.invoke(PojoProcessor.kt:112)
	at androidx.room.processor.PojoProcessor$process$1.invoke(PojoProcessor.kt:109)
	at androidx.room.processor.cache.Cache$Bucket.get(Cache.kt:53)
	at androidx.room.processor.PojoProcessor.process(PojoProcessor.kt:109)
	at androidx.room.processor.NonEntityOrViewProcessor.process(EntityOrViewProcessor.kt:49)
	at androidx.room.processor.PojoProcessor.processRelationField(PojoProcessor.kt:540)
	at androidx.room.processor.PojoProcessor.doProcess(PojoProcessor.kt:205)
	at androidx.room.processor.PojoProcessor.access$doProcess(PojoProcessor.kt:56)
	at androidx.room.processor.PojoProcessor$process$1.invoke(PojoProcessor.kt:112)
	at androidx.room.processor.PojoProcessor$process$1.invoke(PojoProcessor.kt:109)
	at androidx.room.processor.cache.Cache$Bucket.get(Cache.kt:53)
	at androidx.room.processor.PojoProcessor.process(PojoProcessor.kt:109)
	at androidx.room.processor.NonEntityOrViewProcessor.process(EntityOrViewProcessor.kt:49)
	at androidx.room.processor.PojoProcessor.processRelationField(PojoProcessor.kt:540)
	at androidx.room.processor.PojoProcessor.doProcess(PojoProcessor.kt:205)
	at androidx.room.processor.PojoProcessor.access$doProcess(PojoProcessor.kt:56)
	at androidx.room.processor.PojoProcessor$process$1.invoke(PojoProcessor.kt:112)
	at androidx.room.processor.PojoProcessor$process$1.invoke(PojoProcessor.kt:109)
	at androidx.room.processor.cache.Cache$Bucket.get(Cache.kt:53)
	at androidx.room.processor.PojoProcessor.process(PojoProcessor.kt:109)
	at androidx.room.processor.NonEntityOrViewProcessor.process(EntityOrViewProcessor.kt:49)
	at androidx.room.processor.PojoProcessor.processRelationField(PojoProcessor.kt:540)
	at androidx.room.processor.PojoProcessor.doProcess(PojoProcessor.kt:205)
	at androidx.room.processor.PojoProcessor.access$doProcess(PojoProcessor.kt:56)
	at androidx.room.processor.PojoProcessor$process$1.invoke(PojoProcessor.kt:112)
	at androidx.room.processor.PojoProcessor$process$1.invoke(PojoProcessor.kt:109)
	at androidx.room.processor.cache.Cache$Bucket.get(Cache.kt:53)
	at androidx.room.processor.PojoProcessor.process(PojoProcessor.kt:109)
	at androidx.room.processor.NonEntityOrViewProcessor.process(EntityOrViewProcessor.kt:49)
	at androidx.room.processor.PojoProcessor.processRelationField(PojoProcessor.kt:540)
	at androidx.room.processor.PojoProcessor.doProcess(PojoProcessor.kt:205)
	at androidx.room.processor.PojoProcessor.access$doProcess(PojoProcessor.kt:56)
	at androidx.room.processor.PojoProcessor$process$1.invoke(PojoProcessor.kt:112)
	at androidx.room.processor.PojoProcessor$process$1.invoke(PojoProcessor.kt:109)
	at androidx.room.processor.cache.Cache$Bucket.get(Cache.kt:53)
	at androidx.room.processor.PojoProcessor.process(PojoProcessor.kt:109)
	at androidx.room.processor.NonEntityOrViewProcessor.process(EntityOrViewProcessor.kt:49)
	at androidx.room.processor.PojoProcessor.processRelationField(PojoProcessor.kt:540)
	at androidx.room.processor.PojoProcessor.doProcess(PojoProcessor.kt:205)
	at androidx.room.processor.PojoProcessor.access$doProcess(PojoProcessor.kt:56)
	at androidx.room.processor.PojoProcessor$process$1.invoke(PojoProcessor.kt:112)
	at androidx.room.processor.PojoProcessor$process$1.invoke(PojoProcessor.kt:109)
	at androidx.room.processor.cache.Cache$Bucket.get(Cache.kt:53)
	at androidx.room.processor.PojoProcessor.process(PojoProcessor.kt:109)
	at androidx.room.processor.NonEntityOrViewProcessor.process(EntityOrViewProcessor.kt:49)
	at androidx.room.processor.PojoProcessor.processRelationField(PojoProcessor.kt:540)
	at androidx.room.processor.PojoProcessor.doProcess(PojoProcessor.kt:205)
	at androidx.room.processor.PojoProcessor.access$doProcess(PojoProcessor.kt:56)
	at androidx.room.processor.PojoProcessor$process$1.invoke(PojoProcessor.kt:112)
	at androidx.room.processor.PojoProcessor$process$1.invoke(PojoProcessor.kt:109)
	at androidx.room.processor.cache.Cache$Bucket.get(Cache.kt:53)
	at androidx.room.processor.PojoProcessor.process(PojoProcessor.kt:109)
	at androidx.room.processor.NonEntityOrViewProcessor.process(EntityOrViewProcessor.kt:49)
	at androidx.room.processor.PojoProcessor.processRelationField(PojoProcessor.kt:540)
	at androidx.room.processor.PojoProcessor.doProcess(PojoProcessor.kt:205)
	at androidx.room.processor.PojoProcessor.access$doProcess(PojoProcessor.kt:56)
	at androidx.room.processor.PojoProcessor$process$1.invoke(PojoProcessor.kt:112)
	at androidx.room.processor.PojoProcessor$process$1.invoke(PojoProcessor.kt:109)
	at androidx.room.processor.cache.Cache$Bucket.get(Cache.kt:53)
	at androidx.room.processor.PojoProcessor.process(PojoProcessor.kt:109)
	at androidx.room.processor.NonEntityOrViewProcessor.process(EntityOrViewProcessor.kt:49)
	at androidx.room.processor.PojoProcessor.processRelationField(PojoProcessor.kt:540)
	at androidx.room.processor.PojoProcessor.doProcess(PojoProcessor.kt:205)
	at androidx.room.processor.PojoProcessor.access$doProcess(PojoProcessor.kt:56)
	at androidx.room.processor.PojoProcessor$process$1.invoke(PojoProcessor.kt:112)
	at androidx.room.processor.PojoProcessor$process$1.invoke(PojoProcessor.kt:109)
	at androidx.room.processor.cache.Cache$Bucket.get(Cache.kt:53)
	at androidx.room.processor.PojoProcessor.process(PojoProcessor.kt:109)
	at androidx.room.processor.NonEntityOrViewProcessor.process(EntityOrViewProcessor.kt:49)
	at androidx.room.processor.PojoProcessor.processRelationField(PojoProcessor.kt:540)
	at androidx.room.processor.PojoProcessor.doProcess(PojoProcessor.kt:205)
	at androidx.room.processor.PojoProcessor.access$doProcess(PojoProcessor.kt:56)
	at androidx.room.processor.PojoProcessor$process$1.invoke(PojoProcessor.kt:112)
	at androidx.room.processor.PojoProcessor$process$1.invoke(PojoProcessor.kt:109)
	at androidx.room.processor.cache.Cache$Bucket.get(Cache.kt:53)
	at androidx.room.processor.PojoProcessor.process(PojoProcessor.kt:109)
	at androidx.room.processor.NonEntityOrViewProcessor.process(EntityOrViewProcessor.kt:49)
	at androidx.room.processor.PojoProcessor.processRelationField(PojoProcessor.kt:540)
	at androidx.room.processor.PojoProcessor.doProcess(PojoProcessor.kt:205)
	at androidx.room.processor.PojoProcessor.access$doProcess(PojoProcessor.kt:56)
	at androidx.room.processor.PojoProcessor$process$1.invoke(PojoProcessor.kt:112)
	at androidx.room.processor.PojoProcessor$process$1.invoke(PojoProcessor.kt:109)
	at androidx.room.processor.cache.Cache$Bucket.get(Cache.kt:53)
	at androidx.room.processor.PojoProcessor.process(PojoProcessor.kt:109)
	at androidx.room.processor.NonEntityOrViewProcessor.process(EntityOrViewProcessor.kt:49)
	at androidx.room.processor.PojoProcessor.processRelationField(PojoProcessor.kt:540)
	at androidx.room.processor.PojoProcessor.doProcess(PojoProcessor.kt:205)
	at androidx.room.processor.PojoProcessor.access$doProcess(PojoProcessor.kt:56)
	at androidx.room.processor.PojoProcessor$process$1.invoke(PojoProcessor.kt:112)
	at androidx.room.processor.PojoProcessor$process$1.invoke(PojoProcessor.kt:109)
	at androidx.room.processor.cache.Cache$Bucket.get(Cache.kt:53)
	at androidx.room.processor.PojoProcessor.process(PojoProcessor.kt:109)
	at androidx.room.processor.NonEntityOrViewProcessor.process(EntityOrViewProcessor.kt:49)
	at androidx.room.processor.PojoProcessor.processRelationField(PojoProcessor.kt:540)
	at androidx.room.processor.PojoProcessor.doProcess(PojoProcessor.kt:205)
	at androidx.room.processor.PojoProcessor.access$doProcess(PojoProcessor.kt:56)
	at androidx.room.processor.PojoProcessor$process$1.invoke(PojoProcessor.kt:112)
	at androidx.room.processor.PojoProcessor$process$1.invoke(PojoProcessor.kt:109)
	at androidx.room.processor.cache.Cache$Bucket.get(Cache.kt:53)
	at androidx.room.processor.PojoProcessor.process(PojoProcessor.kt:109)
	at androidx.room.processor.NonEntityOrViewProcessor.process(EntityOrViewProcessor.kt:49)
	at androidx.room.processor.PojoProcessor.processRelationField(PojoProcessor.kt:540)
	at androidx.room.processor.PojoProcessor.doProcess(PojoProcessor.kt:205)
	at androidx.room.processor.PojoProcessor.access$doProcess(PojoProcessor.kt:56)
	at androidx.room.processor.PojoProcessor$process$1.invoke(PojoProcessor.kt:112)
	at androidx.room.processor.PojoProcessor$process$1.invoke(PojoProcessor.kt:109)
	at androidx.room.processor.cache.Cache$Bucket.get(Cache.kt:53)
	at androidx.room.processor.PojoProcessor.process(PojoProcessor.kt:109)
	at androidx.room.processor.NonEntityOrViewProcessor.process(EntityOrViewProcessor.kt:49)
	at androidx.room.processor.PojoProcessor.processRelationField(PojoProcessor.kt:540)
	at androidx.room.processor.PojoProcessor.doProcess(PojoProcessor.kt:205)
	at androidx.room.processor.PojoProcessor.access$doProcess(PojoProcessor.kt:56)
	at androidx.room.processor.PojoProcessor$process$1.invoke(PojoProcessor.kt:112)
	at androidx.room.processor.PojoProcessor$process$1.invoke(PojoProcessor.kt:109)
	at androidx.room.processor.cache.Cache$Bucket.get(Cache.kt:53)
	at androidx.room.processor.PojoProcessor.process(PojoProcessor.kt:109)
	at androidx.room.processor.NonEntityOrViewProcessor.process(EntityOrViewProcessor.kt:49)
	at androidx.room.processor.PojoProcessor.processRelationField(PojoProcessor.kt:540)
	at androidx.room.processor.PojoProcessor.doProcess(PojoProcessor.kt:205)
	at androidx.room.processor.PojoProcessor.access$doProcess(PojoProcessor.kt:56)
	at androidx.room.processor.PojoProcessor$process$1.invoke(PojoProcessor.kt:112)
	at androidx.room.processor.PojoProcessor$process$1.invoke(PojoProcessor.kt:109)
	at androidx.room.processor.cache.Cache$Bucket.get(Cache.kt:53)
	at androidx.room.processor.PojoProcessor.process(PojoProcessor.kt:109)
	at androidx.room.processor.NonEntityOrViewProcessor.process(EntityOrViewProcessor.kt:49)
	at androidx.room.processor.PojoProcessor.processRelationField(PojoProcessor.kt:540)
	at androidx.room.processor.PojoProcessor.doProcess(PojoProcessor.kt:205)
	at androidx.room.processor.PojoProcessor.access$doProcess(PojoProcessor.kt:56)
	at androidx.room.processor.PojoProcessor$process$1.invoke(PojoProcessor.kt:112)
	at androidx.room.processor.PojoProcessor$process$1.invoke(PojoProcessor.kt:109)
	at androidx.room.processor.cache.Cache$Bucket.get(Cache.kt:53)
	at androidx.room.processor.PojoProcessor.process(PojoProcessor.kt:109)
	at androidx.room.processor.NonEntityOrViewProcessor.process(EntityOrViewProcessor.kt:49)
	at androidx.room.processor.PojoProcessor.processRelationField(PojoProcessor.kt:540)
	at androidx.room.processor.PojoProcessor.doProcess(PojoProcessor.kt:205)
	at androidx.room.processor.PojoProcessor.access$doProcess(PojoProcessor.kt:56)
	at androidx.room.processor.PojoProcessor$process$1.invoke(PojoProcessor.kt:112)
	at androidx.room.processor.PojoProcessor$process$1.invoke(PojoProcessor.kt:109)
	at androidx.room.processor.cache.Cache$Bucket.get(Cache.kt:53)
	at androidx.room.processor.PojoProcessor.process(PojoProcessor.kt:109)
	at androidx.room.processor.NonEntityOrViewProcessor.process(EntityOrViewProcessor.kt:49)
	at androidx.room.processor.PojoProcessor.processRelationField(PojoProcessor.kt:540)
	at androidx.room.processor.PojoProcessor.doProcess(PojoProcessor.kt:205)
	at androidx.room.processor.PojoProcessor.access$doProcess(PojoProcessor.kt:56)
	at androidx.room.processor.PojoProcessor$process$1.invoke(PojoProcessor.kt:112)
	at androidx.room.processor.PojoProcessor$process$1.invoke(PojoProcessor.kt:109)
	at androidx.room.processor.cache.Cache$Bucket.get(Cache.kt:53)
	at androidx.room.processor.PojoProcessor.process(PojoProcessor.kt:109)
	at androidx.room.processor.NonEntityOrViewProcessor.process(EntityOrViewProcessor.kt:49)
	at androidx.room.processor.PojoProcessor.processRelationField(PojoProcessor.kt:540)
	at androidx.room.processor.PojoProcessor.doProcess(PojoProcessor.kt:205)
	at androidx.room.processor.PojoProcessor.access$doProcess(PojoProcessor.kt:56)
	at androidx.room.processor.PojoProcessor$process$1.invoke(PojoProcessor.kt:112)
	at androidx.room.processor.PojoProcessor$process$1.invoke(PojoProcessor.kt:109)
	at androidx.room.processor.cache.Cache$Bucket.get(Cache.kt:53)
	at androidx.room.processor.PojoProcessor.process(PojoProcessor.kt:109)
	at androidx.room.processor.NonEntityOrViewProcessor.process(EntityOrViewProcessor.kt:49)
	at androidx.room.processor.PojoProcessor.processRelationField(PojoProcessor.kt:540)
	at androidx.room.processor.PojoProcessor.doProcess(PojoProcessor.kt:205)
	at androidx.room.processor.PojoProcessor.access$doProcess(PojoProcessor.kt:56)
	at androidx.room.processor.PojoProcessor$process$1.invoke(PojoProcessor.kt:112)
	at androidx.room.processor.PojoProcessor$process$1.invoke(PojoProcessor.kt:109)
	at androidx.room.processor.cache.Cache$Bucket.get(Cache.kt:53)
	at androidx.room.processor.PojoProcessor.process(PojoProcessor.kt:109)
	at androidx.room.processor.NonEntityOrViewProcessor.process(EntityOrViewProcessor.kt:49)
	at androidx.room.processor.PojoProcessor.processRelationField(PojoProcessor.kt:540)
	at androidx.room.processor.PojoProcessor.doProcess(PojoProcessor.kt:205)
	at androidx.room.processor.PojoProcessor.access$doProcess(PojoProcessor.kt:56)
	at androidx.room.processor.PojoProcessor$process$1.invoke(PojoProcessor.kt:112)
	at androidx.room.processor.PojoProcessor$process$1.invoke(PojoProcessor.kt:109)
	at androidx.room.processor.cache.Cache$Bucket.get(Cache.kt:53)
	at androidx.room.processor.PojoProcessor.process(PojoProcessor.kt:109)
	at androidx.room.processor.NonEntityOrViewProcessor.process(EntityOrViewProcessor.kt:49)
	at androidx.room.processor.PojoProcessor.processRelationField(PojoProcessor.kt:540)
	at androidx.room.processor.PojoProcessor.doProcess(PojoProcessor.kt:205)
	at androidx.room.processor.PojoProcessor.access$doProcess(PojoProcessor.kt:56)
	at androidx.room.processor.PojoProcessor$process$1.invoke(PojoProcessor.kt:112)
	at androidx.room.processor.PojoProcessor$process$1.invoke(PojoProcessor.kt:109)
	at androidx.room.processor.cache.Cache$Bucket.get(Cache.kt:53)
	at androidx.room.processor.PojoProcessor.process(PojoProcessor.kt:109)
	at androidx.room.processor.NonEntityOrViewProcessor.process(EntityOrViewProcessor.kt:49)
	at androidx.room.processor.PojoProcessor.processRelationField(PojoProcessor.kt:540)
	at androidx.room.processor.PojoProcessor.doProcess(PojoProcessor.kt:205)
	at androidx.room.processor.PojoProcessor.access$doProcess(PojoProcessor.kt:56)
	at androidx.room.processor.PojoProcessor$process$1.invoke(PojoProcessor.kt:112)
	at androidx.room.processor.PojoProcessor$process$1.invoke(PojoProcessor.kt:109)
	at androidx.room.processor.cache.Cache$Bucket.get(Cache.kt:53)
	at androidx.room.processor.PojoProcessor.process(PojoProcessor.kt:109)
	at androidx.room.processor.NonEntityOrViewProcessor.process(EntityOrViewProcessor.kt:49)
	at androidx.room.processor.PojoProcessor.processRelationField(PojoProcessor.kt:540)
	at androidx.room.processor.PojoProcessor.doProcess(PojoProcessor.kt:205)
	at androidx.room.processor.PojoProcessor.access$doProcess(PojoProcessor.kt:56)
	at androidx.room.processor.PojoProcessor$process$1.invoke(PojoProcessor.kt:112)
	at androidx.room.processor.PojoProcessor$process$1.invoke(PojoProcessor.kt:109)
	at androidx.room.processor.cache.Cache$Bucket.get(Cache.kt:53)
	at androidx.room.processor.PojoProcessor.process(PojoProcessor.kt:109)
	at androidx.room.processor.NonEntityOrViewProcessor.process(EntityOrViewProcessor.kt:49)
	at androidx.room.processor.PojoProcessor.processRelationField(PojoProcessor.kt:540)
	at androidx.room.processor.PojoProcessor.doProcess(PojoProcessor.kt:205)
	at androidx.room.processor.PojoProcessor.access$doProcess(PojoProcessor.kt:56)
	at androidx.room.processor.PojoProcessor$process$1.invoke(PojoProcessor.kt:112)
	at androidx.room.processor.PojoProcessor$process$1.invoke(PojoProcessor.kt:109)
	at androidx.room.processor.cache.Cache$Bucket.get(Cache.kt:53)
	at androidx.room.processor.PojoProcessor.process(PojoProcessor.kt:109)
	at androidx.room.processor.NonEntityOrViewProcessor.process(EntityOrViewProcessor.kt:49)
	at androidx.room.processor.PojoProcessor.processRelationField(PojoProcessor.kt:540)
	at androidx.room.processor.PojoProcessor.doProcess(PojoProcessor.kt:205)
	at androidx.room.processor.PojoProcessor.access$doProcess(PojoProcessor.kt:56)
	at androidx.room.processor.PojoProcessor$process$1.invoke(PojoProcessor.kt:112)
	at androidx.room.processor.PojoProcessor$process$1.invoke(PojoProcessor.kt:109)
	at androidx.room.processor.cache.Cache$Bucket.get(Cache.kt:53)
	at androidx.room.processor.PojoProcessor.process(PojoProcessor.kt:109)
	at androidx.room.processor.NonEntityOrViewProcessor.process(EntityOrViewProcessor.kt:49)
	at androidx.room.processor.PojoProcessor.processRelationField(PojoProcessor.kt:540)
	at androidx.room.processor.PojoProcessor.doProcess(PojoProcessor.kt:205)
	at androidx.room.processor.PojoProcessor.access$doProcess(PojoProcessor.kt:56)
	at androidx.room.processor.PojoProcessor$process$1.invoke(PojoProcessor.kt:112)
	at androidx.room.processor.PojoProcessor$process$1.invoke(PojoProcessor.kt:109)
	at androidx.room.processor.cache.Cache$Bucket.get(Cache.kt:53)
	at androidx.room.processor.PojoProcessor.process(PojoProcessor.kt:109)
	at androidx.room.processor.NonEntityOrViewProcessor.process(EntityOrViewProcessor.kt:49)
	at androidx.room.processor.PojoProcessor.processRelationField(PojoProcessor.kt:540)
	at androidx.room.processor.PojoProcessor.doProcess(PojoProcessor.kt:205)
	at androidx.room.processor.PojoProcessor.access$doProcess(PojoProcessor.kt:56)
	at androidx.room.processor.PojoProcessor$process$1.invoke(PojoProcessor.kt:112)
	at androidx.room.processor.PojoProcessor$process$1.invoke(PojoProcessor.kt:109)
	at androidx.room.processor.cache.Cache$Bucket.get(Cache.kt:53)
	at androidx.room.processor.PojoProcessor.process(PojoProcessor.kt:109)
	at androidx.room.processor.NonEntityOrViewProcessor.process(EntityOrViewProcessor.kt:49)
	at androidx.room.processor.PojoProcessor.processRelationField(PojoProcessor.kt:540)
	at androidx.room.processor.PojoProcessor.doProcess(PojoProcessor.kt:205)
	at androidx.room.processor.PojoProcessor.access$doProcess(PojoProcessor.kt:56)
	at androidx.room.processor.PojoProcessor$process$1.invoke(PojoProcessor.kt:112)
	at androidx.room.processor.PojoProcessor$process$1.invoke(PojoProcessor.kt:109)
	at androidx.room.processor.cache.Cache$Bucket.get(Cache.kt:53)
	at androidx.room.processor.PojoProcessor.process(PojoProcessor.kt:109)
	at androidx.room.processor.NonEntityOrViewProcessor.process(EntityOrViewProcessor.kt:49)
	at androidx.room.processor.PojoProcessor.processRelationField(PojoProcessor.kt:540)
	at androidx.room.processor.PojoProcessor.doProcess(PojoProcessor.kt:205)
	at androidx.room.processor.PojoProcessor.access$doProcess(PojoProcessor.kt:56)
	at androidx.room.processor.PojoProcessor$process$1.invoke(PojoProcessor.kt:112)
	at androidx.room.processor.PojoProcessor$process$1.invoke(PojoProcessor.kt:109)
	at androidx.room.processor.cache.Cache$Bucket.get(Cache.kt:53)
	at androidx.room.processor.PojoProcessor.process(PojoProcessor.kt:109)
	at androidx.room.processor.NonEntityOrViewProcessor.process(EntityOrViewProcessor.kt:49)
	at androidx.room.processor.PojoProcessor.processRelationField(PojoProcessor.kt:540)
	at androidx.room.processor.PojoProcessor.doProcess(PojoProcessor.kt:205)
	at androidx.room.processor.PojoProcessor.access$doProcess(PojoProcessor.kt:56)
	at androidx.room.processor.PojoProcessor$process$1.invoke(PojoProcessor.kt:112)
	at androidx.room.processor.PojoProcessor$process$1.invoke(PojoProcessor.kt:109)
	at androidx.room.processor.cache.Cache$Bucket.get(Cache.kt:53)
	at androidx.room.processor.PojoProcessor.process(PojoProcessor.kt:109)
	at androidx.room.processor.NonEntityOrViewProcessor.process(EntityOrViewProcessor.kt:49)
	at androidx.room.processor.PojoProcessor.processRelationField(PojoProcessor.kt:540)
	at androidx.room.processor.PojoProcessor.doProcess(PojoProcessor.kt:205)
	at androidx.room.processor.PojoProcessor.access$doProcess(PojoProcessor.kt:56)
	at androidx.room.processor.PojoProcessor$process$1.invoke(PojoProcessor.kt:112)
	at androidx.room.processor.PojoProcessor$process$1.invoke(PojoProcessor.kt:109)
	at androidx.room.processor.cache.Cache$Bucket.get(Cache.kt:53)
	at androidx.room.processor.PojoProcessor.process(PojoProcessor.kt:109)
	at androidx.room.processor.NonEntityOrViewProcessor.process(EntityOrViewProcessor.kt:49)
	at androidx.room.processor.PojoProcessor.processRelationField(PojoProcessor.kt:540)
	at androidx.room.processor.PojoProcessor.doProcess(PojoProcessor.kt:205)
	at androidx.room.processor.PojoProcessor.access$doProcess(PojoProcessor.kt:56)
	at androidx.room.processor.PojoProcessor$process$1.invoke(PojoProcessor.kt:112)
	at androidx.room.processor.PojoProcessor$process$1.invoke(PojoProcessor.kt:109)
	at androidx.room.processor.cache.Cache$Bucket.get(Cache.kt:53)
	at androidx.room.processor.PojoProcessor.process(PojoProcessor.kt:109)
	at androidx.room.processor.NonEntityOrViewProcessor.process(EntityOrViewProcessor.kt:49)
	at androidx.room.processor.PojoProcessor.processRelationField(PojoProcessor.kt:540)
	at androidx.room.processor.PojoProcessor.doProcess(PojoProcessor.kt:205)
	at androidx.room.processor.PojoProcessor.access$doProcess(PojoProcessor.kt:56)
	at androidx.room.processor.PojoProcessor$process$1.invoke(PojoProcessor.kt:112)
	at androidx.room.processor.PojoProcessor$process$1.invoke(PojoProcessor.kt:109)
	at androidx.room.processor.cache.Cache$Bucket.get(Cache.kt:53)
	at androidx.room.processor.PojoProcessor.process(PojoProcessor.kt:109)
	at androidx.room.processor.NonEntityOrViewProcessor.process(EntityOrViewProcessor.kt:49)
	at androidx.room.processor.PojoProcessor.processRelationField(PojoProcessor.kt:540)
	at androidx.room.processor.PojoProcessor.doProcess(PojoProcessor.kt:205)
	at androidx.room.processor.PojoProcessor.access$doProcess(PojoProcessor.kt:56)
	at androidx.room.processor.PojoProcessor$process$1.invoke(PojoProcessor.kt:112)
	at androidx.room.processor.PojoProcessor$process$1.invoke(PojoProcessor.kt:109)
	at androidx.room.processor.cache.Cache$Bucket.get(Cache.kt:53)
	at androidx.room.processor.PojoProcessor.process(PojoProcessor.kt:109)
	at androidx.room.processor.NonEntityOrViewProcessor.process(EntityOrViewProcessor.kt:49)
	at androidx.room.processor.PojoProcessor.processRelationField(PojoProcessor.kt:540)
	at androidx.room.processor.PojoProcessor.doProcess(PojoProcessor.kt:205)
	at androidx.room.processor.PojoProcessor.access$doProcess(PojoProcessor.kt:56)
	at androidx.room.processor.PojoProcessor$process$1.invoke(PojoProcessor.kt:112)
	at androidx.room.processor.PojoProcessor$process$1.invoke(PojoProcessor.kt:109)
	at androidx.room.processor.cache.Cache$Bucket.get(Cache.kt:53)
	at androidx.room.processor.PojoProcessor.process(PojoProcessor.kt:109)
	at androidx.room.processor.NonEntityOrViewProcessor.process(EntityOrViewProcessor.kt:49)
	at androidx.room.processor.PojoProcessor.processRelationField(PojoProcessor.kt:540)
	at androidx.room.processor.PojoProcessor.doProcess(PojoProcessor.kt:205)
	at androidx.room.processor.PojoProcessor.access$doProcess(PojoProcessor.kt:56)
	at androidx.room.processor.PojoProcessor$process$1.invoke(PojoProcessor.kt:112)
	at androidx.room.processor.PojoProcessor$process$1.invoke(PojoProcessor.kt:109)
	at androidx.room.processor.cache.Cache$Bucket.get(Cache.kt:53)
	at androidx.room.processor.PojoProcessor.process(PojoProcessor.kt:109)
	at androidx.room.processor.NonEntityOrViewProcessor.process(EntityOrViewProcessor.kt:49)
	at androidx.room.processor.PojoProcessor.processRelationField(PojoProcessor.kt:540)
	at androidx.room.processor.PojoProcessor.doProcess(PojoProcessor.kt:205)
	at androidx.room.processor.PojoProcessor.access$doProcess(PojoProcessor.kt:56)
	at androidx.room.processor.PojoProcessor$process$1.invoke(PojoProcessor.kt:112)
	at androidx.room.processor.PojoProcessor$process$1.invoke(PojoProcessor.kt:109)
	at androidx.room.processor.cache.Cache$Bucket.get(Cache.kt:53)
	at androidx.room.processor.PojoProcessor.process(PojoProcessor.kt:109)
	at androidx.room.processor.NonEntityOrViewProcessor.process(EntityOrViewProcessor.kt:49)
	at androidx.room.processor.PojoProcessor.processRelationField(PojoProcessor.kt:540)
	at androidx.room.processor.PojoProcessor.doProcess(PojoProcessor.kt:205)
	at androidx.room.processor.PojoProcessor.access$doProcess(PojoProcessor.kt:56)
	at androidx.room.processor.PojoProcessor$process$1.invoke(PojoProcessor.kt:112)
	at androidx.room.processor.PojoProcessor$process$1.invoke(PojoProcessor.kt:109)
	at androidx.room.processor.cache.Cache$Bucket.get(Cache.kt:53)
	at androidx.room.processor.PojoProcessor.process(PojoProcessor.kt:109)
	at androidx.room.processor.NonEntityOrViewProcessor.process(EntityOrViewProcessor.kt:49)
	at androidx.room.processor.PojoProcessor.processRelationField(PojoProcessor.kt:540)
	at androidx.room.processor.PojoProcessor.doProcess(PojoProcessor.kt:205)
	at androidx.room.processor.PojoProcessor.access$doProcess(PojoProcessor.kt:56)
	at androidx.room.processor.PojoProcessor$process$1.invoke(PojoProcessor.kt:112)
	at androidx.room.processor.PojoProcessor$process$1.invoke(PojoProcessor.kt:109)
	at androidx.room.processor.cache.Cache$Bucket.get(Cache.kt:53)
	at androidx.room.processor.PojoProcessor.process(PojoProcessor.kt:109)
	at androidx.room.processor.NonEntityOrViewProcessor.process(EntityOrViewProcessor.kt:49)
	at androidx.room.processor.PojoProcessor.processRelationField(PojoProcessor.kt:540)
	at androidx.room.processor.PojoProcessor.doProcess(PojoProcessor.kt:205)
	at androidx.room.processor.PojoProcessor.access$doProcess(PojoProcessor.kt:56)
	at androidx.room.processor.PojoProcessor$process$1.invoke(PojoProcessor.kt:112)
	at androidx.room.processor.PojoProcessor$process$1.invoke(PojoProcessor.kt:109)
	at androidx.room.processor.cache.Cache$Bucket.get(Cache.kt:53)
	at androidx.room.processor.PojoProcessor.process(PojoProcessor.kt:109)
	at androidx.room.processor.NonEntityOrViewProcessor.process(EntityOrViewProcessor.kt:49)
	at androidx.room.processor.PojoProcessor.processRelationField(PojoProcessor.kt:540)
	at androidx.room.processor.PojoProcessor.doProcess(PojoProcessor.kt:205)
	at androidx.room.processor.PojoProcessor.access$doProcess(PojoProcessor.kt:56)
	at androidx.room.processor.PojoProcessor$process$1.invoke(PojoProcessor.kt:112)
	at androidx.room.processor.PojoProcessor$process$1.invoke(PojoProcessor.kt:109)
	at androidx.room.processor.cache.Cache$Bucket.get(Cache.kt:53)
	at androidx.room.processor.PojoProcessor.process(PojoProcessor.kt:109)
	at androidx.room.processor.NonEntityOrViewProcessor.process(EntityOrViewProcessor.kt:49)
	at androidx.room.processor.PojoProcessor.processRelationField(PojoProcessor.kt:540)
	at androidx.room.processor.PojoProcessor.doProcess(PojoProcessor.kt:205)
	at androidx.room.processor.PojoProcessor.access$doProcess(PojoProcessor.kt:56)
	at androidx.room.processor.PojoProcessor$process$1.invoke(PojoProcessor.kt:112)
	at androidx.room.processor.PojoProcessor$process$1.invoke(PojoProcessor.kt:109)
	at androidx.room.processor.cache.Cache$Bucket.get(Cache.kt:53)
	at androidx.room.processor.PojoProcessor.process(PojoProcessor.kt:109)
	at androidx.room.processor.NonEntityOrViewProcessor.process(EntityOrViewProcessor.kt:49)
	at androidx.room.processor.PojoProcessor.processRelationField(PojoProcessor.kt:540)
	at androidx.room.processor.PojoProcessor.doProcess(PojoProcessor.kt:205)
	at androidx.room.processor.PojoProcessor.access$doProcess(PojoProcessor.kt:56)
	at androidx.room.processor.PojoProcessor$process$1.invoke(PojoProcessor.kt:112)
	at androidx.room.processor.PojoProcessor$process$1.invoke(PojoProcessor.kt:109)
	at androidx.room.processor.cache.Cache$Bucket.get(Cache.kt:53)
	at androidx.room.processor.PojoProcessor.process(PojoProcessor.kt:109)
	at androidx.room.processor.NonEntityOrViewProcessor.process(EntityOrViewProcessor.kt:49)
	at androidx.room.processor.PojoProcessor.processRelationField(PojoProcessor.kt:540)
	at androidx.room.processor.PojoProcessor.doProcess(PojoProcessor.kt:205)
	at androidx.room.processor.PojoProcessor.access$doProcess(PojoProcessor.kt:56)
	at androidx.room.processor.PojoProcessor$process$1.invoke(PojoProcessor.kt:112)
	at androidx.room.processor.PojoProcessor$process$1.invoke(PojoProcessor.kt:109)
	at androidx.room.processor.cache.Cache$Bucket.get(Cache.kt:53)
	at androidx.room.processor.PojoProcessor.process(PojoProcessor.kt:109)
	at androidx.room.processor.NonEntityOrViewProcessor.process(EntityOrViewProcessor.kt:49)
	at androidx.room.processor.PojoProcessor.processRelationField(PojoProcessor.kt:540)
	at androidx.room.processor.PojoProcessor.doProcess(PojoProcessor.kt:205)
	at androidx.room.processor.PojoProcessor.access$doProcess(PojoProcessor.kt:56)
	at androidx.room.processor.PojoProcessor$process$1.invoke(PojoProcessor.kt:112)
	at androidx.room.processor.PojoProcessor$process$1.invoke(PojoProcessor.kt:109)
	at androidx.room.processor.cache.Cache$Bucket.get(Cache.kt:53)
	at androidx.room.processor.PojoProcessor.process(PojoProcessor.kt:109)
	at androidx.room.processor.NonEntityOrViewProcessor.process(EntityOrViewProcessor.kt:49)
	at androidx.room.processor.PojoProcessor.processRelationField(PojoProcessor.kt:540)
	at androidx.room.processor.PojoProcessor.doProcess(PojoProcessor.kt:205)
	at androidx.room.processor.PojoProcessor.access$doProcess(PojoProcessor.kt:56)
	at androidx.room.processor.PojoProcessor$process$1.invoke(PojoProcessor.kt:112)
	at androidx.room.processor.PojoProcessor$process$1.invoke(PojoProcessor.kt:109)
	at androidx.room.processor.cache.Cache$Bucket.get(Cache.kt:53)
	at androidx.room.processor.PojoProcessor.process(PojoProcessor.kt:109)
	at androidx.room.processor.NonEntityOrViewProcessor.process(EntityOrViewProcessor.kt:49)
	at androidx.room.processor.PojoProcessor.processRelationField(PojoProcessor.kt:540)
	at androidx.room.processor.PojoProcessor.doProcess(PojoProcessor.kt:205)
	at androidx.room.processor.PojoProcessor.access$doProcess(PojoProcessor.kt:56)
	at androidx.room.processor.PojoProcessor$process$1.invoke(PojoProcessor.kt:112)
	at androidx.room.processor.PojoProcessor$process$1.invoke(PojoProcessor.kt:109)
	at androidx.room.processor.cache.Cache$Bucket.get(Cache.kt:53)
	at androidx.room.processor.PojoProcessor.process(PojoProcessor.kt:109)
	at androidx.room.processor.NonEntityOrViewProcessor.process(EntityOrViewProcessor.kt:49)
	at androidx.room.processor.PojoProcessor.processRelationField(PojoProcessor.kt:540)
	at androidx.room.processor.PojoProcessor.doProcess(PojoProcessor.kt:205)
	at androidx.room.processor.PojoProcessor.access$doProcess(PojoProcessor.kt:56)
	at androidx.room.processor.PojoProcessor$process$1.invoke(PojoProcessor.kt:112)
	at androidx.room.processor.PojoProcessor$process$1.invoke(PojoProcessor.kt:109)
	at androidx.room.processor.cache.Cache$Bucket.get(Cache.kt:53)
	at androidx.room.processor.PojoProcessor.process(PojoProcessor.kt:109)
	at androidx.room.processor.NonEntityOrViewProcessor.process(EntityOrViewProcessor.kt:49)
	at androidx.room.processor.PojoProcessor.processRelationField(PojoProcessor.kt:540)
	at androidx.room.processor.PojoProcessor.doProcess(PojoProcessor.kt:205)
	at androidx.room.processor.PojoProcessor.access$doProcess(PojoProcessor.kt:56)
	at androidx.room.processor.PojoProcessor$process$1.invoke(PojoProcessor.kt:112)
	at androidx.room.processor.PojoProcessor$process$1.invoke(PojoProcessor.kt:109)
	at androidx.room.processor.cache.Cache$Bucket.get(Cache.kt:53)
	at androidx.room.processor.PojoProcessor.process(PojoProcessor.kt:109)
	at androidx.room.processor.NonEntityOrViewProcessor.process(EntityOrViewProcessor.kt:49)
	at androidx.room.processor.PojoProcessor.processRelationField(PojoProcessor.kt:540)
	at androidx.room.processor.PojoProcessor.doProcess(PojoProcessor.kt:205)
	at androidx.room.processor.PojoProcessor.access$doProcess(PojoProcessor.kt:56)
	at androidx.room.processor.PojoProcessor$process$1.invoke(PojoProcessor.kt:112)
	at androidx.room.processor.PojoProcessor$process$1.invoke(PojoProcessor.kt:109)
	at androidx.room.processor.cache.Cache$Bucket.get(Cache.kt:53)
	at androidx.room.processor.PojoProcessor.process(PojoProcessor.kt:109)
	at androidx.room.processor.NonEntityOrViewProcessor.process(EntityOrViewProcessor.kt:49)
	at androidx.room.processor.PojoProcessor.processRelationField(PojoProcessor.kt:540)
	at androidx.room.processor.PojoProcessor.doProcess(PojoProcessor.kt:205)
	at androidx.room.processor.PojoProcessor.access$doProcess(PojoProcessor.kt:56)
	at androidx.room.processor.PojoProcessor$process$1.invoke(PojoProcessor.kt:112)
	at androidx.room.processor.PojoProcessor$process$1.invoke(PojoProcessor.kt:109)
	at androidx.room.processor.cache.Cache$Bucket.get(Cache.kt:53)
	at androidx.room.processor.PojoProcessor.process(PojoProcessor.kt:109)
	at androidx.room.processor.NonEntityOrViewProcessor.process(EntityOrViewProcessor.kt:49)
	at androidx.room.processor.PojoProcessor.processRelationField(PojoProcessor.kt:540)
	at androidx.room.processor.PojoProcessor.doProcess(PojoProcessor.kt:205)
	at androidx.room.processor.PojoProcessor.access$doProcess(PojoProcessor.kt:56)
	at androidx.room.processor.PojoProcessor$process$1.invoke(PojoProcessor.kt:112)
	at androidx.room.processor.PojoProcessor$process$1.invoke(PojoProcessor.kt:109)
	at androidx.room.processor.cache.Cache$Bucket.get(Cache.kt:53)
	at androidx.room.processor.PojoProcessor.process(PojoProcessor.kt:109)
	at androidx.room.processor.NonEntityOrViewProcessor.process(EntityOrViewProcessor.kt:49)
	at androidx.room.processor.PojoProcessor.processRelationField(PojoProcessor.kt:540)
	at androidx.room.processor.PojoProcessor.doProcess(PojoProcessor.kt:205)
	at androidx.room.processor.PojoProcessor.access$doProcess(PojoProcessor.kt:56)
	at androidx.room.processor.PojoProcessor$process$1.invoke(PojoProcessor.kt:112)
	at androidx.room.processor.PojoProcessor$process$1.invoke(PojoProcessor.kt:109)
	at androidx.room.processor.cache.Cache$Bucket.get(Cache.kt:53)
	at androidx.room.processor.PojoProcessor.process(PojoProcessor.kt:109)
	at androidx.room.processor.NonEntityOrViewProcessor.process(EntityOrViewProcessor.kt:49)
	at androidx.room.processor.PojoProcessor.processRelationField(PojoProcessor.kt:540)
	at androidx.room.processor.PojoProcessor.doProcess(PojoProcessor.kt:205)
	at androidx.room.processor.PojoProcessor.access$doProcess(PojoProcessor.kt:56)
	at androidx.room.processor.PojoProcessor$process$1.invoke(PojoProcessor.kt:112)
	at androidx.room.processor.PojoProcessor$process$1.invoke(PojoProcessor.kt:109)
	at androidx.room.processor.cache.Cache$Bucket.get(Cache.kt:53)
	at androidx.room.processor.PojoProcessor.process(PojoProcessor.kt:109)
	at androidx.room.processor.NonEntityOrViewProcessor.process(EntityOrViewProcessor.kt:49)
	at androidx.room.processor.PojoProcessor.processRelationField(PojoProcessor.kt:540)
	at androidx.room.processor.PojoProcessor.doProcess(PojoProcessor.kt:205)
	at androidx.room.processor.PojoProcessor.access$doProcess(PojoProcessor.kt:56)
	at androidx.room.processor.PojoProcessor$process$1.invoke(PojoProcessor.kt:112)
	at androidx.room.processor.PojoProcessor$process$1.invoke(PojoProcessor.kt:109)
	at androidx.room.processor.cache.Cache$Bucket.get(Cache.kt:53)
	at androidx.room.processor.PojoProcessor.process(PojoProcessor.kt:109)
	at androidx.room.processor.NonEntityOrViewProcessor.process(EntityOrViewProcessor.kt:49)
	at androidx.room.processor.PojoProcessor.processRelationField(PojoProcessor.kt:540)
	at androidx.room.processor.PojoProcessor.doProcess(PojoProcessor.kt:205)
	at androidx.room.processor.PojoProcessor.access$doProcess(PojoProcessor.kt:56)
	at androidx.room.processor.PojoProcessor$process$1.invoke(PojoProcessor.kt:112)
	at androidx.room.processor.PojoProcessor$process$1.invoke(PojoProcessor.kt:109)
	at androidx.room.processor.cache.Cache$Bucket.get(Cache.kt:53)
	at androidx.room.processor.PojoProcessor.process(PojoProcessor.kt:109)
	at androidx.room.processor.NonEntityOrViewProcessor.process(EntityOrViewProcessor.kt:49)
	at androidx.room.processor.PojoProcessor.processRelationField(PojoProcessor.kt:540)
	at androidx.room.processor.PojoProcessor.doProcess(PojoProcessor.kt:205)
	at androidx.room.processor.PojoProcessor.access$doProcess(PojoProcessor.kt:56)
	at androidx.room.processor.PojoProcessor$process$1.invoke(PojoProcessor.kt:112)
	at androidx.room.processor.PojoProcessor$process$1.invoke(PojoProcessor.kt:109)
	at androidx.room.processor.cache.Cache$Bucket.get(Cache.kt:53)
	at androidx.room.processor.PojoProcessor.process(PojoProcessor.kt:109)
	at androidx.room.processor.NonEntityOrViewProcessor.process(EntityOrViewProcessor.kt:49)
	at androidx.room.processor.PojoProcessor.processRelationField(PojoProcessor.kt:540)
	at androidx.room.processor.PojoProcessor.doProcess(PojoProcessor.kt:205)
	at androidx.room.processor.PojoProcessor.access$doProcess(PojoProcessor.kt:56)
	at androidx.room.processor.PojoProcessor$process$1.invoke(PojoProcessor.kt:112)
	at androidx.room.processor.PojoProcessor$process$1.invoke(PojoProcessor.kt:109)
	at androidx.room.processor.cache.Cache$Bucket.get(Cache.kt:53)
	at androidx.room.processor.PojoProcessor.process(PojoProcessor.kt:109)
	at androidx.room.processor.NonEntityOrViewProcessor.process(EntityOrViewProcessor.kt:49)
	at androidx.room.processor.PojoProcessor.processRelationField(PojoProcessor.kt:540)
	at androidx.room.processor.PojoProcessor.doProcess(PojoProcessor.kt:205)
	at androidx.room.processor.PojoProcessor.access$doProcess(PojoProcessor.kt:56)
	at androidx.room.processor.PojoProcessor$process$1.invoke(PojoProcessor.kt:112)
	at androidx.room.processor.PojoProcessor$process$1.invoke(PojoProcessor.kt:109)
	at androidx.room.processor.cache.Cache$Bucket.get(Cache.kt:53)
	at androidx.room.processor.PojoProcessor.process(PojoProcessor.kt:109)
	at androidx.room.processor.NonEntityOrViewProcessor.process(EntityOrViewProcessor.kt:49)
	at androidx.room.processor.PojoProcessor.processRelationField(PojoProcessor.kt:540)
	at androidx.room.processor.PojoProcessor.doProcess(PojoProcessor.kt:205)
	at androidx.room.processor.PojoProcessor.access$doProcess(PojoProcessor.kt:56)
	at androidx.room.processor.PojoProcessor$process$1.invoke(PojoProcessor.kt:112)
	at androidx.room.processor.PojoProcessor$process$1.invoke(PojoProcessor.kt:109)
	at androidx.room.processor.cache.Cache$Bucket.get(Cache.kt:53)
	at androidx.room.processor.PojoProcessor.process(PojoProcessor.kt:109)
	at androidx.room.processor.NonEntityOrViewProcessor.process(EntityOrViewProcessor.kt:49)
	at androidx.room.processor.PojoProcessor.processRelationField(PojoProcessor.kt:540)
	at androidx.room.processor.PojoProcessor.doProcess(PojoProcessor.kt:205)
	at androidx.room.processor.PojoProcessor.access$doProcess(PojoProcessor.kt:56)
	at androidx.room.processor.PojoProcessor$process$1.invoke(PojoProcessor.kt:112)
	at androidx.room.processor.PojoProcessor$process$1.invoke(PojoProcessor.kt:109)
	at androidx.room.processor.cache.Cache$Bucket.get(Cache.kt:53)
	at androidx.room.processor.PojoProcessor.process(PojoProcessor.kt:109)
	at androidx.room.processor.NonEntityOrViewProcessor.process(EntityOrViewProcessor.kt:49)
	at androidx.room.processor.PojoProcessor.processRelationField(PojoProcessor.kt:540)
	at androidx.room.processor.PojoProcessor.doProcess(PojoProcessor.kt:205)
	at androidx.room.processor.PojoProcessor.access$doProcess(PojoProcessor.kt:56)
	at androidx.room.processor.PojoProcessor$process$1.invoke(PojoProcessor.kt:112)
	at androidx.room.processor.PojoProcessor$process$1.invoke(PojoProcessor.kt:109)
	at androidx.room.processor.cache.Cache$Bucket.get(Cache.kt:53)
	at androidx.room.processor.PojoProcessor.process(PojoProcessor.kt:109)
	at androidx.room.processor.NonEntityOrViewProcessor.process(EntityOrViewProcessor.kt:49)
	at androidx.room.processor.PojoProcessor.processRelationField(PojoProcessor.kt:540)
	at androidx.room.processor.PojoProcessor.doProcess(PojoProcessor.kt:205)
	at androidx.room.processor.PojoProcessor.access$doProcess(PojoProcessor.kt:56)
	at androidx.room.processor.PojoProcessor$process$1.invoke(PojoProcessor.kt:112)
	at androidx.room.processor.PojoProcessor$process$1.invoke(PojoProcessor.kt:109)
	at androidx.room.processor.cache.Cache$Bucket.get(Cache.kt:53)
	at androidx.room.processor.PojoProcessor.process(PojoProcessor.kt:109)
	at androidx.room.processor.NonEntityOrViewProcessor.process(EntityOrViewProcessor.kt:49)
	at androidx.room.processor.PojoProcessor.processRelationField(PojoProcessor.kt:540)
	at androidx.room.processor.PojoProcessor.doProcess(PojoProcessor.kt:205)
	at androidx.room.processor.PojoProcessor.access$doProcess(PojoProcessor.kt:56)
	at androidx.room.processor.PojoProcessor$process$1.invoke(PojoProcessor.kt:112)
	at androidx.room.processor.PojoProcessor$process$1.invoke(PojoProcessor.kt:109)
	at androidx.room.processor.cache.Cache$Bucket.get(Cache.kt:53)
	at androidx.room.processor.PojoProcessor.process(PojoProcessor.kt:109)
	at androidx.room.processor.NonEntityOrViewProcessor.process(EntityOrViewProcessor.kt:49)
	at androidx.room.processor.PojoProcessor.processRelationField(PojoProcessor.kt:540)
	at androidx.room.processor.PojoProcessor.doProcess(PojoProcessor.kt:205)
	at androidx.room.processor.PojoProcessor.access$doProcess(PojoProcessor.kt:56)
	at androidx.room.processor.PojoProcessor$process$1.invoke(PojoProcessor.kt:112)
	at androidx.room.processor.PojoProcessor$process$1.invoke(PojoProcessor.kt:109)
	at androidx.room.processor.cache.Cache$Bucket.get(Cache.kt:53)
	at androidx.room.processor.PojoProcessor.process(PojoProcessor.kt:109)
	at androidx.room.processor.NonEntityOrViewProcessor.process(EntityOrViewProcessor.kt:49)
	at androidx.room.processor.PojoProcessor.processRelationField(PojoProcessor.kt:540)
	at androidx.room.processor.PojoProcessor.doProcess(PojoProcessor.kt:205)
	at androidx.room.processor.PojoProcessor.access$doProcess(PojoProcessor.kt:56)
	at androidx.room.processor.PojoProcessor$process$1.invoke(PojoProcessor.kt:112)
	at androidx.room.processor.PojoProcessor$process$1.invoke(PojoProcessor.kt:109)
	at androidx.room.processor.cache.Cache$Bucket.get(Cache.kt:53)
	at androidx.room.processor.PojoProcessor.process(PojoProcessor.kt:109)
	at androidx.room.processor.NonEntityOrViewProcessor.process(EntityOrViewProcessor.kt:49)
	at androidx.room.processor.PojoProcessor.processRelationField(PojoProcessor.kt:540)
	at androidx.room.processor.PojoProcessor.doProcess(PojoProcessor.kt:205)
	at androidx.room.processor.PojoProcessor.access$doProcess(PojoProcessor.kt:56)
	at androidx.room.processor.PojoProcessor$process$1.invoke(PojoProcessor.kt:112)
	at androidx.room.processor.PojoProcessor$process$1.invoke(PojoProcessor.kt:109)
	at androidx.room.processor.cache.Cache$Bucket.get(Cache.kt:53)
	at androidx.room.processor.PojoProcessor.process(PojoProcessor.kt:109)
	at androidx.room.processor.NonEntityOrViewProcessor.process(EntityOrViewProcessor.kt:49)
	at androidx.room.processor.PojoProcessor.processRelationField(PojoProcessor.kt:540)
	at androidx.room.processor.PojoProcessor.doProcess(PojoProcessor.kt:205)
	at androidx.room.processor.PojoProcessor.access$doProcess(PojoProcessor.kt:56)
	at androidx.room.processor.PojoProcessor$process$1.invoke(PojoProcessor.kt:112)
	at androidx.room.processor.PojoProcessor$process$1.invoke(PojoProcessor.kt:109)
	at androidx.room.processor.cache.Cache$Bucket.get(Cache.kt:53)
	at androidx.room.processor.PojoProcessor.process(PojoProcessor.kt:109)
	at androidx.room.processor.NonEntityOrViewProcessor.process(EntityOrViewProcessor.kt:49)
	at androidx.room.processor.PojoProcessor.processRelationField(PojoProcessor.kt:540)
	at androidx.room.processor.PojoProcessor.doProcess(PojoProcessor.kt:205)
	at androidx.room.processor.PojoProcessor.access$doProcess(PojoProcessor.kt:56)
	at androidx.room.processor.PojoProcessor$process$1.invoke(PojoProcessor.kt:112)
	at androidx.room.processor.PojoProcessor$process$1.invoke(PojoProcessor.kt:109)
	at androidx.room.processor.cache.Cache$Bucket.get(Cache.kt:53)
	at androidx.room.processor.PojoProcessor.process(PojoProcessor.kt:109)
	at androidx.room.processor.NonEntityOrViewProcessor.process(EntityOrViewProcessor.kt:49)
	at androidx.room.processor.PojoProcessor.processRelationField(PojoProcessor.kt:540)
	at androidx.room.processor.PojoProcessor.doProcess(PojoProcessor.kt:205)
	at androidx.room.processor.PojoProcessor.access$doProcess(PojoProcessor.kt:56)
	at androidx.room.processor.PojoProcessor$process$1.invoke(PojoProcessor.kt:112)
	at androidx.room.processor.PojoProcessor$process$1.invoke(PojoProcessor.kt:109)
	at androidx.room.processor.cache.Cache$Bucket.get(Cache.kt:53)
	at androidx.room.processor.PojoProcessor.process(PojoProcessor.kt:109)
	at androidx.room.processor.NonEntityOrViewProcessor.process(EntityOrViewProcessor.kt:49)
	at androidx.room.processor.PojoProcessor.processRelationField(PojoProcessor.kt:540)
	at androidx.room.processor.PojoProcessor.doProcess(PojoProcessor.kt:205)
	at androidx.room.processor.PojoProcessor.access$doProcess(PojoProcessor.kt:56)
	at androidx.room.processor.PojoProcessor$process$1.invoke(PojoProcessor.kt:112)
	at androidx.room.processor.PojoProcessor$process$1.invoke(PojoProcessor.kt:109)
	at androidx.room.processor.cache.Cache$Bucket.get(Cache.kt:53)
	at androidx.room.processor.PojoProcessor.process(PojoProcessor.kt:109)
	at androidx.room.processor.NonEntityOrViewProcessor.process(EntityOrViewProcessor.kt:49)
	at androidx.room.processor.PojoProcessor.processRelationField(PojoProcessor.kt:540)
	at androidx.room.processor.PojoProcessor.doProcess(PojoProcessor.kt:205)
	at androidx.room.processor.PojoProcessor.access$doProcess(PojoProcessor.kt:56)
	at androidx.room.processor.PojoProcessor$process$1.invoke(PojoProcessor.kt:112)
	at androidx.room.processor.PojoProcessor$process$1.invoke(PojoProcessor.kt:109)
	at androidx.room.processor.cache.Cache$Bucket.get(Cache.kt:53)
	at androidx.room.processor.PojoProcessor.process(PojoProcessor.kt:109)
	at androidx.room.processor.NonEntityOrViewProcessor.process(EntityOrViewProcessor.kt:49)
	at androidx.room.processor.PojoProcessor.processRelationField(PojoProcessor.kt:540)
	at androidx.room.processor.PojoProcessor.doProcess(PojoProcessor.kt:205)
	at androidx.room.processor.PojoProcessor.access$doProcess(PojoProcessor.kt:56)
	at androidx.room.processor.PojoProcessor$process$1.invoke(PojoProcessor.kt:112)
	at androidx.room.processor.PojoProcessor$process$1.invoke(PojoProcessor.kt:109)
	at androidx.room.processor.cache.Cache$Bucket.get(Cache.kt:53)
	at androidx.room.processor.PojoProcessor.process(PojoProcessor.kt:109)
	at androidx.room.processor.NonEntityOrViewProcessor.process(EntityOrViewProcessor.kt:49)
	at androidx.room.processor.PojoProcessor.processRelationField(PojoProcessor.kt:540)
	at androidx.room.processor.PojoProcessor.doProcess(PojoProcessor.kt:205)
	at androidx.room.processor.PojoProcessor.access$doProcess(PojoProcessor.kt:56)
	at androidx.room.processor.PojoProcessor$process$1.invoke(PojoProcessor.kt:112)
	at androidx.room.processor.PojoProcessor$process$1.invoke(PojoProcessor.kt:109)
	at androidx.room.processor.cache.Cache$Bucket.get(Cache.kt:53)
	at androidx.room.processor.PojoProcessor.process(PojoProcessor.kt:109)
	at androidx.room.processor.NonEntityOrViewProcessor.process(EntityOrViewProcessor.kt:49)
	at androidx.room.processor.PojoProcessor.processRelationField(PojoProcessor.kt:540)
	at androidx.room.processor.PojoProcessor.doProcess(PojoProcessor.kt:205)
	at androidx.room.processor.PojoProcessor.access$doProcess(PojoProcessor.kt:56)
	at androidx.room.processor.PojoProcessor$process$1.invoke(PojoProcessor.kt:112)
	at androidx.room.processor.PojoProcessor$process$1.invoke(PojoProcessor.kt:109)
	at androidx.room.processor.cache.Cache$Bucket.get(Cache.kt:53)
	at androidx.room.processor.PojoProcessor.process(PojoProcessor.kt:109)
	at androidx.room.processor.NonEntityOrViewProcessor.process(EntityOrViewProcessor.kt:49)
	at androidx.room.processor.PojoProcessor.processRelationField(PojoProcessor.kt:540)
	at androidx.room.processor.PojoProcessor.doProcess(PojoProcessor.kt:205)
	at androidx.room.processor.PojoProcessor.access$doProcess(PojoProcessor.kt:56)
	at androidx.room.processor.PojoProcessor$process$1.invoke(PojoProcessor.kt:112)
	at androidx.room.processor.PojoProcessor$process$1.invoke(PojoProcessor.kt:109)
	at androidx.room.processor.cache.Cache$Bucket.get(Cache.kt:53)
	at androidx.room.processor.PojoProcessor.process(PojoProcessor.kt:109)
	at androidx.room.processor.NonEntityOrViewProcessor.process(EntityOrViewProcessor.kt:49)
	at androidx.room.processor.PojoProcessor.processRelationField(PojoProcessor.kt:540)
	at androidx.room.processor.PojoProcessor.doProcess(PojoProcessor.kt:205)
	at androidx.room.processor.PojoProcessor.access$doProcess(PojoProcessor.kt:56)
	at androidx.room.processor.PojoProcessor$process$1.invoke(PojoProcessor.kt:112)
	at androidx.room.processor.PojoProcessor$process$1.invoke(PojoProcessor.kt:109)
	at androidx.room.processor.cache.Cache$Bucket.get(Cache.kt:53)
	at androidx.room.processor.PojoProcessor.process(PojoProcessor.kt:109)
	at androidx.room.processor.NonEntityOrViewProcessor.process(EntityOrViewProcessor.kt:49)
	at androidx.room.processor.PojoProcessor.processRelationField(PojoProcessor.kt:540)
	at androidx.room.processor.PojoProcessor.doProcess(PojoProcessor.kt:205)
	at androidx.room.processor.PojoProcessor.access$doProcess(PojoProcessor.kt:56)
	at androidx.room.processor.PojoProcessor$process$1.invoke(PojoProcessor.kt:112)
	at androidx.room.processor.PojoProcessor$process$1.invoke(PojoProcessor.kt:109)
	at androidx.room.processor.cache.Cache$Bucket.get(Cache.kt:53)
	at androidx.room.processor.PojoProcessor.process(PojoProcessor.kt:109)
	at androidx.room.processor.NonEntityOrViewProcessor.process(EntityOrViewProcessor.kt:49)
	at androidx.room.processor.PojoProcessor.processRelationField(PojoProcessor.kt:540)
	at androidx.room.processor.PojoProcessor.doProcess(PojoProcessor.kt:205)
	at androidx.room.processor.PojoProcessor.access$doProcess(PojoProcessor.kt:56)
	at androidx.room.processor.PojoProcessor$process$1.invoke(PojoProcessor.kt:112)
	at androidx.room.processor.PojoProcessor$process$1.invoke(PojoProcessor.kt:109)
	at androidx.room.processor.cache.Cache$Bucket.get(Cache.kt:53)
	at androidx.room.processor.PojoProcessor.process(PojoProcessor.kt:109)
	at androidx.room.processor.NonEntityOrViewProcessor.process(EntityOrViewProcessor.kt:49)
	at androidx.room.processor.PojoProcessor.processRelationField(PojoProcessor.kt:540)
	at androidx.room.processor.PojoProcessor.doProcess(PojoProcessor.kt:205)
	at androidx.room.processor.PojoProcessor.access$doProcess(PojoProcessor.kt:56)
	at androidx.room.processor.PojoProcessor$process$1.invoke(PojoProcessor.kt:112)
	at androidx.room.processor.PojoProcessor$process$1.invoke(PojoProcessor.kt:109)
	at androidx.room.processor.cache.Cache$Bucket.get(Cache.kt:53)
	at androidx.room.processor.PojoProcessor.process(PojoProcessor.kt:109)
	at androidx.room.processor.NonEntityOrViewProcessor.process(EntityOrViewProcessor.kt:49)
	at androidx.room.processor.PojoProcessor.processRelationField(PojoProcessor.kt:540)
	at androidx.room.processor.PojoProcessor.doProcess(PojoProcessor.kt:205)
	at androidx.room.processor.PojoProcessor.access$doProcess(PojoProcessor.kt:56)
	at androidx.room.processor.PojoProcessor$process$1.invoke(PojoProcessor.kt:112)
	at androidx.room.processor.PojoProcessor$process$1.invoke(PojoProcessor.kt:109)
	at androidx.room.processor.cache.Cache$Bucket.get(Cache.kt:53)
	at androidx.room.processor.PojoProcessor.process(PojoProcessor.kt:109)
	at androidx.room.processor.NonEntityOrViewProcessor.process(EntityOrViewProcessor.kt:49)
	at androidx.room.processor.PojoProcessor.processRelationField(PojoProcessor.kt:540)
	at androidx.room.processor.PojoProcessor.doProcess(PojoProcessor.kt:205)
	at androidx.room.processor.PojoProcessor.access$doProcess(PojoProcessor.kt:56)
	at androidx.room.processor.PojoProcessor$process$1.invoke(PojoProcessor.kt:112)
	at androidx.room.processor.PojoProcessor$process$1.invoke(PojoProcessor.kt:109)
	at androidx.room.processor.cache.Cache$Bucket.get(Cache.kt:53)
	at androidx.room.processor.PojoProcessor.process(PojoProcessor.kt:109)
	at androidx.room.processor.NonEntityOrViewProcessor.process(EntityOrViewProcessor.kt:49)
	at androidx.room.processor.PojoProcessor.processRelationField(PojoProcessor.kt:540)
	at androidx.room.processor.PojoProcessor.doProcess(PojoProcessor.kt:205)
	at androidx.room.processor.PojoProcessor.access$doProcess(PojoProcessor.kt:56)
	at androidx.room.processor.PojoProcessor$process$1.invoke(PojoProcessor.kt:112)
	at androidx.room.processor.PojoProcessor$process$1.invoke(PojoProcessor.kt:109)
	at androidx.room.processor.cache.Cache$Bucket.get(Cache.kt:53)
	at androidx.room.processor.PojoProcessor.process(PojoProcessor.kt:109)
	at androidx.room.processor.NonEntityOrViewProcessor.process(EntityOrViewProcessor.kt:49)
	at androidx.room.processor.PojoProcessor.processRelationField(PojoProcessor.kt:540)
	at androidx.room.processor.PojoProcessor.doProcess(PojoProcessor.kt:205)
	at androidx.room.processor.PojoProcessor.access$doProcess(PojoProcessor.kt:56)
	at androidx.room.processor.PojoProcessor$process$1.invoke(PojoProcessor.kt:112)
	at androidx.room.processor.PojoProcessor$process$1.invoke(PojoProcessor.kt:109)
	at androidx.room.processor.cache.Cache$Bucket.get(Cache.kt:53)
	at androidx.room.processor.PojoProcessor.process(PojoProcessor.kt:109)
	at androidx.room.processor.NonEntityOrViewProcessor.process(EntityOrViewProcessor.kt:49)
	at androidx.room.processor.PojoProcessor.processRelationField(PojoProcessor.kt:540)
	at androidx.room.processor.PojoProcessor.doProcess(PojoProcessor.kt:205)
	at androidx.room.processor.PojoProcessor.access$doProcess(PojoProcessor.kt:56)
	at androidx.room.processor.PojoProcessor$process$1.invoke(PojoProcessor.kt:112)
	at androidx.room.processor.PojoProcessor$process$1.invoke(PojoProcessor.kt:109)
	at androidx.room.processor.cache.Cache$Bucket.get(Cache.kt:53)
	at androidx.room.processor.PojoProcessor.process(PojoProcessor.kt:109)
	at androidx.room.processor.NonEntityOrViewProcessor.process(EntityOrViewProcessor.kt:49)
	at androidx.room.processor.PojoProcessor.processRelationField(PojoProcessor.kt:540)
	at androidx.room.processor.PojoProcessor.doProcess(PojoProcessor.kt:205)
	at androidx.room.processor.PojoProcessor.access$doProcess(PojoProcessor.kt:56)
	at androidx.room.processor.PojoProcessor$process$1.invoke(PojoProcessor.kt:112)
	at androidx.room.processor.PojoProcessor$process$1.invoke(PojoProcessor.kt:109)
	at androidx.room.processor.cache.Cache$Bucket.get(Cache.kt:53)
	at androidx.room.processor.PojoProcessor.process(PojoProcessor.kt:109)
	at androidx.room.processor.NonEntityOrViewProcessor.process(EntityOrViewProcessor.kt:49)
	at androidx.room.processor.PojoProcessor.processRelationField(PojoProcessor.kt:540)
	at androidx.room.processor.PojoProcessor.doProcess(PojoProcessor.kt:205)
	at androidx.room.processor.PojoProcessor.access$doProcess(PojoProcessor.kt:56)
	at androidx.room.processor.PojoProcessor$process$1.invoke(PojoProcessor.kt:112)
	at androidx.room.processor.PojoProcessor$process$1.invoke(PojoProcessor.kt:109)
	at androidx.room.processor.cache.Cache$Bucket.get(Cache.kt:53)
	at androidx.room.processor.PojoProcessor.process(PojoProcessor.kt:109)
	at androidx.room.processor.NonEntityOrViewProcessor.process(EntityOrViewProcessor.kt:49)
	at androidx.room.processor.PojoProcessor.processRelationField(PojoProcessor.kt:540)
	at androidx.room.processor.PojoProcessor.doProcess(PojoProcessor.kt:205)
	at androidx.room.processor.PojoProcessor.access$doProcess(PojoProcessor.kt:56)
	at androidx.room.processor.PojoProcessor$process$1.invoke(PojoProcessor.kt:112)
	at androidx.room.processor.PojoProcessor$process$1.invoke(PojoProcessor.kt:109)
	at androidx.room.processor.cache.Cache$Bucket.get(Cache.kt:53)
	at androidx.room.processor.PojoProcessor.process(PojoProcessor.kt:109)
	at androidx.room.processor.NonEntityOrViewProcessor.process(EntityOrViewProcessor.kt:49)
	at androidx.room.processor.PojoProcessor.processRelationField(PojoProcessor.kt:540)
	at androidx.room.processor.PojoProcessor.doProcess(PojoProcessor.kt:205)
	at androidx.room.processor.PojoProcessor.access$doProcess(PojoProcessor.kt:56)
	at androidx.room.processor.PojoProcessor$process$1.invoke(PojoProcessor.kt:112)
	at androidx.room.processor.PojoProcessor$process$1.invoke(PojoProcessor.kt:109)
	at androidx.room.processor.cache.Cache$Bucket.get(Cache.kt:53)
	at androidx.room.processor.PojoProcessor.process(PojoProcessor.kt:109)
	at androidx.room.processor.NonEntityOrViewProcessor.process(EntityOrViewProcessor.kt:49)
	at androidx.room.processor.PojoProcessor.processRelationField(PojoProcessor.kt:540)
	at androidx.room.processor.PojoProcessor.doProcess(PojoProcessor.kt:205)
	at androidx.room.processor.PojoProcessor.access$doProcess(PojoProcessor.kt:56)
	at androidx.room.processor.PojoProcessor$process$1.invoke(PojoProcessor.kt:112)
	at androidx.room.processor.PojoProcessor$process$1.invoke(PojoProcessor.kt:109)
	at androidx.room.processor.cache.Cache$Bucket.get(Cache.kt:53)
	at androidx.room.processor.PojoProcessor.process(PojoProcessor.kt:109)
	at androidx.room.processor.NonEntityOrViewProcessor.process(EntityOrViewProcessor.kt:49)
	at androidx.room.processor.PojoProcessor.processRelationField(PojoProcessor.kt:540)
	at androidx.room.processor.PojoProcessor.doProcess(PojoProcessor.kt:205)
	at androidx.room.processor.PojoProcessor.access$doProcess(PojoProcessor.kt:56)
	at androidx.room.processor.PojoProcessor$process$1.invoke(PojoProcessor.kt:112)
	at androidx.room.processor.PojoProcessor$process$1.invoke(PojoProcessor.kt:109)
	at androidx.room.processor.cache.Cache$Bucket.get(Cache.kt:53)
	at androidx.room.processor.PojoProcessor.process(PojoProcessor.kt:109)
	at androidx.room.processor.NonEntityOrViewProcessor.process(EntityOrViewProcessor.kt:49)
	at androidx.room.processor.PojoProcessor.processRelationField(PojoProcessor.kt:540)
	at androidx.room.processor.PojoProcessor.doProcess(PojoProcessor.kt:205)
	at androidx.room.processor.PojoProcessor.access$doProcess(PojoProcessor.kt:56)
	at androidx.room.processor.PojoProcessor$process$1.invoke(PojoProcessor.kt:112)
	at androidx.room.processor.PojoProcessor$process$1.invoke(PojoProcessor.kt:109)
	at androidx.room.processor.cache.Cache$Bucket.get(Cache.kt:53)
	at androidx.room.processor.PojoProcessor.process(PojoProcessor.kt:109)
	at androidx.room.processor.NonEntityOrViewProcessor.process(EntityOrViewProcessor.kt:49)
	at androidx.room.processor.PojoProcessor.processRelationField(PojoProcessor.kt:540)
	at androidx.room.processor.PojoProcessor.doProcess(PojoProcessor.kt:205)
	at androidx.room.processor.PojoProcessor.access$doProcess(PojoProcessor.kt:56)
	at androidx.room.processor.PojoProcessor$process$1.invoke(PojoProcessor.kt:112)
	at androidx.room.processor.PojoProcessor$process$1.invoke(PojoProcessor.kt:109)
	at androidx.room.processor.cache.Cache$Bucket.get(Cache.kt:53)
	at androidx.room.processor.PojoProcessor.process(PojoProcessor.kt:109)
	at androidx.room.processor.NonEntityOrViewProcessor.process(EntityOrViewProcessor.kt:49)
	at androidx.room.processor.PojoProcessor.processRelationField(PojoProcessor.kt:540)
	at androidx.room.processor.PojoProcessor.doProcess(PojoProcessor.kt:205)
	at androidx.room.processor.PojoProcessor.access$doProcess(PojoProcessor.kt:56)
	at androidx.room.processor.PojoProcessor$process$1.invoke(PojoProcessor.kt:112)
	at androidx.room.processor.PojoProcessor$process$1.invoke(PojoProcessor.kt:109)
	at androidx.room.processor.cache.Cache$Bucket.get(Cache.kt:53)
	at androidx.room.processor.PojoProcessor.process(PojoProcessor.kt:109)
	at androidx.room.processor.NonEntityOrViewProcessor.process(EntityOrViewProcessor.kt:49)
	at androidx.room.processor.PojoProcessor.processRelationField(PojoProcessor.kt:540)
	at androidx.room.processor.PojoProcessor.doProcess(PojoProcessor.kt:205)
	at androidx.room.processor.PojoProcessor.access$doProcess(PojoProcessor.kt:56)
	at androidx.room.processor.PojoProcessor$process$1.invoke(PojoProcessor.kt:112)
	at androidx.room.processor.PojoProcessor$process$1.invoke(PojoProcessor.kt:109)
	at androidx.room.processor.cache.Cache$Bucket.get(Cache.kt:53)
	at androidx.room.processor.PojoProcessor.process(PojoProcessor.kt:109)
	at androidx.room.processor.NonEntityOrViewProcessor.process(EntityOrViewProcessor.kt:49)
	at androidx.room.processor.PojoProcessor.processRelationField(PojoProcessor.kt:540)
	at androidx.room.processor.PojoProcessor.doProcess(PojoProcessor.kt:205)
	at androidx.room.processor.PojoProcessor.access$doProcess(PojoProcessor.kt:56)
	at androidx.room.processor.PojoProcessor$process$1.invoke(PojoProcessor.kt:112)
	at androidx.room.processor.PojoProcessor$process$1.invoke(PojoProcessor.kt:109)
	at androidx.room.processor.cache.Cache$Bucket.get(Cache.kt:53)
	at androidx.room.processor.PojoProcessor.process(PojoProcessor.kt:109)
	at androidx.room.processor.NonEntityOrViewProcessor.process(EntityOrViewProcessor.kt:49)
	at androidx.room.processor.PojoProcessor.processRelationField(PojoProcessor.kt:540)
	at androidx.room.processor.PojoProcessor.doProcess(PojoProcessor.kt:205)
	at androidx.room.processor.PojoProcessor.access$doProcess(PojoProcessor.kt:56)
	at androidx.room.processor.PojoProcessor$process$1.invoke(PojoProcessor.kt:112)
	at androidx.room.processor.PojoProcessor$process$1.invoke(PojoProcessor.kt:109)
	at androidx.room.processor.cache.Cache$Bucket.get(Cache.kt:53)
	at androidx.room.processor.PojoProcessor.process(PojoProcessor.kt:109)
	at androidx.room.processor.NonEntityOrViewProcessor.process(EntityOrViewProcessor.kt:49)
	at androidx.room.processor.PojoProcessor.processRelationField(PojoProcessor.kt:540)
	at androidx.room.processor.PojoProcessor.doProcess(PojoProcessor.kt:205)
	at androidx.room.processor.PojoProcessor.access$doProcess(PojoProcessor.kt:56)
	at androidx.room.processor.PojoProcessor$process$1.invoke(PojoProcessor.kt:112)
	at androidx.room.processor.PojoProcessor$process$1.invoke(PojoProcessor.kt:109)
	at androidx.room.processor.cache.Cache$Bucket.get(Cache.kt:53)
	at androidx.room.processor.PojoProcessor.process(PojoProcessor.kt:109)
	at androidx.room.processor.NonEntityOrViewProcessor.process(EntityOrViewProcessor.kt:49)
	at androidx.room.processor.PojoProcessor.processRelationField(PojoProcessor.kt:540)
	at androidx.room.processor.PojoProcessor.doProcess(PojoProcessor.kt:205)
	at androidx.room.processor.PojoProcessor.access$doProcess(PojoProcessor.kt:56)
	at androidx.room.processor.PojoProcessor$process$1.invoke(PojoProcessor.kt:112)
	at androidx.room.processor.PojoProcessor$process$1.invoke(PojoProcessor.kt:109)
	at androidx.room.processor.cache.Cache$Bucket.get(Cache.kt:53)
	at androidx.room.processor.PojoProcessor.process(PojoProcessor.kt:109)
	at androidx.room.processor.NonEntityOrViewProcessor.process(EntityOrViewProcessor.kt:49)
	at androidx.room.processor.PojoProcessor.processRelationField(PojoProcessor.kt:540)
	at androidx.room.processor.PojoProcessor.doProcess(PojoProcessor.kt:205)
	at androidx.room.processor.PojoProcessor.access$doProcess(PojoProcessor.kt:56)
	at androidx.room.processor.PojoProcessor$process$1.invoke(PojoProcessor.kt:112)
	at androidx.room.processor.PojoProcessor$process$1.invoke(PojoProcessor.kt:109)
	at androidx.room.processor.cache.Cache$Bucket.get(Cache.kt:53)
	at androidx.room.processor.PojoProcessor.process(PojoProcessor.kt:109)
	at androidx.room.processor.NonEntityOrViewProcessor.process(EntityOrViewProcessor.kt:49)
	at androidx.room.processor.PojoProcessor.processRelationField(PojoProcessor.kt:540)
	at androidx.room.processor.PojoProcessor.doProcess(PojoProcessor.kt:205)
	at androidx.room.processor.PojoProcessor.access$doProcess(PojoProcessor.kt:56)
	at androidx.room.processor.PojoProcessor$process$1.invoke(PojoProcessor.kt:112)
	at androidx.room.processor.PojoProcessor$process$1.invoke(PojoProcessor.kt:109)
	at androidx.room.processor.cache.Cache$Bucket.get(Cache.kt:53)
	at androidx.room.processor.PojoProcessor.process(PojoProcessor.kt:109)
	at androidx.room.processor.NonEntityOrViewProcessor.process(EntityOrViewProcessor.kt:49)
	at androidx.room.processor.PojoProcessor.processRelationField(PojoProcessor.kt:540)
	at androidx.room.processor.PojoProcessor.doProcess(PojoProcessor.kt:205)
	at androidx.room.processor.PojoProcessor.access$doProcess(PojoProcessor.kt:56)
	at androidx.room.processor.PojoProcessor$process$1.invoke(PojoProcessor.kt:112)
	at androidx.room.processor.PojoProcessor$process$1.invoke(PojoProcessor.kt:109)
	at androidx.room.processor.cache.Cache$Bucket.get(Cache.kt:53)
	at androidx.room.processor.PojoProcessor.process(PojoProcessor.kt:109)
	at androidx.room.processor.NonEntityOrViewProcessor.process(EntityOrViewProcessor.kt:49)
	at androidx.room.processor.PojoProcessor.processRelationField(PojoProcessor.kt:540)
	at androidx.room.processor.PojoProcessor.doProcess(PojoProcessor.kt:205)
	at androidx.room.processor.PojoProcessor.access$doProcess(PojoProcessor.kt:56)
	at androidx.room.processor.PojoProcessor$process$1.invoke(PojoProcessor.kt:112)
	at androidx.room.processor.PojoProcessor$process$1.invoke(PojoProcessor.kt:109)
	at androidx.room.processor.cache.Cache$Bucket.get(Cache.kt:53)
	at androidx.room.processor.PojoProcessor.process(PojoProcessor.kt:109)
	at androidx.room.processor.NonEntityOrViewProcessor.process(EntityOrViewProcessor.kt:49)
	at androidx.room.processor.PojoProcessor.processRelationField(PojoProcessor.kt:540)
	at androidx.room.processor.PojoProcessor.doProcess(PojoProcessor.kt:205)
	at androidx.room.processor.PojoProcessor.access$doProcess(PojoProcessor.kt:56)
	at androidx.room.processor.PojoProcessor$process$1.invoke(PojoProcessor.kt:112)
	at androidx.room.processor.PojoProcessor$process$1.invoke(PojoProcessor.kt:109)
	at androidx.room.processor.cache.Cache$Bucket.get(Cache.kt:53)
	at androidx.room.processor.PojoProcessor.process(PojoProcessor.kt:109)
	at androidx.room.processor.NonEntityOrViewProcessor.process(EntityOrViewProcessor.kt:49)
	at androidx.room.processor.PojoProcessor.processRelationField(PojoProcessor.kt:540)
	at androidx.room.processor.PojoProcessor.doProcess(PojoProcessor.kt:205)
	at androidx.room.processor.PojoProcessor.access$doProcess(PojoProcessor.kt:56)
	at androidx.room.processor.PojoProcessor$process$1.invoke(PojoProcessor.kt:112)
	at androidx.room.processor.PojoProcessor$process$1.invoke(PojoProcessor.kt:109)
	at androidx.room.processor.cache.Cache$Bucket.get(Cache.kt:53)
	at androidx.room.processor.PojoProcessor.process(PojoProcessor.kt:109)
	at androidx.room.processor.NonEntityOrViewProcessor.process(EntityOrViewProcessor.kt:49)
	at androidx.room.processor.PojoProcessor.processRelationField(PojoProcessor.kt:540)
	at androidx.room.processor.PojoProcessor.doProcess(PojoProcessor.kt:205)
	at androidx.room.processor.PojoProcessor.access$doProcess(PojoProcessor.kt:56)
	at androidx.room.processor.PojoProcessor$process$1.invoke(PojoProcessor.kt:112)
	at androidx.room.processor.PojoProcessor$process$1.invoke(PojoProcessor.kt:109)
	at androidx.room.processor.cache.Cache$Bucket.get(Cache.kt:53)
	at androidx.room.processor.PojoProcessor.process(PojoProcessor.kt:109)
	at androidx.room.processor.NonEntityOrViewProcessor.process(EntityOrViewProcessor.kt:49)
	at androidx.room.processor.PojoProcessor.processRelationField(PojoProcessor.kt:540)
	at androidx.room.processor.PojoProcessor.doProcess(PojoProcessor.kt:205)
	at androidx.room.processor.PojoProcessor.access$doProcess(PojoProcessor.kt:56)
	at androidx.room.processor.PojoProcessor$process$1.invoke(PojoProcessor.kt:112)
	at androidx.room.processor.PojoProcessor$process$1.invoke(PojoProcessor.kt:109)
	at androidx.room.processor.cache.Cache$Bucket.get(Cache.kt:53)
	at androidx.room.processor.PojoProcessor.process(PojoProcessor.kt:109)
	at androidx.room.processor.NonEntityOrViewProcessor.process(EntityOrViewProcessor.kt:49)
	at androidx.room.processor.PojoProcessor.processRelationField(PojoProcessor.kt:540)
	at androidx.room.processor.PojoProcessor.doProcess(PojoProcessor.kt:205)
	at androidx.room.processor.PojoProcessor.access$doProcess(PojoProcessor.kt:56)
	at androidx.room.processor.PojoProcessor$process$1.invoke(PojoProcessor.kt:112)
	at androidx.room.processor.PojoProcessor$process$1.invoke(PojoProcessor.kt:109)
	at androidx.room.processor.cache.Cache$Bucket.get(Cache.kt:53)
	at androidx.room.processor.PojoProcessor.process(PojoProcessor.kt:109)
	at androidx.room.processor.NonEntityOrViewProcessor.process(EntityOrViewProcessor.kt:49)
	at androidx.room.processor.PojoProcessor.processRelationField(PojoProcessor.kt:540)
	at androidx.room.processor.PojoProcessor.doProcess(PojoProcessor.kt:205)
	at androidx.room.processor.PojoProcessor.access$doProcess(PojoProcessor.kt:56)
	at androidx.room.processor.PojoProcessor$process$1.invoke(PojoProcessor.kt:112)
	at androidx.room.processor.PojoProcessor$process$1.invoke(PojoProcessor.kt:109)
	at androidx.room.processor.cache.Cache$Bucket.get(Cache.kt:53)
	at androidx.room.processor.PojoProcessor.process(PojoProcessor.kt:109)
	at androidx.room.processor.NonEntityOrViewProcessor.process(EntityOrViewProcessor.kt:49)
	at androidx.room.processor.PojoProcessor.processRelationField(PojoProcessor.kt:540)
	at androidx.room.processor.PojoProcessor.doProcess(PojoProcessor.kt:205)
	at androidx.room.processor.PojoProcessor.access$doProcess(PojoProcessor.kt:56)
	at androidx.room.processor.PojoProcessor$process$1.invoke(PojoProcessor.kt:112)
	at androidx.room.processor.PojoProcessor$process$1.invoke(PojoProcessor.kt:109)
	at androidx.room.processor.cache.Cache$Bucket.get(Cache.kt:53)
	at androidx.room.processor.PojoProcessor.process(PojoProcessor.kt:109)
	at androidx.room.processor.NonEntityOrViewProcessor.process(EntityOrViewProcessor.kt:49)
	at androidx.room.processor.PojoProcessor.processRelationField(PojoProcessor.kt:540)
	at androidx.room.processor.PojoProcessor.doProcess(PojoProcessor.kt:205)
	at androidx.room.processor.PojoProcessor.access$doProcess(PojoProcessor.kt:56)
	at androidx.room.processor.PojoProcessor$process$1.invoke(PojoProcessor.kt:112)
	at androidx.room.processor.PojoProcessor$process$1.invoke(PojoProcessor.kt:109)


