kotlin version: 2.0.0
error message: java.lang.StackOverflowError
	at androidx.room.compiler.processing.ksp.KspAnnotationBoxKt.readAs(KspAnnotationBox.kt:124)
	at androidx.room.compiler.processing.ksp.KspAnnotationBoxKt.readAs(KspAnnotationBox.kt:130)
	at androidx.room.compiler.processing.ksp.KspAnnotationBoxKt.access$readAs(KspAnnotationBox.kt:1)
	at androidx.room.compiler.processing.ksp.KspAnnotationBox.getFieldValue(KspAnnotationBox.kt:81)
	at androidx.room.compiler.processing.ksp.KspAnnotationBox.valueProxy$lambda$6(KspAnnotationBox.kt:115)
	at jdk.proxy1/jdk.proxy1.$Proxy21.allowedTargets(Unknown Source)
	at androidx.room.compiler.processing.ksp.KspAnnotated$UseSiteFilter$Companion.getDeclaredTargets$room_compiler_processing(KspAnnotated.kt:184)
	at androidx.room.compiler.processing.ksp.KspAnnotated$UseSiteFilter$Impl.accept(KspAnnotated.kt:122)
	at androidx.room.compiler.processing.ksp.KspAnnotated$KSAnnotatedDelegate$annotations$1.invoke(KspAnnotated.kt:96)
	at androidx.room.compiler.processing.ksp.KspAnnotated$KSAnnotatedDelegate$annotations$1.invoke(KspAnnotated.kt:95)
	at kotlin.sequences.FilteringSequence$iterator$1.calcNext(Sequences.kt:171)
	at kotlin.sequences.FilteringSequence$iterator$1.hasNext(Sequences.kt:194)
	at kotlin.sequences.FilteringSequence$iterator$1.calcNext(Sequences.kt:169)
	at kotlin.sequences.FilteringSequence$iterator$1.hasNext(Sequences.kt:194)
	at kotlin.sequences.TransformingSequence$iterator$1.hasNext(Sequences.kt:214)
	at kotlin.sequences.SequencesKt___SequencesKt.toList(_Sequences.kt:813)
	at androidx.room.compiler.processing.ksp.KspAnnotated.getAnnotations(KspAnnotated.kt:70)
	at androidx.room.compiler.processing.InternalXAnnotated.getAnnotations(InternalXAnnotated.kt:46)
	at androidx.room.compiler.processing.XAnnotated.getAnnotation(XAnnotated.kt:185)
	at androidx.room.compiler.processing.ksp.KspFieldElement.getAnnotation(KspFieldElement.kt)
	at androidx.room.processor.SuppressWarningProcessor.getSuppressedWarnings(SuppressWarningProcessor.kt:28)
	at androidx.room.processor.Context.fork(Context.kt:211)
	at androidx.room.processor.Context.fork$default(Context.kt:206)
	at androidx.room.processor.PojoProcessor.processEmbeddedField(PojoProcessor.kt:437)
	at androidx.room.processor.PojoProcessor.doProcess(PojoProcessor.kt:184)
	at androidx.room.processor.PojoProcessor.access$doProcess(PojoProcessor.kt:56)
	at androidx.room.processor.PojoProcessor$process$1.invoke(PojoProcessor.kt:112)
	at androidx.room.processor.PojoProcessor$process$1.invoke(PojoProcessor.kt:109)
	at androidx.room.processor.cache.Cache$Bucket.get(Cache.kt:53)
	at androidx.room.processor.PojoProcessor.process(PojoProcessor.kt:109)
	at androidx.room.processor.NonEntityOrViewProcessor.process(EntityOrViewProcessor.kt:49)
	at androidx.room.processor.PojoProcessor.processRelationField(PojoProcessor.kt:540)
	at androidx.room.processor.PojoProcessor.doProcess(PojoProcessor.kt:205)
	at androidx.room.processor.PojoProcessor.access$doProcess(PojoProcessor.kt:56)
	at androidx.room.processor.PojoProcessor$process$1.invoke(PojoProcessor.kt:112)
	at androidx.room.processor.PojoProcessor$process$1.invoke(PojoProcessor.kt:109)
	at androidx.room.processor.cache.Cache$Bucket.get(Cache.kt:53)
	at androidx.room.processor.PojoProcessor.process(PojoProcessor.kt:109)
	at androidx.room.processor.NonEntityOrViewProcessor.process(EntityOrViewProcessor.kt:49)
	at androidx.room.processor.PojoProcessor.processRelationField(PojoProcessor.kt:540)
	at androidx.room.processor.PojoProcessor.doProcess(PojoProcessor.kt:205)
	at androidx.room.processor.PojoProcessor.access$doProcess(PojoProcessor.kt:56)
	at androidx.room.processor.PojoProcessor$process$1.invoke(PojoProcessor.kt:112)
	at androidx.room.processor.PojoProcessor$process$1.invoke(PojoProcessor.kt:109)
	at androidx.room.processor.cache.Cache$Bucket.get(Cache.kt:53)
	at androidx.room.processor.PojoProcessor.process(PojoProcessor.kt:109)
	at androidx.room.processor.NonEntityOrViewProcessor.process(EntityOrViewProcessor.kt:49)
	at androidx.room.processor.PojoProcessor.processRelationField(PojoProcessor.kt:540)
	at androidx.room.processor.PojoProcessor.doProcess(PojoProcessor.kt:205)
	at androidx.room.processor.PojoProcessor.access$doProcess(PojoProcessor.kt:56)
	at androidx.room.processor.PojoProcessor$process$1.invoke(PojoProcessor.kt:112)
	at androidx.room.processor.PojoProcessor$process$1.invoke(PojoProcessor.kt:109)
	at androidx.room.processor.cache.Cache$Bucket.get(Cache.kt:53)
	at androidx.room.processor.PojoProcessor.process(PojoProcessor.kt:109)
	at androidx.room.processor.NonEntityOrViewProcessor.process(EntityOrViewProcessor.kt:49)
	at androidx.room.processor.PojoProcessor.processRelationField(PojoProcessor.kt:540)
	at androidx.room.processor.PojoProcessor.doProcess(PojoProcessor.kt:205)
	at androidx.room.processor.PojoProcessor.access$doProcess(PojoProcessor.kt:56)
	at androidx.room.processor.PojoProcessor$process$1.invoke(PojoProcessor.kt:112)
	at androidx.room.processor.PojoProcessor$process$1.invoke(PojoProcessor.kt:109)
	at androidx.room.processor.cache.Cache$Bucket.get(Cache.kt:53)
	at androidx.room.processor.PojoProcessor.process(PojoProcessor.kt:109)
	at androidx.room.processor.NonEntityOrViewProcessor.process(EntityOrViewProcessor.kt:49)
	at androidx.room.processor.PojoProcessor.processRelationField(PojoProcessor.kt:540)
	at androidx.room.processor.PojoProcessor.doProcess(PojoProcessor.kt:205)
	at androidx.room.processor.PojoProcessor.access$doProcess(PojoProcessor.kt:56)
	at androidx.room.processor.PojoProcessor$process$1.invoke(PojoProcessor.kt:112)
	at androidx.room.processor.PojoProcessor$process$1.invoke(PojoProcessor.kt:109)
	at androidx.room.processor.cache.Cache$Bucket.get(Cache.kt:53)
	at androidx.room.processor.PojoProcessor.process(PojoProcessor.kt:109)
	at androidx.room.processor.NonEntityOrViewProcessor.process(EntityOrViewProcessor.kt:49)
	at androidx.room.processor.PojoProcessor.processRelationField(PojoProcessor.kt:540)
	at androidx.room.processor.PojoProcessor.doProcess(PojoProcessor.kt:205)
	at androidx.room.processor.PojoProcessor.access$doProcess(PojoProcessor.kt:56)
	at androidx.room.processor.PojoProcessor$process$1.invoke(PojoProcessor.kt:112)
	at androidx.room.processor.PojoProcessor$process$1.invoke(PojoProcessor.kt:109)
	at androidx.room.processor.cache.Cache$Bucket.get(Cache.kt:53)
	at androidx.room.processor.PojoProcessor.process(PojoProcessor.kt:109)
	at androidx.room.processor.NonEntityOrViewProcessor.process(EntityOrViewProcessor.kt:49)
	at androidx.room.processor.PojoProcessor.processRelationField(PojoProcessor.kt:540)
	at androidx.room.processor.PojoProcessor.doProcess(PojoProcessor.kt:205)
	at androidx.room.processor.PojoProcessor.access$doProcess(PojoProcessor.kt:56)
	at androidx.room.processor.PojoProcessor$process$1.invoke(PojoProcessor.kt:112)
	at androidx.room.processor.PojoProcessor$process$1.invoke(PojoProcessor.kt:109)
	at androidx.room.processor.cache.Cache$Bucket.get(Cache.kt:53)
	at androidx.room.processor.PojoProcessor.process(PojoProcessor.kt:109)
	at androidx.room.processor.NonEntityOrViewProcessor.process(EntityOrViewProcessor.kt:49)
	at androidx.room.processor.PojoProcessor.processRelationField(PojoProcessor.kt:540)
	at androidx.room.processor.PojoProcessor.doProcess(PojoProcessor.kt:205)
	at androidx.room.processor.PojoProcessor.access$doProcess(PojoProcessor.kt:56)
	at androidx.room.processor.PojoProcessor$process$1.invoke(PojoProcessor.kt:112)
	at androidx.room.processor.PojoProcessor$process$1.invoke(PojoProcessor.kt:109)
	at androidx.room.processor.cache.Cache$Bucket.get(Cache.kt:53)
	at androidx.room.processor.PojoProcessor.process(PojoProcessor.kt:109)
	at androidx.room.processor.NonEntityOrViewProcessor.process(EntityOrViewProcessor.kt:49)
	at androidx.room.processor.PojoProcessor.processRelationField(PojoProcessor.kt:540)
	at androidx.room.processor.PojoProcessor.doProcess(PojoProcessor.kt:205)
	at androidx.room.processor.PojoProcessor.access$doProcess(PojoProcessor.kt:56)
	at androidx.room.processor.PojoProcessor$process$1.invoke(PojoProcessor.kt:112)
	at androidx.room.processor.PojoProcessor$process$1.invoke(PojoProcessor.kt:109)
	at androidx.room.processor.cache.Cache$Bucket.get(Cache.kt:53)
	at androidx.room.processor.PojoProcessor.process(PojoProcessor.kt:109)
	at androidx.room.processor.NonEntityOrViewProcessor.process(EntityOrViewProcessor.kt:49)
	at androidx.room.processor.PojoProcessor.processRelationField(PojoProcessor.kt:540)
	at androidx.room.processor.PojoProcessor.doProcess(PojoProcessor.kt:205)
	at androidx.room.processor.PojoProcessor.access$doProcess(PojoProcessor.kt:56)
	at androidx.room.processor.PojoProcessor$process$1.invoke(PojoProcessor.kt:112)
	at androidx.room.processor.PojoProcessor$process$1.invoke(PojoProcessor.kt:109)
	at androidx.room.processor.cache.Cache$Bucket.get(Cache.kt:53)
	at androidx.room.processor.PojoProcessor.process(PojoProcessor.kt:109)
	at androidx.room.processor.NonEntityOrViewProcessor.process(EntityOrViewProcessor.kt:49)
	at androidx.room.processor.PojoProcessor.processRelationField(PojoProcessor.kt:540)
	at androidx.room.processor.PojoProcessor.doProcess(PojoProcessor.kt:205)
	at androidx.room.processor.PojoProcessor.access$doProcess(PojoProcessor.kt:56)
	at androidx.room.processor.PojoProcessor$process$1.invoke(PojoProcessor.kt:112)
	at androidx.room.processor.PojoProcessor$process$1.invoke(PojoProcessor.kt:109)
	at androidx.room.processor.cache.Cache$Bucket.get(Cache.kt:53)
	at androidx.room.processor.PojoProcessor.process(PojoProcessor.kt:109)
	at androidx.room.processor.NonEntityOrViewProcessor.process(EntityOrViewProcessor.kt:49)
	at androidx.room.processor.PojoProcessor.processRelationField(PojoProcessor.kt:540)
	at androidx.room.processor.PojoProcessor.doProcess(PojoProcessor.kt:205)
	at androidx.room.processor.PojoProcessor.access$doProcess(PojoProcessor.kt:56)
	at androidx.room.processor.PojoProcessor$process$1.invoke(PojoProcessor.kt:112)
	at androidx.room.processor.PojoProcessor$process$1.invoke(PojoProcessor.kt:109)
	at androidx.room.processor.cache.Cache$Bucket.get(Cache.kt:53)
	at androidx.room.processor.PojoProcessor.process(PojoProcessor.kt:109)
	at androidx.room.processor.NonEntityOrViewProcessor.process(EntityOrViewProcessor.kt:49)
	at androidx.room.processor.PojoProcessor.processRelationField(PojoProcessor.kt:540)
	at androidx.room.processor.PojoProcessor.doProcess(PojoProcessor.kt:205)
	at androidx.room.processor.PojoProcessor.access$doProcess(PojoProcessor.kt:56)
	at androidx.room.processor.PojoProcessor$process$1.invoke(PojoProcessor.kt:112)
	at androidx.room.processor.PojoProcessor$process$1.invoke(PojoProcessor.kt:109)
	at androidx.room.processor.cache.Cache$Bucket.get(Cache.kt:53)
	at androidx.room.processor.PojoProcessor.process(PojoProcessor.kt:109)
	at androidx.room.processor.NonEntityOrViewProcessor.process(EntityOrViewProcessor.kt:49)
	at androidx.room.processor.PojoProcessor.processRelationField(PojoProcessor.kt:540)
	at androidx.room.processor.PojoProcessor.doProcess(PojoProcessor.kt:205)
	at androidx.room.processor.PojoProcessor.access$doProcess(PojoProcessor.kt:56)
	at androidx.room.processor.PojoProcessor$process$1.invoke(PojoProcessor.kt:112)
	at androidx.room.processor.PojoProcessor$process$1.invoke(PojoProcessor.kt:109)
	at androidx.room.processor.cache.Cache$Bucket.get(Cache.kt:53)
	at androidx.room.processor.PojoProcessor.process(PojoProcessor.kt:109)
	at androidx.room.processor.NonEntityOrViewProcessor.process(EntityOrViewProcessor.kt:49)
	at androidx.room.processor.PojoProcessor.processRelationField(PojoProcessor.kt:540)
	at androidx.room.processor.PojoProcessor.doProcess(PojoProcessor.kt:205)
	at androidx.room.processor.PojoProcessor.access$doProcess(PojoProcessor.kt:56)
	at androidx.room.processor.PojoProcessor$process$1.invoke(PojoProcessor.kt:112)
	at androidx.room.processor.PojoProcessor$process$1.invoke(PojoProcessor.kt:109)
	at androidx.room.processor.cache.Cache$Bucket.get(Cache.kt:53)
	at androidx.room.processor.PojoProcessor.process(PojoProcessor.kt:109)
	at androidx.room.processor.NonEntityOrViewProcessor.process(EntityOrViewProcessor.kt:49)
	at androidx.room.processor.PojoProcessor.processRelationField(PojoProcessor.kt:540)
	at androidx.room.processor.PojoProcessor.doProcess(PojoProcessor.kt:205)
	at androidx.room.processor.PojoProcessor.access$doProcess(PojoProcessor.kt:56)
	at androidx.room.processor.PojoProcessor$process$1.invoke(PojoProcessor.kt:112)
	at androidx.room.processor.PojoProcessor$process$1.invoke(PojoProcessor.kt:109)
	at androidx.room.processor.cache.Cache$Bucket.get(Cache.kt:53)
	at androidx.room.processor.PojoProcessor.process(PojoProcessor.kt:109)
	at androidx.room.processor.NonEntityOrViewProcessor.process(EntityOrViewProcessor.kt:49)
	at androidx.room.processor.PojoProcessor.processRelationField(PojoProcessor.kt:540)
	at androidx.room.processor.PojoProcessor.doProcess(PojoProcessor.kt:205)
	at androidx.room.processor.PojoProcessor.access$doProcess(PojoProcessor.kt:56)
	at androidx.room.processor.PojoProcessor$process$1.invoke(PojoProcessor.kt:112)
	at androidx.room.processor.PojoProcessor$process$1.invoke(PojoProcessor.kt:109)
	at androidx.room.processor.cache.Cache$Bucket.get(Cache.kt:53)
	at androidx.room.processor.PojoProcessor.process(PojoProcessor.kt:109)
	at androidx.room.processor.NonEntityOrViewProcessor.process(EntityOrViewProcessor.kt:49)
	at androidx.room.processor.PojoProcessor.processRelationField(PojoProcessor.kt:540)
	at androidx.room.processor.PojoProcessor.doProcess(PojoProcessor.kt:205)
	at androidx.room.processor.PojoProcessor.access$doProcess(PojoProcessor.kt:56)
	at androidx.room.processor.PojoProcessor$process$1.invoke(PojoProcessor.kt:112)
	at androidx.room.processor.PojoProcessor$process$1.invoke(PojoProcessor.kt:109)
	at androidx.room.processor.cache.Cache$Bucket.get(Cache.kt:53)
	at androidx.room.processor.PojoProcessor.process(PojoProcessor.kt:109)
	at androidx.room.processor.NonEntityOrViewProcessor.process(EntityOrViewProcessor.kt:49)
	at androidx.room.processor.PojoProcessor.processRelationField(PojoProcessor.kt:540)
	at androidx.room.processor.PojoProcessor.doProcess(PojoProcessor.kt:205)
	at androidx.room.processor.PojoProcessor.access$doProcess(PojoProcessor.kt:56)
	at androidx.room.processor.PojoProcessor$process$1.invoke(PojoProcessor.kt:112)
	at androidx.room.processor.PojoProcessor$process$1.invoke(PojoProcessor.kt:109)
	at androidx.room.processor.cache.Cache$Bucket.get(Cache.kt:53)
	at androidx.room.processor.PojoProcessor.process(PojoProcessor.kt:109)
	at androidx.room.processor.NonEntityOrViewProcessor.process(EntityOrViewProcessor.kt:49)
	at androidx.room.processor.PojoProcessor.processRelationField(PojoProcessor.kt:540)
	at androidx.room.processor.PojoProcessor.doProcess(PojoProcessor.kt:205)
	at androidx.room.processor.PojoProcessor.access$doProcess(PojoProcessor.kt:56)
	at androidx.room.processor.PojoProcessor$process$1.invoke(PojoProcessor.kt:112)
	at androidx.room.processor.PojoProcessor$process$1.invoke(PojoProcessor.kt:109)
	at androidx.room.processor.cache.Cache$Bucket.get(Cache.kt:53)
	at androidx.room.processor.PojoProcessor.process(PojoProcessor.kt:109)
	at androidx.room.processor.NonEntityOrViewProcessor.process(EntityOrViewProcessor.kt:49)
	at androidx.room.processor.PojoProcessor.processRelationField(PojoProcessor.kt:540)
	at androidx.room.processor.PojoProcessor.doProcess(PojoProcessor.kt:205)
	at androidx.room.processor.PojoProcessor.access$doProcess(PojoProcessor.kt:56)
	at androidx.room.processor.PojoProcessor$process$1.invoke(PojoProcessor.kt:112)
	at androidx.room.processor.PojoProcessor$process$1.invoke(PojoProcessor.kt:109)
	at androidx.room.processor.cache.Cache$Bucket.get(Cache.kt:53)
	at androidx.room.processor.PojoProcessor.process(PojoProcessor.kt:109)
	at androidx.room.processor.NonEntityOrViewProcessor.process(EntityOrViewProcessor.kt:49)
	at androidx.room.processor.PojoProcessor.processRelationField(PojoProcessor.kt:540)
	at androidx.room.processor.PojoProcessor.doProcess(PojoProcessor.kt:205)
	at androidx.room.processor.PojoProcessor.access$doProcess(PojoProcessor.kt:56)
	at androidx.room.processor.PojoProcessor$process$1.invoke(PojoProcessor.kt:112)
	at androidx.room.processor.PojoProcessor$process$1.invoke(PojoProcessor.kt:109)
	at androidx.room.processor.cache.Cache$Bucket.get(Cache.kt:53)
	at androidx.room.processor.PojoProcessor.process(PojoProcessor.kt:109)
	at androidx.room.processor.NonEntityOrViewProcessor.process(EntityOrViewProcessor.kt:49)
	at androidx.room.processor.PojoProcessor.processRelationField(PojoProcessor.kt:540)
	at androidx.room.processor.PojoProcessor.doProcess(PojoProcessor.kt:205)
	at androidx.room.processor.PojoProcessor.access$doProcess(PojoProcessor.kt:56)
	at androidx.room.processor.PojoProcessor$process$1.invoke(PojoProcessor.kt:112)
	at androidx.room.processor.PojoProcessor$process$1.invoke(PojoProcessor.kt:109)
	at androidx.room.processor.cache.Cache$Bucket.get(Cache.kt:53)
	at androidx.room.processor.PojoProcessor.process(PojoProcessor.kt:109)
	at androidx.room.processor.NonEntityOrViewProcessor.process(EntityOrViewProcessor.kt:49)
	at androidx.room.processor.PojoProcessor.processRelationField(PojoProcessor.kt:540)
	at androidx.room.processor.PojoProcessor.doProcess(PojoProcessor.kt:205)
	at androidx.room.processor.PojoProcessor.access$doProcess(PojoProcessor.kt:56)
	at androidx.room.processor.PojoProcessor$process$1.invoke(PojoProcessor.kt:112)
	at androidx.room.processor.PojoProcessor$process$1.invoke(PojoProcessor.kt:109)
	at androidx.room.processor.cache.Cache$Bucket.get(Cache.kt:53)
	at androidx.room.processor.PojoProcessor.process(PojoProcessor.kt:109)
	at androidx.room.processor.NonEntityOrViewProcessor.process(EntityOrViewProcessor.kt:49)
	at androidx.room.processor.PojoProcessor.processRelationField(PojoProcessor.kt:540)
	at androidx.room.processor.PojoProcessor.doProcess(PojoProcessor.kt:205)
	at androidx.room.processor.PojoProcessor.access$doProcess(PojoProcessor.kt:56)
	at androidx.room.processor.PojoProcessor$process$1.invoke(PojoProcessor.kt:112)
	at androidx.room.processor.PojoProcessor$process$1.invoke(PojoProcessor.kt:109)
	at androidx.room.processor.cache.Cache$Bucket.get(Cache.kt:53)
	at androidx.room.processor.PojoProcessor.process(PojoProcessor.kt:109)
	at androidx.room.processor.NonEntityOrViewProcessor.process(EntityOrViewProcessor.kt:49)
	at androidx.room.processor.PojoProcessor.processRelationField(PojoProcessor.kt:540)
	at androidx.room.processor.PojoProcessor.doProcess(PojoProcessor.kt:205)
	at androidx.room.processor.PojoProcessor.access$doProcess(PojoProcessor.kt:56)
	at androidx.room.processor.PojoProcessor$process$1.invoke(PojoProcessor.kt:112)
	at androidx.room.processor.PojoProcessor$process$1.invoke(PojoProcessor.kt:109)
	at androidx.room.processor.cache.Cache$Bucket.get(Cache.kt:53)
	at androidx.room.processor.PojoProcessor.process(PojoProcessor.kt:109)
	at androidx.room.processor.NonEntityOrViewProcessor.process(EntityOrViewProcessor.kt:49)
	at androidx.room.processor.PojoProcessor.processRelationField(PojoProcessor.kt:540)
	at androidx.room.processor.PojoProcessor.doProcess(PojoProcessor.kt:205)
	at androidx.room.processor.PojoProcessor.access$doProcess(PojoProcessor.kt:56)
	at androidx.room.processor.PojoProcessor$process$1.invoke(PojoProcessor.kt:112)
	at androidx.room.processor.PojoProcessor$process$1.invoke(PojoProcessor.kt:109)
	at androidx.room.processor.cache.Cache$Bucket.get(Cache.kt:53)
	at androidx.room.processor.PojoProcessor.process(PojoProcessor.kt:109)
	at androidx.room.processor.NonEntityOrViewProcessor.process(EntityOrViewProcessor.kt:49)
	at androidx.room.processor.PojoProcessor.processRelationField(PojoProcessor.kt:540)
	at androidx.room.processor.PojoProcessor.doProcess(PojoProcessor.kt:205)
	at androidx.room.processor.PojoProcessor.access$doProcess(PojoProcessor.kt:56)
	at androidx.room.processor.PojoProcessor$process$1.invoke(PojoProcessor.kt:112)
	at androidx.room.processor.PojoProcessor$process$1.invoke(PojoProcessor.kt:109)
	at androidx.room.processor.cache.Cache$Bucket.get(Cache.kt:53)
	at androidx.room.processor.PojoProcessor.process(PojoProcessor.kt:109)
	at androidx.room.processor.NonEntityOrViewProcessor.process(EntityOrViewProcessor.kt:49)
	at androidx.room.processor.PojoProcessor.processRelationField(PojoProcessor.kt:540)
	at androidx.room.processor.PojoProcessor.doProcess(PojoProcessor.kt:205)
	at androidx.room.processor.PojoProcessor.access$doProcess(PojoProcessor.kt:56)
	at androidx.room.processor.PojoProcessor$process$1.invoke(PojoProcessor.kt:112)
	at androidx.room.processor.PojoProcessor$process$1.invoke(PojoProcessor.kt:109)
	at androidx.room.processor.cache.Cache$Bucket.get(Cache.kt:53)
	at androidx.room.processor.PojoProcessor.process(PojoProcessor.kt:109)
	at androidx.room.processor.NonEntityOrViewProcessor.process(EntityOrViewProcessor.kt:49)
	at androidx.room.processor.PojoProcessor.processRelationField(PojoProcessor.kt:540)
	at androidx.room.processor.PojoProcessor.doProcess(PojoProcessor.kt:205)
	at androidx.room.processor.PojoProcessor.access$doProcess(PojoProcessor.kt:56)
	at androidx.room.processor.PojoProcessor$process$1.invoke(PojoProcessor.kt:112)
	at androidx.room.processor.PojoProcessor$process$1.invoke(PojoProcessor.kt:109)
	at androidx.room.processor.cache.Cache$Bucket.get(Cache.kt:53)
	at androidx.room.processor.PojoProcessor.process(PojoProcessor.kt:109)
	at androidx.room.processor.NonEntityOrViewProcessor.process(EntityOrViewProcessor.kt:49)
	at androidx.room.processor.PojoProcessor.processRelationField(PojoProcessor.kt:540)
	at androidx.room.processor.PojoProcessor.doProcess(PojoProcessor.kt:205)
	at androidx.room.processor.PojoProcessor.access$doProcess(PojoProcessor.kt:56)
	at androidx.room.processor.PojoProcessor$process$1.invoke(PojoProcessor.kt:112)
	at androidx.room.processor.PojoProcessor$process$1.invoke(PojoProcessor.kt:109)
	at androidx.room.processor.cache.Cache$Bucket.get(Cache.kt:53)
	at androidx.room.processor.PojoProcessor.process(PojoProcessor.kt:109)
	at androidx.room.processor.NonEntityOrViewProcessor.process(EntityOrViewProcessor.kt:49)
	at androidx.room.processor.PojoProcessor.processRelationField(PojoProcessor.kt:540)
	at androidx.room.processor.PojoProcessor.doProcess(PojoProcessor.kt:205)
	at androidx.room.processor.PojoProcessor.access$doProcess(PojoProcessor.kt:56)
	at androidx.room.processor.PojoProcessor$process$1.invoke(PojoProcessor.kt:112)
	at androidx.room.processor.PojoProcessor$process$1.invoke(PojoProcessor.kt:109)
	at androidx.room.processor.cache.Cache$Bucket.get(Cache.kt:53)
	at androidx.room.processor.PojoProcessor.process(PojoProcessor.kt:109)
	at androidx.room.processor.NonEntityOrViewProcessor.process(EntityOrViewProcessor.kt:49)
	at androidx.room.processor.PojoProcessor.processRelationField(PojoProcessor.kt:540)
	at androidx.room.processor.PojoProcessor.doProcess(PojoProcessor.kt:205)
	at androidx.room.processor.PojoProcessor.access$doProcess(PojoProcessor.kt:56)
	at androidx.room.processor.PojoProcessor$process$1.invoke(PojoProcessor.kt:112)
	at androidx.room.processor.PojoProcessor$process$1.invoke(PojoProcessor.kt:109)
	at androidx.room.processor.cache.Cache$Bucket.get(Cache.kt:53)
	at androidx.room.processor.PojoProcessor.process(PojoProcessor.kt:109)
	at androidx.room.processor.NonEntityOrViewProcessor.process(EntityOrViewProcessor.kt:49)
	at androidx.room.processor.PojoProcessor.processRelationField(PojoProcessor.kt:540)
	at androidx.room.processor.PojoProcessor.doProcess(PojoProcessor.kt:205)
	at androidx.room.processor.PojoProcessor.access$doProcess(PojoProcessor.kt:56)
	at androidx.room.processor.PojoProcessor$process$1.invoke(PojoProcessor.kt:112)
	at androidx.room.processor.PojoProcessor$process$1.invoke(PojoProcessor.kt:109)
	at androidx.room.processor.cache.Cache$Bucket.get(Cache.kt:53)
	at androidx.room.processor.PojoProcessor.process(PojoProcessor.kt:109)
	at androidx.room.processor.NonEntityOrViewProcessor.process(EntityOrViewProcessor.kt:49)
	at androidx.room.processor.PojoProcessor.processRelationField(PojoProcessor.kt:540)
	at androidx.room.processor.PojoProcessor.doProcess(PojoProcessor.kt:205)
	at androidx.room.processor.PojoProcessor.access$doProcess(PojoProcessor.kt:56)
	at androidx.room.processor.PojoProcessor$process$1.invoke(PojoProcessor.kt:112)
	at androidx.room.processor.PojoProcessor$process$1.invoke(PojoProcessor.kt:109)
	at androidx.room.processor.cache.Cache$Bucket.get(Cache.kt:53)
	at androidx.room.processor.PojoProcessor.process(PojoProcessor.kt:109)
	at androidx.room.processor.NonEntityOrViewProcessor.process(EntityOrViewProcessor.kt:49)
	at androidx.room.processor.PojoProcessor.processRelationField(PojoProcessor.kt:540)
	at androidx.room.processor.PojoProcessor.doProcess(PojoProcessor.kt:205)
	at androidx.room.processor.PojoProcessor.access$doProcess(PojoProcessor.kt:56)
	at androidx.room.processor.PojoProcessor$process$1.invoke(PojoProcessor.kt:112)
	at androidx.room.processor.PojoProcessor$process$1.invoke(PojoProcessor.kt:109)
	at androidx.room.processor.cache.Cache$Bucket.get(Cache.kt:53)
	at androidx.room.processor.PojoProcessor.process(PojoProcessor.kt:109)
	at androidx.room.processor.NonEntityOrViewProcessor.process(EntityOrViewProcessor.kt:49)
	at androidx.room.processor.PojoProcessor.processRelationField(PojoProcessor.kt:540)
	at androidx.room.processor.PojoProcessor.doProcess(PojoProcessor.kt:205)
	at androidx.room.processor.PojoProcessor.access$doProcess(PojoProcessor.kt:56)
	at androidx.room.processor.PojoProcessor$process$1.invoke(PojoProcessor.kt:112)
	at androidx.room.processor.PojoProcessor$process$1.invoke(PojoProcessor.kt:109)
	at androidx.room.processor.cache.Cache$Bucket.get(Cache.kt:53)
	at androidx.room.processor.PojoProcessor.process(PojoProcessor.kt:109)
	at androidx.room.processor.NonEntityOrViewProcessor.process(EntityOrViewProcessor.kt:49)
	at androidx.room.processor.PojoProcessor.processRelationField(PojoProcessor.kt:540)
	at androidx.room.processor.PojoProcessor.doProcess(PojoProcessor.kt:205)
	at androidx.room.processor.PojoProcessor.access$doProcess(PojoProcessor.kt:56)
	at androidx.room.processor.PojoProcessor$process$1.invoke(PojoProcessor.kt:112)
	at androidx.room.processor.PojoProcessor$process$1.invoke(PojoProcessor.kt:109)
	at androidx.room.processor.cache.Cache$Bucket.get(Cache.kt:53)
	at androidx.room.processor.PojoProcessor.process(PojoProcessor.kt:109)
	at androidx.room.processor.NonEntityOrViewProcessor.process(EntityOrViewProcessor.kt:49)
	at androidx.room.processor.PojoProcessor.processRelationField(PojoProcessor.kt:540)
	at androidx.room.processor.PojoProcessor.doProcess(PojoProcessor.kt:205)
	at androidx.room.processor.PojoProcessor.access$doProcess(PojoProcessor.kt:56)
	at androidx.room.processor.PojoProcessor$process$1.invoke(PojoProcessor.kt:112)
	at androidx.room.processor.PojoProcessor$process$1.invoke(PojoProcessor.kt:109)
	at androidx.room.processor.cache.Cache$Bucket.get(Cache.kt:53)
	at androidx.room.processor.PojoProcessor.process(PojoProcessor.kt:109)
	at androidx.room.processor.NonEntityOrViewProcessor.process(EntityOrViewProcessor.kt:49)
	at androidx.room.processor.PojoProcessor.processRelationField(PojoProcessor.kt:540)
	at androidx.room.processor.PojoProcessor.doProcess(PojoProcessor.kt:205)
	at androidx.room.processor.PojoProcessor.access$doProcess(PojoProcessor.kt:56)
	at androidx.room.processor.PojoProcessor$process$1.invoke(PojoProcessor.kt:112)
	at androidx.room.processor.PojoProcessor$process$1.invoke(PojoProcessor.kt:109)
	at androidx.room.processor.cache.Cache$Bucket.get(Cache.kt:53)
	at androidx.room.processor.PojoProcessor.process(PojoProcessor.kt:109)
	at androidx.room.processor.NonEntityOrViewProcessor.process(EntityOrViewProcessor.kt:49)
	at androidx.room.processor.PojoProcessor.processRelationField(PojoProcessor.kt:540)
	at androidx.room.processor.PojoProcessor.doProcess(PojoProcessor.kt:205)
	at androidx.room.processor.PojoProcessor.access$doProcess(PojoProcessor.kt:56)
	at androidx.room.processor.PojoProcessor$process$1.invoke(PojoProcessor.kt:112)
	at androidx.room.processor.PojoProcessor$process$1.invoke(PojoProcessor.kt:109)
	at androidx.room.processor.cache.Cache$Bucket.get(Cache.kt:53)
	at androidx.room.processor.PojoProcessor.process(PojoProcessor.kt:109)
	at androidx.room.processor.NonEntityOrViewProcessor.process(EntityOrViewProcessor.kt:49)
	at androidx.room.processor.PojoProcessor.processRelationField(PojoProcessor.kt:540)
	at androidx.room.processor.PojoProcessor.doProcess(PojoProcessor.kt:205)
	at androidx.room.processor.PojoProcessor.access$doProcess(PojoProcessor.kt:56)
	at androidx.room.processor.PojoProcessor$process$1.invoke(PojoProcessor.kt:112)
	at androidx.room.processor.PojoProcessor$process$1.invoke(PojoProcessor.kt:109)
	at androidx.room.processor.cache.Cache$Bucket.get(Cache.kt:53)
	at androidx.room.processor.PojoProcessor.process(PojoProcessor.kt:109)
	at androidx.room.processor.NonEntityOrViewProcessor.process(EntityOrViewProcessor.kt:49)
	at androidx.room.processor.PojoProcessor.processRelationField(PojoProcessor.kt:540)
	at androidx.room.processor.PojoProcessor.doProcess(PojoProcessor.kt:205)
	at androidx.room.processor.PojoProcessor.access$doProcess(PojoProcessor.kt:56)
	at androidx.room.processor.PojoProcessor$process$1.invoke(PojoProcessor.kt:112)
	at androidx.room.processor.PojoProcessor$process$1.invoke(PojoProcessor.kt:109)
	at androidx.room.processor.cache.Cache$Bucket.get(Cache.kt:53)
	at androidx.room.processor.PojoProcessor.process(PojoProcessor.kt:109)
	at androidx.room.processor.NonEntityOrViewProcessor.process(EntityOrViewProcessor.kt:49)
	at androidx.room.processor.PojoProcessor.processRelationField(PojoProcessor.kt:540)
	at androidx.room.processor.PojoProcessor.doProcess(PojoProcessor.kt:205)
	at androidx.room.processor.PojoProcessor.access$doProcess(PojoProcessor.kt:56)
	at androidx.room.processor.PojoProcessor$process$1.invoke(PojoProcessor.kt:112)
	at androidx.room.processor.PojoProcessor$process$1.invoke(PojoProcessor.kt:109)
	at androidx.room.processor.cache.Cache$Bucket.get(Cache.kt:53)
	at androidx.room.processor.PojoProcessor.process(PojoProcessor.kt:109)
	at androidx.room.processor.NonEntityOrViewProcessor.process(EntityOrViewProcessor.kt:49)
	at androidx.room.processor.PojoProcessor.processRelationField(PojoProcessor.kt:540)
	at androidx.room.processor.PojoProcessor.doProcess(PojoProcessor.kt:205)
	at androidx.room.processor.PojoProcessor.access$doProcess(PojoProcessor.kt:56)
	at androidx.room.processor.PojoProcessor$process$1.invoke(PojoProcessor.kt:112)
	at androidx.room.processor.PojoProcessor$process$1.invoke(PojoProcessor.kt:109)
	at androidx.room.processor.cache.Cache$Bucket.get(Cache.kt:53)
	at androidx.room.processor.PojoProcessor.process(PojoProcessor.kt:109)
	at androidx.room.processor.NonEntityOrViewProcessor.process(EntityOrViewProcessor.kt:49)
	at androidx.room.processor.PojoProcessor.processRelationField(PojoProcessor.kt:540)
	at androidx.room.processor.PojoProcessor.doProcess(PojoProcessor.kt:205)
	at androidx.room.processor.PojoProcessor.access$doProcess(PojoProcessor.kt:56)
	at androidx.room.processor.PojoProcessor$process$1.invoke(PojoProcessor.kt:112)
	at androidx.room.processor.PojoProcessor$process$1.invoke(PojoProcessor.kt:109)
	at androidx.room.processor.cache.Cache$Bucket.get(Cache.kt:53)
	at androidx.room.processor.PojoProcessor.process(PojoProcessor.kt:109)
	at androidx.room.processor.NonEntityOrViewProcessor.process(EntityOrViewProcessor.kt:49)
	at androidx.room.processor.PojoProcessor.processRelationField(PojoProcessor.kt:540)
	at androidx.room.processor.PojoProcessor.doProcess(PojoProcessor.kt:205)
	at androidx.room.processor.PojoProcessor.access$doProcess(PojoProcessor.kt:56)
	at androidx.room.processor.PojoProcessor$process$1.invoke(PojoProcessor.kt:112)
	at androidx.room.processor.PojoProcessor$process$1.invoke(PojoProcessor.kt:109)
	at androidx.room.processor.cache.Cache$Bucket.get(Cache.kt:53)
	at androidx.room.processor.PojoProcessor.process(PojoProcessor.kt:109)
	at androidx.room.processor.NonEntityOrViewProcessor.process(EntityOrViewProcessor.kt:49)
	at androidx.room.processor.PojoProcessor.processRelationField(PojoProcessor.kt:540)
	at androidx.room.processor.PojoProcessor.doProcess(PojoProcessor.kt:205)
	at androidx.room.processor.PojoProcessor.access$doProcess(PojoProcessor.kt:56)
	at androidx.room.processor.PojoProcessor$process$1.invoke(PojoProcessor.kt:112)
	at androidx.room.processor.PojoProcessor$process$1.invoke(PojoProcessor.kt:109)
	at androidx.room.processor.cache.Cache$Bucket.get(Cache.kt:53)
	at androidx.room.processor.PojoProcessor.process(PojoProcessor.kt:109)
	at androidx.room.processor.NonEntityOrViewProcessor.process(EntityOrViewProcessor.kt:49)
	at androidx.room.processor.PojoProcessor.processRelationField(PojoProcessor.kt:540)
	at androidx.room.processor.PojoProcessor.doProcess(PojoProcessor.kt:205)
	at androidx.room.processor.PojoProcessor.access$doProcess(PojoProcessor.kt:56)
	at androidx.room.processor.PojoProcessor$process$1.invoke(PojoProcessor.kt:112)
	at androidx.room.processor.PojoProcessor$process$1.invoke(PojoProcessor.kt:109)
	at androidx.room.processor.cache.Cache$Bucket.get(Cache.kt:53)
	at androidx.room.processor.PojoProcessor.process(PojoProcessor.kt:109)
	at androidx.room.processor.NonEntityOrViewProcessor.process(EntityOrViewProcessor.kt:49)
	at androidx.room.processor.PojoProcessor.processRelationField(PojoProcessor.kt:540)
	at androidx.room.processor.PojoProcessor.doProcess(PojoProcessor.kt:205)
	at androidx.room.processor.PojoProcessor.access$doProcess(PojoProcessor.kt:56)
	at androidx.room.processor.PojoProcessor$process$1.invoke(PojoProcessor.kt:112)
	at androidx.room.processor.PojoProcessor$process$1.invoke(PojoProcessor.kt:109)
	at androidx.room.processor.cache.Cache$Bucket.get(Cache.kt:53)
	at androidx.room.processor.PojoProcessor.process(PojoProcessor.kt:109)
	at androidx.room.processor.NonEntityOrViewProcessor.process(EntityOrViewProcessor.kt:49)
	at androidx.room.processor.PojoProcessor.processRelationField(PojoProcessor.kt:540)
	at androidx.room.processor.PojoProcessor.doProcess(PojoProcessor.kt:205)
	at androidx.room.processor.PojoProcessor.access$doProcess(PojoProcessor.kt:56)
	at androidx.room.processor.PojoProcessor$process$1.invoke(PojoProcessor.kt:112)
	at androidx.room.processor.PojoProcessor$process$1.invoke(PojoProcessor.kt:109)
	at androidx.room.processor.cache.Cache$Bucket.get(Cache.kt:53)
	at androidx.room.processor.PojoProcessor.process(PojoProcessor.kt:109)
	at androidx.room.processor.NonEntityOrViewProcessor.process(EntityOrViewProcessor.kt:49)
	at androidx.room.processor.PojoProcessor.processRelationField(PojoProcessor.kt:540)
	at androidx.room.processor.PojoProcessor.doProcess(PojoProcessor.kt:205)
	at androidx.room.processor.PojoProcessor.access$doProcess(PojoProcessor.kt:56)
	at androidx.room.processor.PojoProcessor$process$1.invoke(PojoProcessor.kt:112)
	at androidx.room.processor.PojoProcessor$process$1.invoke(PojoProcessor.kt:109)
	at androidx.room.processor.cache.Cache$Bucket.get(Cache.kt:53)
	at androidx.room.processor.PojoProcessor.process(PojoProcessor.kt:109)
	at androidx.room.processor.NonEntityOrViewProcessor.process(EntityOrViewProcessor.kt:49)
	at androidx.room.processor.PojoProcessor.processRelationField(PojoProcessor.kt:540)
	at androidx.room.processor.PojoProcessor.doProcess(PojoProcessor.kt:205)
	at androidx.room.processor.PojoProcessor.access$doProcess(PojoProcessor.kt:56)
	at androidx.room.processor.PojoProcessor$process$1.invoke(PojoProcessor.kt:112)
	at androidx.room.processor.PojoProcessor$process$1.invoke(PojoProcessor.kt:109)
	at androidx.room.processor.cache.Cache$Bucket.get(Cache.kt:53)
	at androidx.room.processor.PojoProcessor.process(PojoProcessor.kt:109)
	at androidx.room.processor.NonEntityOrViewProcessor.process(EntityOrViewProcessor.kt:49)
	at androidx.room.processor.PojoProcessor.processRelationField(PojoProcessor.kt:540)
	at androidx.room.processor.PojoProcessor.doProcess(PojoProcessor.kt:205)
	at androidx.room.processor.PojoProcessor.access$doProcess(PojoProcessor.kt:56)
	at androidx.room.processor.PojoProcessor$process$1.invoke(PojoProcessor.kt:112)
	at androidx.room.processor.PojoProcessor$process$1.invoke(PojoProcessor.kt:109)
	at androidx.room.processor.cache.Cache$Bucket.get(Cache.kt:53)
	at androidx.room.processor.PojoProcessor.process(PojoProcessor.kt:109)
	at androidx.room.processor.NonEntityOrViewProcessor.process(EntityOrViewProcessor.kt:49)
	at androidx.room.processor.PojoProcessor.processRelationField(PojoProcessor.kt:540)
	at androidx.room.processor.PojoProcessor.doProcess(PojoProcessor.kt:205)
	at androidx.room.processor.PojoProcessor.access$doProcess(PojoProcessor.kt:56)
	at androidx.room.processor.PojoProcessor$process$1.invoke(PojoProcessor.kt:112)
	at androidx.room.processor.PojoProcessor$process$1.invoke(PojoProcessor.kt:109)
	at androidx.room.processor.cache.Cache$Bucket.get(Cache.kt:53)
	at androidx.room.processor.PojoProcessor.process(PojoProcessor.kt:109)
	at androidx.room.processor.NonEntityOrViewProcessor.process(EntityOrViewProcessor.kt:49)
	at androidx.room.processor.PojoProcessor.processRelationField(PojoProcessor.kt:540)
	at androidx.room.processor.PojoProcessor.doProcess(PojoProcessor.kt:205)
	at androidx.room.processor.PojoProcessor.access$doProcess(PojoProcessor.kt:56)
	at androidx.room.processor.PojoProcessor$process$1.invoke(PojoProcessor.kt:112)
	at androidx.room.processor.PojoProcessor$process$1.invoke(PojoProcessor.kt:109)
	at androidx.room.processor.cache.Cache$Bucket.get(Cache.kt:53)
	at androidx.room.processor.PojoProcessor.process(PojoProcessor.kt:109)
	at androidx.room.processor.NonEntityOrViewProcessor.process(EntityOrViewProcessor.kt:49)
	at androidx.room.processor.PojoProcessor.processRelationField(PojoProcessor.kt:540)
	at androidx.room.processor.PojoProcessor.doProcess(PojoProcessor.kt:205)
	at androidx.room.processor.PojoProcessor.access$doProcess(PojoProcessor.kt:56)
	at androidx.room.processor.PojoProcessor$process$1.invoke(PojoProcessor.kt:112)
	at androidx.room.processor.PojoProcessor$process$1.invoke(PojoProcessor.kt:109)
	at androidx.room.processor.cache.Cache$Bucket.get(Cache.kt:53)
	at androidx.room.processor.PojoProcessor.process(PojoProcessor.kt:109)
	at androidx.room.processor.NonEntityOrViewProcessor.process(EntityOrViewProcessor.kt:49)
	at androidx.room.processor.PojoProcessor.processRelationField(PojoProcessor.kt:540)
	at androidx.room.processor.PojoProcessor.doProcess(PojoProcessor.kt:205)
	at androidx.room.processor.PojoProcessor.access$doProcess(PojoProcessor.kt:56)
	at androidx.room.processor.PojoProcessor$process$1.invoke(PojoProcessor.kt:112)
	at androidx.room.processor.PojoProcessor$process$1.invoke(PojoProcessor.kt:109)
	at androidx.room.processor.cache.Cache$Bucket.get(Cache.kt:53)
	at androidx.room.processor.PojoProcessor.process(PojoProcessor.kt:109)
	at androidx.room.processor.NonEntityOrViewProcessor.process(EntityOrViewProcessor.kt:49)
	at androidx.room.processor.PojoProcessor.processRelationField(PojoProcessor.kt:540)
	at androidx.room.processor.PojoProcessor.doProcess(PojoProcessor.kt:205)
	at androidx.room.processor.PojoProcessor.access$doProcess(PojoProcessor.kt:56)
	at androidx.room.processor.PojoProcessor$process$1.invoke(PojoProcessor.kt:112)
	at androidx.room.processor.PojoProcessor$process$1.invoke(PojoProcessor.kt:109)
	at androidx.room.processor.cache.Cache$Bucket.get(Cache.kt:53)
	at androidx.room.processor.PojoProcessor.process(PojoProcessor.kt:109)
	at androidx.room.processor.NonEntityOrViewProcessor.process(EntityOrViewProcessor.kt:49)
	at androidx.room.processor.PojoProcessor.processRelationField(PojoProcessor.kt:540)
	at androidx.room.processor.PojoProcessor.doProcess(PojoProcessor.kt:205)
	at androidx.room.processor.PojoProcessor.access$doProcess(PojoProcessor.kt:56)
	at androidx.room.processor.PojoProcessor$process$1.invoke(PojoProcessor.kt:112)
	at androidx.room.processor.PojoProcessor$process$1.invoke(PojoProcessor.kt:109)
	at androidx.room.processor.cache.Cache$Bucket.get(Cache.kt:53)
	at androidx.room.processor.PojoProcessor.process(PojoProcessor.kt:109)
	at androidx.room.processor.NonEntityOrViewProcessor.process(EntityOrViewProcessor.kt:49)
	at androidx.room.processor.PojoProcessor.processRelationField(PojoProcessor.kt:540)
	at androidx.room.processor.PojoProcessor.doProcess(PojoProcessor.kt:205)
	at androidx.room.processor.PojoProcessor.access$doProcess(PojoProcessor.kt:56)
	at androidx.room.processor.PojoProcessor$process$1.invoke(PojoProcessor.kt:112)
	at androidx.room.processor.PojoProcessor$process$1.invoke(PojoProcessor.kt:109)
	at androidx.room.processor.cache.Cache$Bucket.get(Cache.kt:53)
	at androidx.room.processor.PojoProcessor.process(PojoProcessor.kt:109)
	at androidx.room.processor.NonEntityOrViewProcessor.process(EntityOrViewProcessor.kt:49)
	at androidx.room.processor.PojoProcessor.processRelationField(PojoProcessor.kt:540)
	at androidx.room.processor.PojoProcessor.doProcess(PojoProcessor.kt:205)
	at androidx.room.processor.PojoProcessor.access$doProcess(PojoProcessor.kt:56)
	at androidx.room.processor.PojoProcessor$process$1.invoke(PojoProcessor.kt:112)
	at androidx.room.processor.PojoProcessor$process$1.invoke(PojoProcessor.kt:109)
	at androidx.room.processor.cache.Cache$Bucket.get(Cache.kt:53)
	at androidx.room.processor.PojoProcessor.process(PojoProcessor.kt:109)
	at androidx.room.processor.NonEntityOrViewProcessor.process(EntityOrViewProcessor.kt:49)
	at androidx.room.processor.PojoProcessor.processRelationField(PojoProcessor.kt:540)
	at androidx.room.processor.PojoProcessor.doProcess(PojoProcessor.kt:205)
	at androidx.room.processor.PojoProcessor.access$doProcess(PojoProcessor.kt:56)
	at androidx.room.processor.PojoProcessor$process$1.invoke(PojoProcessor.kt:112)
	at androidx.room.processor.PojoProcessor$process$1.invoke(PojoProcessor.kt:109)
	at androidx.room.processor.cache.Cache$Bucket.get(Cache.kt:53)
	at androidx.room.processor.PojoProcessor.process(PojoProcessor.kt:109)
	at androidx.room.processor.NonEntityOrViewProcessor.process(EntityOrViewProcessor.kt:49)
	at androidx.room.processor.PojoProcessor.processRelationField(PojoProcessor.kt:540)
	at androidx.room.processor.PojoProcessor.doProcess(PojoProcessor.kt:205)
	at androidx.room.processor.PojoProcessor.access$doProcess(PojoProcessor.kt:56)
	at androidx.room.processor.PojoProcessor$process$1.invoke(PojoProcessor.kt:112)
	at androidx.room.processor.PojoProcessor$process$1.invoke(PojoProcessor.kt:109)
	at androidx.room.processor.cache.Cache$Bucket.get(Cache.kt:53)
	at androidx.room.processor.PojoProcessor.process(PojoProcessor.kt:109)
	at androidx.room.processor.NonEntityOrViewProcessor.process(EntityOrViewProcessor.kt:49)
	at androidx.room.processor.PojoProcessor.processRelationField(PojoProcessor.kt:540)
	at androidx.room.processor.PojoProcessor.doProcess(PojoProcessor.kt:205)
	at androidx.room.processor.PojoProcessor.access$doProcess(PojoProcessor.kt:56)
	at androidx.room.processor.PojoProcessor$process$1.invoke(PojoProcessor.kt:112)
	at androidx.room.processor.PojoProcessor$process$1.invoke(PojoProcessor.kt:109)
	at androidx.room.processor.cache.Cache$Bucket.get(Cache.kt:53)
	at androidx.room.processor.PojoProcessor.process(PojoProcessor.kt:109)
	at androidx.room.processor.NonEntityOrViewProcessor.process(EntityOrViewProcessor.kt:49)
	at androidx.room.processor.PojoProcessor.processRelationField(PojoProcessor.kt:540)
	at androidx.room.processor.PojoProcessor.doProcess(PojoProcessor.kt:205)
	at androidx.room.processor.PojoProcessor.access$doProcess(PojoProcessor.kt:56)
	at androidx.room.processor.PojoProcessor$process$1.invoke(PojoProcessor.kt:112)
	at androidx.room.processor.PojoProcessor$process$1.invoke(PojoProcessor.kt:109)
	at androidx.room.processor.cache.Cache$Bucket.get(Cache.kt:53)
	at androidx.room.processor.PojoProcessor.process(PojoProcessor.kt:109)
	at androidx.room.processor.NonEntityOrViewProcessor.process(EntityOrViewProcessor.kt:49)
	at androidx.room.processor.PojoProcessor.processRelationField(PojoProcessor.kt:540)
	at androidx.room.processor.PojoProcessor.doProcess(PojoProcessor.kt:205)
	at androidx.room.processor.PojoProcessor.access$doProcess(PojoProcessor.kt:56)
	at androidx.room.processor.PojoProcessor$process$1.invoke(PojoProcessor.kt:112)
	at androidx.room.processor.PojoProcessor$process$1.invoke(PojoProcessor.kt:109)
	at androidx.room.processor.cache.Cache$Bucket.get(Cache.kt:53)
	at androidx.room.processor.PojoProcessor.process(PojoProcessor.kt:109)
	at androidx.room.processor.NonEntityOrViewProcessor.process(EntityOrViewProcessor.kt:49)
	at androidx.room.processor.PojoProcessor.processRelationField(PojoProcessor.kt:540)
	at androidx.room.processor.PojoProcessor.doProcess(PojoProcessor.kt:205)
	at androidx.room.processor.PojoProcessor.access$doProcess(PojoProcessor.kt:56)
	at androidx.room.processor.PojoProcessor$process$1.invoke(PojoProcessor.kt:112)
	at androidx.room.processor.PojoProcessor$process$1.invoke(PojoProcessor.kt:109)
	at androidx.room.processor.cache.Cache$Bucket.get(Cache.kt:53)
	at androidx.room.processor.PojoProcessor.process(PojoProcessor.kt:109)
	at androidx.room.processor.NonEntityOrViewProcessor.process(EntityOrViewProcessor.kt:49)
	at androidx.room.processor.PojoProcessor.processRelationField(PojoProcessor.kt:540)
	at androidx.room.processor.PojoProcessor.doProcess(PojoProcessor.kt:205)
	at androidx.room.processor.PojoProcessor.access$doProcess(PojoProcessor.kt:56)
	at androidx.room.processor.PojoProcessor$process$1.invoke(PojoProcessor.kt:112)
	at androidx.room.processor.PojoProcessor$process$1.invoke(PojoProcessor.kt:109)
	at androidx.room.processor.cache.Cache$Bucket.get(Cache.kt:53)
	at androidx.room.processor.PojoProcessor.process(PojoProcessor.kt:109)
	at androidx.room.processor.NonEntityOrViewProcessor.process(EntityOrViewProcessor.kt:49)
	at androidx.room.processor.PojoProcessor.processRelationField(PojoProcessor.kt:540)
	at androidx.room.processor.PojoProcessor.doProcess(PojoProcessor.kt:205)
	at androidx.room.processor.PojoProcessor.access$doProcess(PojoProcessor.kt:56)
	at androidx.room.processor.PojoProcessor$process$1.invoke(PojoProcessor.kt:112)
	at androidx.room.processor.PojoProcessor$process$1.invoke(PojoProcessor.kt:109)
	at androidx.room.processor.cache.Cache$Bucket.get(Cache.kt:53)
	at androidx.room.processor.PojoProcessor.process(PojoProcessor.kt:109)
	at androidx.room.processor.NonEntityOrViewProcessor.process(EntityOrViewProcessor.kt:49)
	at androidx.room.processor.PojoProcessor.processRelationField(PojoProcessor.kt:540)
	at androidx.room.processor.PojoProcessor.doProcess(PojoProcessor.kt:205)
	at androidx.room.processor.PojoProcessor.access$doProcess(PojoProcessor.kt:56)
	at androidx.room.processor.PojoProcessor$process$1.invoke(PojoProcessor.kt:112)
	at androidx.room.processor.PojoProcessor$process$1.invoke(PojoProcessor.kt:109)
	at androidx.room.processor.cache.Cache$Bucket.get(Cache.kt:53)
	at androidx.room.processor.PojoProcessor.process(PojoProcessor.kt:109)
	at androidx.room.processor.NonEntityOrViewProcessor.process(EntityOrViewProcessor.kt:49)
	at androidx.room.processor.PojoProcessor.processRelationField(PojoProcessor.kt:540)
	at androidx.room.processor.PojoProcessor.doProcess(PojoProcessor.kt:205)
	at androidx.room.processor.PojoProcessor.access$doProcess(PojoProcessor.kt:56)
	at androidx.room.processor.PojoProcessor$process$1.invoke(PojoProcessor.kt:112)
	at androidx.room.processor.PojoProcessor$process$1.invoke(PojoProcessor.kt:109)
	at androidx.room.processor.cache.Cache$Bucket.get(Cache.kt:53)
	at androidx.room.processor.PojoProcessor.process(PojoProcessor.kt:109)
	at androidx.room.processor.NonEntityOrViewProcessor.process(EntityOrViewProcessor.kt:49)
	at androidx.room.processor.PojoProcessor.processRelationField(PojoProcessor.kt:540)
	at androidx.room.processor.PojoProcessor.doProcess(PojoProcessor.kt:205)
	at androidx.room.processor.PojoProcessor.access$doProcess(PojoProcessor.kt:56)
	at androidx.room.processor.PojoProcessor$process$1.invoke(PojoProcessor.kt:112)
	at androidx.room.processor.PojoProcessor$process$1.invoke(PojoProcessor.kt:109)
	at androidx.room.processor.cache.Cache$Bucket.get(Cache.kt:53)
	at androidx.room.processor.PojoProcessor.process(PojoProcessor.kt:109)
	at androidx.room.processor.NonEntityOrViewProcessor.process(EntityOrViewProcessor.kt:49)
	at androidx.room.processor.PojoProcessor.processRelationField(PojoProcessor.kt:540)
	at androidx.room.processor.PojoProcessor.doProcess(PojoProcessor.kt:205)
	at androidx.room.processor.PojoProcessor.access$doProcess(PojoProcessor.kt:56)
	at androidx.room.processor.PojoProcessor$process$1.invoke(PojoProcessor.kt:112)
	at androidx.room.processor.PojoProcessor$process$1.invoke(PojoProcessor.kt:109)
	at androidx.room.processor.cache.Cache$Bucket.get(Cache.kt:53)
	at androidx.room.processor.PojoProcessor.process(PojoProcessor.kt:109)
	at androidx.room.processor.NonEntityOrViewProcessor.process(EntityOrViewProcessor.kt:49)
	at androidx.room.processor.PojoProcessor.processRelationField(PojoProcessor.kt:540)
	at androidx.room.processor.PojoProcessor.doProcess(PojoProcessor.kt:205)
	at androidx.room.processor.PojoProcessor.access$doProcess(PojoProcessor.kt:56)
	at androidx.room.processor.PojoProcessor$process$1.invoke(PojoProcessor.kt:112)
	at androidx.room.processor.PojoProcessor$process$1.invoke(PojoProcessor.kt:109)
	at androidx.room.processor.cache.Cache$Bucket.get(Cache.kt:53)
	at androidx.room.processor.PojoProcessor.process(PojoProcessor.kt:109)
	at androidx.room.processor.NonEntityOrViewProcessor.process(EntityOrViewProcessor.kt:49)
	at androidx.room.processor.PojoProcessor.processRelationField(PojoProcessor.kt:540)
	at androidx.room.processor.PojoProcessor.doProcess(PojoProcessor.kt:205)
	at androidx.room.processor.PojoProcessor.access$doProcess(PojoProcessor.kt:56)
	at androidx.room.processor.PojoProcessor$process$1.invoke(PojoProcessor.kt:112)
	at androidx.room.processor.PojoProcessor$process$1.invoke(PojoProcessor.kt:109)
	at androidx.room.processor.cache.Cache$Bucket.get(Cache.kt:53)
	at androidx.room.processor.PojoProcessor.process(PojoProcessor.kt:109)
	at androidx.room.processor.NonEntityOrViewProcessor.process(EntityOrViewProcessor.kt:49)
	at androidx.room.processor.PojoProcessor.processRelationField(PojoProcessor.kt:540)
	at androidx.room.processor.PojoProcessor.doProcess(PojoProcessor.kt:205)
	at androidx.room.processor.PojoProcessor.access$doProcess(PojoProcessor.kt:56)
	at androidx.room.processor.PojoProcessor$process$1.invoke(PojoProcessor.kt:112)
	at androidx.room.processor.PojoProcessor$process$1.invoke(PojoProcessor.kt:109)
	at androidx.room.processor.cache.Cache$Bucket.get(Cache.kt:53)
	at androidx.room.processor.PojoProcessor.process(PojoProcessor.kt:109)
	at androidx.room.processor.NonEntityOrViewProcessor.process(EntityOrViewProcessor.kt:49)
	at androidx.room.processor.PojoProcessor.processRelationField(PojoProcessor.kt:540)
	at androidx.room.processor.PojoProcessor.doProcess(PojoProcessor.kt:205)
	at androidx.room.processor.PojoProcessor.access$doProcess(PojoProcessor.kt:56)
	at androidx.room.processor.PojoProcessor$process$1.invoke(PojoProcessor.kt:112)
	at androidx.room.processor.PojoProcessor$process$1.invoke(PojoProcessor.kt:109)
	at androidx.room.processor.cache.Cache$Bucket.get(Cache.kt:53)
	at androidx.room.processor.PojoProcessor.process(PojoProcessor.kt:109)
	at androidx.room.processor.NonEntityOrViewProcessor.process(EntityOrViewProcessor.kt:49)
	at androidx.room.processor.PojoProcessor.processRelationField(PojoProcessor.kt:540)
	at androidx.room.processor.PojoProcessor.doProcess(PojoProcessor.kt:205)
	at androidx.room.processor.PojoProcessor.access$doProcess(PojoProcessor.kt:56)
	at androidx.room.processor.PojoProcessor$process$1.invoke(PojoProcessor.kt:112)
	at androidx.room.processor.PojoProcessor$process$1.invoke(PojoProcessor.kt:109)
	at androidx.room.processor.cache.Cache$Bucket.get(Cache.kt:53)
	at androidx.room.processor.PojoProcessor.process(PojoProcessor.kt:109)
	at androidx.room.processor.NonEntityOrViewProcessor.process(EntityOrViewProcessor.kt:49)
	at androidx.room.processor.PojoProcessor.processRelationField(PojoProcessor.kt:540)
	at androidx.room.processor.PojoProcessor.doProcess(PojoProcessor.kt:205)
	at androidx.room.processor.PojoProcessor.access$doProcess(PojoProcessor.kt:56)
	at androidx.room.processor.PojoProcessor$process$1.invoke(PojoProcessor.kt:112)
	at androidx.room.processor.PojoProcessor$process$1.invoke(PojoProcessor.kt:109)
	at androidx.room.processor.cache.Cache$Bucket.get(Cache.kt:53)
	at androidx.room.processor.PojoProcessor.process(PojoProcessor.kt:109)
	at androidx.room.processor.NonEntityOrViewProcessor.process(EntityOrViewProcessor.kt:49)
	at androidx.room.processor.PojoProcessor.processRelationField(PojoProcessor.kt:540)
	at androidx.room.processor.PojoProcessor.doProcess(PojoProcessor.kt:205)
	at androidx.room.processor.PojoProcessor.access$doProcess(PojoProcessor.kt:56)
	at androidx.room.processor.PojoProcessor$process$1.invoke(PojoProcessor.kt:112)
	at androidx.room.processor.PojoProcessor$process$1.invoke(PojoProcessor.kt:109)
	at androidx.room.processor.cache.Cache$Bucket.get(Cache.kt:53)
	at androidx.room.processor.PojoProcessor.process(PojoProcessor.kt:109)
	at androidx.room.processor.NonEntityOrViewProcessor.process(EntityOrViewProcessor.kt:49)
	at androidx.room.processor.PojoProcessor.processRelationField(PojoProcessor.kt:540)
	at androidx.room.processor.PojoProcessor.doProcess(PojoProcessor.kt:205)
	at androidx.room.processor.PojoProcessor.access$doProcess(PojoProcessor.kt:56)
	at androidx.room.processor.PojoProcessor$process$1.invoke(PojoProcessor.kt:112)
	at androidx.room.processor.PojoProcessor$process$1.invoke(PojoProcessor.kt:109)
	at androidx.room.processor.cache.Cache$Bucket.get(Cache.kt:53)
	at androidx.room.processor.PojoProcessor.process(PojoProcessor.kt:109)
	at androidx.room.processor.NonEntityOrViewProcessor.process(EntityOrViewProcessor.kt:49)
	at androidx.room.processor.PojoProcessor.processRelationField(PojoProcessor.kt:540)
	at androidx.room.processor.PojoProcessor.doProcess(PojoProcessor.kt:205)
	at androidx.room.processor.PojoProcessor.access$doProcess(PojoProcessor.kt:56)
	at androidx.room.processor.PojoProcessor$process$1.invoke(PojoProcessor.kt:112)
	at androidx.room.processor.PojoProcessor$process$1.invoke(PojoProcessor.kt:109)
	at androidx.room.processor.cache.Cache$Bucket.get(Cache.kt:53)
	at androidx.room.processor.PojoProcessor.process(PojoProcessor.kt:109)
	at androidx.room.processor.NonEntityOrViewProcessor.process(EntityOrViewProcessor.kt:49)
	at androidx.room.processor.PojoProcessor.processRelationField(PojoProcessor.kt:540)
	at androidx.room.processor.PojoProcessor.doProcess(PojoProcessor.kt:205)
	at androidx.room.processor.PojoProcessor.access$doProcess(PojoProcessor.kt:56)
	at androidx.room.processor.PojoProcessor$process$1.invoke(PojoProcessor.kt:112)
	at androidx.room.processor.PojoProcessor$process$1.invoke(PojoProcessor.kt:109)
	at androidx.room.processor.cache.Cache$Bucket.get(Cache.kt:53)
	at androidx.room.processor.PojoProcessor.process(PojoProcessor.kt:109)
	at androidx.room.processor.NonEntityOrViewProcessor.process(EntityOrViewProcessor.kt:49)
	at androidx.room.processor.PojoProcessor.processRelationField(PojoProcessor.kt:540)
	at androidx.room.processor.PojoProcessor.doProcess(PojoProcessor.kt:205)
	at androidx.room.processor.PojoProcessor.access$doProcess(PojoProcessor.kt:56)
	at androidx.room.processor.PojoProcessor$process$1.invoke(PojoProcessor.kt:112)
	at androidx.room.processor.PojoProcessor$process$1.invoke(PojoProcessor.kt:109)
	at androidx.room.processor.cache.Cache$Bucket.get(Cache.kt:53)
	at androidx.room.processor.PojoProcessor.process(PojoProcessor.kt:109)
	at androidx.room.processor.NonEntityOrViewProcessor.process(EntityOrViewProcessor.kt:49)
	at androidx.room.processor.PojoProcessor.processRelationField(PojoProcessor.kt:540)
	at androidx.room.processor.PojoProcessor.doProcess(PojoProcessor.kt:205)
	at androidx.room.processor.PojoProcessor.access$doProcess(PojoProcessor.kt:56)
	at androidx.room.processor.PojoProcessor$process$1.invoke(PojoProcessor.kt:112)
	at androidx.room.processor.PojoProcessor$process$1.invoke(PojoProcessor.kt:109)
	at androidx.room.processor.cache.Cache$Bucket.get(Cache.kt:53)
	at androidx.room.processor.PojoProcessor.process(PojoProcessor.kt:109)
	at androidx.room.processor.NonEntityOrViewProcessor.process(EntityOrViewProcessor.kt:49)
	at androidx.room.processor.PojoProcessor.processRelationField(PojoProcessor.kt:540)
	at androidx.room.processor.PojoProcessor.doProcess(PojoProcessor.kt:205)
	at androidx.room.processor.PojoProcessor.access$doProcess(PojoProcessor.kt:56)
	at androidx.room.processor.PojoProcessor$process$1.invoke(PojoProcessor.kt:112)
	at androidx.room.processor.PojoProcessor$process$1.invoke(PojoProcessor.kt:109)
	at androidx.room.processor.cache.Cache$Bucket.get(Cache.kt:53)
	at androidx.room.processor.PojoProcessor.process(PojoProcessor.kt:109)
	at androidx.room.processor.NonEntityOrViewProcessor.process(EntityOrViewProcessor.kt:49)
	at androidx.room.processor.PojoProcessor.processRelationField(PojoProcessor.kt:540)
	at androidx.room.processor.PojoProcessor.doProcess(PojoProcessor.kt:205)
	at androidx.room.processor.PojoProcessor.access$doProcess(PojoProcessor.kt:56)
	at androidx.room.processor.PojoProcessor$process$1.invoke(PojoProcessor.kt:112)
	at androidx.room.processor.PojoProcessor$process$1.invoke(PojoProcessor.kt:109)
	at androidx.room.processor.cache.Cache$Bucket.get(Cache.kt:53)
	at androidx.room.processor.PojoProcessor.process(PojoProcessor.kt:109)
	at androidx.room.processor.NonEntityOrViewProcessor.process(EntityOrViewProcessor.kt:49)
	at androidx.room.processor.PojoProcessor.processRelationField(PojoProcessor.kt:540)
	at androidx.room.processor.PojoProcessor.doProcess(PojoProcessor.kt:205)
	at androidx.room.processor.PojoProcessor.access$doProcess(PojoProcessor.kt:56)
	at androidx.room.processor.PojoProcessor$process$1.invoke(PojoProcessor.kt:112)
	at androidx.room.processor.PojoProcessor$process$1.invoke(PojoProcessor.kt:109)
	at androidx.room.processor.cache.Cache$Bucket.get(Cache.kt:53)
	at androidx.room.processor.PojoProcessor.process(PojoProcessor.kt:109)
	at androidx.room.processor.NonEntityOrViewProcessor.process(EntityOrViewProcessor.kt:49)
	at androidx.room.processor.PojoProcessor.processRelationField(PojoProcessor.kt:540)
	at androidx.room.processor.PojoProcessor.doProcess(PojoProcessor.kt:205)
	at androidx.room.processor.PojoProcessor.access$doProcess(PojoProcessor.kt:56)
	at androidx.room.processor.PojoProcessor$process$1.invoke(PojoProcessor.kt:112)
	at androidx.room.processor.PojoProcessor$process$1.invoke(PojoProcessor.kt:109)
	at androidx.room.processor.cache.Cache$Bucket.get(Cache.kt:53)
	at androidx.room.processor.PojoProcessor.process(PojoProcessor.kt:109)
	at androidx.room.processor.NonEntityOrViewProcessor.process(EntityOrViewProcessor.kt:49)
	at androidx.room.processor.PojoProcessor.processRelationField(PojoProcessor.kt:540)
	at androidx.room.processor.PojoProcessor.doProcess(PojoProcessor.kt:205)
	at androidx.room.processor.PojoProcessor.access$doProcess(PojoProcessor.kt:56)
	at androidx.room.processor.PojoProcessor$process$1.invoke(PojoProcessor.kt:112)
	at androidx.room.processor.PojoProcessor$process$1.invoke(PojoProcessor.kt:109)
	at androidx.room.processor.cache.Cache$Bucket.get(Cache.kt:53)
	at androidx.room.processor.PojoProcessor.process(PojoProcessor.kt:109)
	at androidx.room.processor.NonEntityOrViewProcessor.process(EntityOrViewProcessor.kt:49)
	at androidx.room.processor.PojoProcessor.processRelationField(PojoProcessor.kt:540)
	at androidx.room.processor.PojoProcessor.doProcess(PojoProcessor.kt:205)
	at androidx.room.processor.PojoProcessor.access$doProcess(PojoProcessor.kt:56)
	at androidx.room.processor.PojoProcessor$process$1.invoke(PojoProcessor.kt:112)
	at androidx.room.processor.PojoProcessor$process$1.invoke(PojoProcessor.kt:109)
	at androidx.room.processor.cache.Cache$Bucket.get(Cache.kt:53)
	at androidx.room.processor.PojoProcessor.process(PojoProcessor.kt:109)
	at androidx.room.processor.NonEntityOrViewProcessor.process(EntityOrViewProcessor.kt:49)
	at androidx.room.processor.PojoProcessor.processRelationField(PojoProcessor.kt:540)
	at androidx.room.processor.PojoProcessor.doProcess(PojoProcessor.kt:205)
	at androidx.room.processor.PojoProcessor.access$doProcess(PojoProcessor.kt:56)
	at androidx.room.processor.PojoProcessor$process$1.invoke(PojoProcessor.kt:112)
	at androidx.room.processor.PojoProcessor$process$1.invoke(PojoProcessor.kt:109)
	at androidx.room.processor.cache.Cache$Bucket.get(Cache.kt:53)
	at androidx.room.processor.PojoProcessor.process(PojoProcessor.kt:109)
	at androidx.room.processor.NonEntityOrViewProcessor.process(EntityOrViewProcessor.kt:49)
	at androidx.room.processor.PojoProcessor.processRelationField(PojoProcessor.kt:540)
	at androidx.room.processor.PojoProcessor.doProcess(PojoProcessor.kt:205)
	at androidx.room.processor.PojoProcessor.access$doProcess(PojoProcessor.kt:56)
	at androidx.room.processor.PojoProcessor$process$1.invoke(PojoProcessor.kt:112)
	at androidx.room.processor.PojoProcessor$process$1.invoke(PojoProcessor.kt:109)
	at androidx.room.processor.cache.Cache$Bucket.get(Cache.kt:53)
	at androidx.room.processor.PojoProcessor.process(PojoProcessor.kt:109)
	at androidx.room.processor.NonEntityOrViewProcessor.process(EntityOrViewProcessor.kt:49)
	at androidx.room.processor.PojoProcessor.processRelationField(PojoProcessor.kt:540)
	at androidx.room.processor.PojoProcessor.doProcess(PojoProcessor.kt:205)
	at androidx.room.processor.PojoProcessor.access$doProcess(PojoProcessor.kt:56)
	at androidx.room.processor.PojoProcessor$process$1.invoke(PojoProcessor.kt:112)
	at androidx.room.processor.PojoProcessor$process$1.invoke(PojoProcessor.kt:109)
	at androidx.room.processor.cache.Cache$Bucket.get(Cache.kt:53)
	at androidx.room.processor.PojoProcessor.process(PojoProcessor.kt:109)
	at androidx.room.processor.NonEntityOrViewProcessor.process(EntityOrViewProcessor.kt:49)
	at androidx.room.processor.PojoProcessor.processRelationField(PojoProcessor.kt:540)
	at androidx.room.processor.PojoProcessor.doProcess(PojoProcessor.kt:205)
	at androidx.room.processor.PojoProcessor.access$doProcess(PojoProcessor.kt:56)
	at androidx.room.processor.PojoProcessor$process$1.invoke(PojoProcessor.kt:112)
	at androidx.room.processor.PojoProcessor$process$1.invoke(PojoProcessor.kt:109)
	at androidx.room.processor.cache.Cache$Bucket.get(Cache.kt:53)
	at androidx.room.processor.PojoProcessor.process(PojoProcessor.kt:109)
	at androidx.room.processor.NonEntityOrViewProcessor.process(EntityOrViewProcessor.kt:49)
	at androidx.room.processor.PojoProcessor.processRelationField(PojoProcessor.kt:540)
	at androidx.room.processor.PojoProcessor.doProcess(PojoProcessor.kt:205)
	at androidx.room.processor.PojoProcessor.access$doProcess(PojoProcessor.kt:56)
	at androidx.room.processor.PojoProcessor$process$1.invoke(PojoProcessor.kt:112)
	at androidx.room.processor.PojoProcessor$process$1.invoke(PojoProcessor.kt:109)
	at androidx.room.processor.cache.Cache$Bucket.get(Cache.kt:53)
	at androidx.room.processor.PojoProcessor.process(PojoProcessor.kt:109)
	at androidx.room.processor.NonEntityOrViewProcessor.process(EntityOrViewProcessor.kt:49)
	at androidx.room.processor.PojoProcessor.processRelationField(PojoProcessor.kt:540)
	at androidx.room.processor.PojoProcessor.doProcess(PojoProcessor.kt:205)
	at androidx.room.processor.PojoProcessor.access$doProcess(PojoProcessor.kt:56)
	at androidx.room.processor.PojoProcessor$process$1.invoke(PojoProcessor.kt:112)
	at androidx.room.processor.PojoProcessor$process$1.invoke(PojoProcessor.kt:109)
	at androidx.room.processor.cache.Cache$Bucket.get(Cache.kt:53)
	at androidx.room.processor.PojoProcessor.process(PojoProcessor.kt:109)
	at androidx.room.processor.NonEntityOrViewProcessor.process(EntityOrViewProcessor.kt:49)
	at androidx.room.processor.PojoProcessor.processRelationField(PojoProcessor.kt:540)
	at androidx.room.processor.PojoProcessor.doProcess(PojoProcessor.kt:205)
	at androidx.room.processor.PojoProcessor.access$doProcess(PojoProcessor.kt:56)
	at androidx.room.processor.PojoProcessor$process$1.invoke(PojoProcessor.kt:112)
	at androidx.room.processor.PojoProcessor$process$1.invoke(PojoProcessor.kt:109)
	at androidx.room.processor.cache.Cache$Bucket.get(Cache.kt:53)
	at androidx.room.processor.PojoProcessor.process(PojoProcessor.kt:109)
	at androidx.room.processor.NonEntityOrViewProcessor.process(EntityOrViewProcessor.kt:49)
	at androidx.room.processor.PojoProcessor.processRelationField(PojoProcessor.kt:540)
	at androidx.room.processor.PojoProcessor.doProcess(PojoProcessor.kt:205)
	at androidx.room.processor.PojoProcessor.access$doProcess(PojoProcessor.kt:56)
	at androidx.room.processor.PojoProcessor$process$1.invoke(PojoProcessor.kt:112)
	at androidx.room.processor.PojoProcessor$process$1.invoke(PojoProcessor.kt:109)
	at androidx.room.processor.cache.Cache$Bucket.get(Cache.kt:53)
	at androidx.room.processor.PojoProcessor.process(PojoProcessor.kt:109)
	at androidx.room.processor.NonEntityOrViewProcessor.process(EntityOrViewProcessor.kt:49)
	at androidx.room.processor.PojoProcessor.processRelationField(PojoProcessor.kt:540)
	at androidx.room.processor.PojoProcessor.doProcess(PojoProcessor.kt:205)
	at androidx.room.processor.PojoProcessor.access$doProcess(PojoProcessor.kt:56)
	at androidx.room.processor.PojoProcessor$process$1.invoke(PojoProcessor.kt:112)
	at androidx.room.processor.PojoProcessor$process$1.invoke(PojoProcessor.kt:109)
	at androidx.room.processor.cache.Cache$Bucket.get(Cache.kt:53)
	at androidx.room.processor.PojoProcessor.process(PojoProcessor.kt:109)
	at androidx.room.processor.NonEntityOrViewProcessor.process(EntityOrViewProcessor.kt:49)
	at androidx.room.processor.PojoProcessor.processRelationField(PojoProcessor.kt:540)
	at androidx.room.processor.PojoProcessor.doProcess(PojoProcessor.kt:205)
	at androidx.room.processor.PojoProcessor.access$doProcess(PojoProcessor.kt:56)
	at androidx.room.processor.PojoProcessor$process$1.invoke(PojoProcessor.kt:112)
	at androidx.room.processor.PojoProcessor$process$1.invoke(PojoProcessor.kt:109)
	at androidx.room.processor.cache.Cache$Bucket.get(Cache.kt:53)
	at androidx.room.processor.PojoProcessor.process(PojoProcessor.kt:109)
	at androidx.room.processor.NonEntityOrViewProcessor.process(EntityOrViewProcessor.kt:49)
	at androidx.room.processor.PojoProcessor.processRelationField(PojoProcessor.kt:540)
	at androidx.room.processor.PojoProcessor.doProcess(PojoProcessor.kt:205)
	at androidx.room.processor.PojoProcessor.access$doProcess(PojoProcessor.kt:56)
	at androidx.room.processor.PojoProcessor$process$1.invoke(PojoProcessor.kt:112)
	at androidx.room.processor.PojoProcessor$process$1.invoke(PojoProcessor.kt:109)
	at androidx.room.processor.cache.Cache$Bucket.get(Cache.kt:53)
	at androidx.room.processor.PojoProcessor.process(PojoProcessor.kt:109)
	at androidx.room.processor.NonEntityOrViewProcessor.process(EntityOrViewProcessor.kt:49)
	at androidx.room.processor.PojoProcessor.processRelationField(PojoProcessor.kt:540)
	at androidx.room.processor.PojoProcessor.doProcess(PojoProcessor.kt:205)
	at androidx.room.processor.PojoProcessor.access$doProcess(PojoProcessor.kt:56)
	at androidx.room.processor.PojoProcessor$process$1.invoke(PojoProcessor.kt:112)
	at androidx.room.processor.PojoProcessor$process$1.invoke(PojoProcessor.kt:109)
	at androidx.room.processor.cache.Cache$Bucket.get(Cache.kt:53)
	at androidx.room.processor.PojoProcessor.process(PojoProcessor.kt:109)
	at androidx.room.processor.NonEntityOrViewProcessor.process(EntityOrViewProcessor.kt:49)
	at androidx.room.processor.PojoProcessor.processRelationField(PojoProcessor.kt:540)
	at androidx.room.processor.PojoProcessor.doProcess(PojoProcessor.kt:205)
	at androidx.room.processor.PojoProcessor.access$doProcess(PojoProcessor.kt:56)
	at androidx.room.processor.PojoProcessor$process$1.invoke(PojoProcessor.kt:112)
	at androidx.room.processor.PojoProcessor$process$1.invoke(PojoProcessor.kt:109)
	at androidx.room.processor.cache.Cache$Bucket.get(Cache.kt:53)
	at androidx.room.processor.PojoProcessor.process(PojoProcessor.kt:109)
	at androidx.room.processor.NonEntityOrViewProcessor.process(EntityOrViewProcessor.kt:49)
	at androidx.room.processor.PojoProcessor.processRelationField(PojoProcessor.kt:540)
	at androidx.room.processor.PojoProcessor.doProcess(PojoProcessor.kt:205)
	at androidx.room.processor.PojoProcessor.access$doProcess(PojoProcessor.kt:56)
	at androidx.room.processor.PojoProcessor$process$1.invoke(PojoProcessor.kt:112)
	at androidx.room.processor.PojoProcessor$process$1.invoke(PojoProcessor.kt:109)
	at androidx.room.processor.cache.Cache$Bucket.get(Cache.kt:53)
	at androidx.room.processor.PojoProcessor.process(PojoProcessor.kt:109)
	at androidx.room.processor.NonEntityOrViewProcessor.process(EntityOrViewProcessor.kt:49)
	at androidx.room.processor.PojoProcessor.processRelationField(PojoProcessor.kt:540)
	at androidx.room.processor.PojoProcessor.doProcess(PojoProcessor.kt:205)
	at androidx.room.processor.PojoProcessor.access$doProcess(PojoProcessor.kt:56)
	at androidx.room.processor.PojoProcessor$process$1.invoke(PojoProcessor.kt:112)
	at androidx.room.processor.PojoProcessor$process$1.invoke(PojoProcessor.kt:109)
	at androidx.room.processor.cache.Cache$Bucket.get(Cache.kt:53)
	at androidx.room.processor.PojoProcessor.process(PojoProcessor.kt:109)
	at androidx.room.processor.NonEntityOrViewProcessor.process(EntityOrViewProcessor.kt:49)
	at androidx.room.processor.PojoProcessor.processRelationField(PojoProcessor.kt:540)
	at androidx.room.processor.PojoProcessor.doProcess(PojoProcessor.kt:205)
	at androidx.room.processor.PojoProcessor.access$doProcess(PojoProcessor.kt:56)
	at androidx.room.processor.PojoProcessor$process$1.invoke(PojoProcessor.kt:112)
	at androidx.room.processor.PojoProcessor$process$1.invoke(PojoProcessor.kt:109)
	at androidx.room.processor.cache.Cache$Bucket.get(Cache.kt:53)
	at androidx.room.processor.PojoProcessor.process(PojoProcessor.kt:109)
	at androidx.room.processor.NonEntityOrViewProcessor.process(EntityOrViewProcessor.kt:49)
	at androidx.room.processor.PojoProcessor.processRelationField(PojoProcessor.kt:540)
	at androidx.room.processor.PojoProcessor.doProcess(PojoProcessor.kt:205)
	at androidx.room.processor.PojoProcessor.access$doProcess(PojoProcessor.kt:56)
	at androidx.room.processor.PojoProcessor$process$1.invoke(PojoProcessor.kt:112)
	at androidx.room.processor.PojoProcessor$process$1.invoke(PojoProcessor.kt:109)
	at androidx.room.processor.cache.Cache$Bucket.get(Cache.kt:53)
	at androidx.room.processor.PojoProcessor.process(PojoProcessor.kt:109)
	at androidx.room.processor.NonEntityOrViewProcessor.process(EntityOrViewProcessor.kt:49)
	at androidx.room.processor.PojoProcessor.processRelationField(PojoProcessor.kt:540)
	at androidx.room.processor.PojoProcessor.doProcess(PojoProcessor.kt:205)
	at androidx.room.processor.PojoProcessor.access$doProcess(PojoProcessor.kt:56)
	at androidx.room.processor.PojoProcessor$process$1.invoke(PojoProcessor.kt:112)
	at androidx.room.processor.PojoProcessor$process$1.invoke(PojoProcessor.kt:109)
	at androidx.room.processor.cache.Cache$Bucket.get(Cache.kt:53)
	at androidx.room.processor.PojoProcessor.process(PojoProcessor.kt:109)
	at androidx.room.processor.NonEntityOrViewProcessor.process(EntityOrViewProcessor.kt:49)
	at androidx.room.processor.PojoProcessor.processRelationField(PojoProcessor.kt:540)
	at androidx.room.processor.PojoProcessor.doProcess(PojoProcessor.kt:205)
	at androidx.room.processor.PojoProcessor.access$doProcess(PojoProcessor.kt:56)
	at androidx.room.processor.PojoProcessor$process$1.invoke(PojoProcessor.kt:112)
	at androidx.room.processor.PojoProcessor$process$1.invoke(PojoProcessor.kt:109)
	at androidx.room.processor.cache.Cache$Bucket.get(Cache.kt:53)
	at androidx.room.processor.PojoProcessor.process(PojoProcessor.kt:109)
	at androidx.room.processor.NonEntityOrViewProcessor.process(EntityOrViewProcessor.kt:49)
	at androidx.room.processor.PojoProcessor.processRelationField(PojoProcessor.kt:540)
	at androidx.room.processor.PojoProcessor.doProcess(PojoProcessor.kt:205)
	at androidx.room.processor.PojoProcessor.access$doProcess(PojoProcessor.kt:56)
	at androidx.room.processor.PojoProcessor$process$1.invoke(PojoProcessor.kt:112)
	at androidx.room.processor.PojoProcessor$process$1.invoke(PojoProcessor.kt:109)
	at androidx.room.processor.cache.Cache$Bucket.get(Cache.kt:53)
	at androidx.room.processor.PojoProcessor.process(PojoProcessor.kt:109)
	at androidx.room.processor.NonEntityOrViewProcessor.process(EntityOrViewProcessor.kt:49)
	at androidx.room.processor.PojoProcessor.processRelationField(PojoProcessor.kt:540)
	at androidx.room.processor.PojoProcessor.doProcess(PojoProcessor.kt:205)
	at androidx.room.processor.PojoProcessor.access$doProcess(PojoProcessor.kt:56)
	at androidx.room.processor.PojoProcessor$process$1.invoke(PojoProcessor.kt:112)
	at androidx.room.processor.PojoProcessor$process$1.invoke(PojoProcessor.kt:109)
	at androidx.room.processor.cache.Cache$Bucket.get(Cache.kt:53)
	at androidx.room.processor.PojoProcessor.process(PojoProcessor.kt:109)
	at androidx.room.processor.NonEntityOrViewProcessor.process(EntityOrViewProcessor.kt:49)
	at androidx.room.processor.PojoProcessor.processRelationField(PojoProcessor.kt:540)
	at androidx.room.processor.PojoProcessor.doProcess(PojoProcessor.kt:205)
	at androidx.room.processor.PojoProcessor.access$doProcess(PojoProcessor.kt:56)
	at androidx.room.processor.PojoProcessor$process$1.invoke(PojoProcessor.kt:112)
	at androidx.room.processor.PojoProcessor$process$1.invoke(PojoProcessor.kt:109)
	at androidx.room.processor.cache.Cache$Bucket.get(Cache.kt:53)
	at androidx.room.processor.PojoProcessor.process(PojoProcessor.kt:109)
	at androidx.room.processor.NonEntityOrViewProcessor.process(EntityOrViewProcessor.kt:49)
	at androidx.room.processor.PojoProcessor.processRelationField(PojoProcessor.kt:540)
	at androidx.room.processor.PojoProcessor.doProcess(PojoProcessor.kt:205)
	at androidx.room.processor.PojoProcessor.access$doProcess(PojoProcessor.kt:56)
	at androidx.room.processor.PojoProcessor$process$1.invoke(PojoProcessor.kt:112)
	at androidx.room.processor.PojoProcessor$process$1.invoke(PojoProcessor.kt:109)
	at androidx.room.processor.cache.Cache$Bucket.get(Cache.kt:53)
	at androidx.room.processor.PojoProcessor.process(PojoProcessor.kt:109)
	at androidx.room.processor.NonEntityOrViewProcessor.process(EntityOrViewProcessor.kt:49)
	at androidx.room.processor.PojoProcessor.processRelationField(PojoProcessor.kt:540)
	at androidx.room.processor.PojoProcessor.doProcess(PojoProcessor.kt:205)
	at androidx.room.processor.PojoProcessor.access$doProcess(PojoProcessor.kt:56)
	at androidx.room.processor.PojoProcessor$process$1.invoke(PojoProcessor.kt:112)
	at androidx.room.processor.PojoProcessor$process$1.invoke(PojoProcessor.kt:109)
	at androidx.room.processor.cache.Cache$Bucket.get(Cache.kt:53)
	at androidx.room.processor.PojoProcessor.process(PojoProcessor.kt:109)
	at androidx.room.processor.NonEntityOrViewProcessor.process(EntityOrViewProcessor.kt:49)
	at androidx.room.processor.PojoProcessor.processRelationField(PojoProcessor.kt:540)
	at androidx.room.processor.PojoProcessor.doProcess(PojoProcessor.kt:205)
	at androidx.room.processor.PojoProcessor.access$doProcess(PojoProcessor.kt:56)
	at androidx.room.processor.PojoProcessor$process$1.invoke(PojoProcessor.kt:112)
	at androidx.room.processor.PojoProcessor$process$1.invoke(PojoProcessor.kt:109)
	at androidx.room.processor.cache.Cache$Bucket.get(Cache.kt:53)
	at androidx.room.processor.PojoProcessor.process(PojoProcessor.kt:109)
	at androidx.room.processor.NonEntityOrViewProcessor.process(EntityOrViewProcessor.kt:49)
	at androidx.room.processor.PojoProcessor.processRelationField(PojoProcessor.kt:540)
	at androidx.room.processor.PojoProcessor.doProcess(PojoProcessor.kt:205)
	at androidx.room.processor.PojoProcessor.access$doProcess(PojoProcessor.kt:56)
	at androidx.room.processor.PojoProcessor$process$1.invoke(PojoProcessor.kt:112)
	at androidx.room.processor.PojoProcessor$process$1.invoke(PojoProcessor.kt:109)
	at androidx.room.processor.cache.Cache$Bucket.get(Cache.kt:53)
	at androidx.room.processor.PojoProcessor.process(PojoProcessor.kt:109)
	at androidx.room.processor.NonEntityOrViewProcessor.process(EntityOrViewProcessor.kt:49)
	at androidx.room.processor.PojoProcessor.processRelationField(PojoProcessor.kt:540)
	at androidx.room.processor.PojoProcessor.doProcess(PojoProcessor.kt:205)
	at androidx.room.processor.PojoProcessor.access$doProcess(PojoProcessor.kt:56)
	at androidx.room.processor.PojoProcessor$process$1.invoke(PojoProcessor.kt:112)
	at androidx.room.processor.PojoProcessor$process$1.invoke(PojoProcessor.kt:109)
	at androidx.room.processor.cache.Cache$Bucket.get(Cache.kt:53)
	at androidx.room.processor.PojoProcessor.process(PojoProcessor.kt:109)
	at androidx.room.processor.NonEntityOrViewProcessor.process(EntityOrViewProcessor.kt:49)
	at androidx.room.processor.PojoProcessor.processRelationField(PojoProcessor.kt:540)
	at androidx.room.processor.PojoProcessor.doProcess(PojoProcessor.kt:205)
	at androidx.room.processor.PojoProcessor.access$doProcess(PojoProcessor.kt:56)
	at androidx.room.processor.PojoProcessor$process$1.invoke(PojoProcessor.kt:112)
	at androidx.room.processor.PojoProcessor$process$1.invoke(PojoProcessor.kt:109)
	at androidx.room.processor.cache.Cache$Bucket.get(Cache.kt:53)
	at androidx.room.processor.PojoProcessor.process(PojoProcessor.kt:109)
	at androidx.room.processor.NonEntityOrViewProcessor.process(EntityOrViewProcessor.kt:49)
	at androidx.room.processor.PojoProcessor.processRelationField(PojoProcessor.kt:540)
	at androidx.room.processor.PojoProcessor.doProcess(PojoProcessor.kt:205)
	at androidx.room.processor.PojoProcessor.access$doProcess(PojoProcessor.kt:56)
	at androidx.room.processor.PojoProcessor$process$1.invoke(PojoProcessor.kt:112)
	at androidx.room.processor.PojoProcessor$process$1.invoke(PojoProcessor.kt:109)
	at androidx.room.processor.cache.Cache$Bucket.get(Cache.kt:53)
	at androidx.room.processor.PojoProcessor.process(PojoProcessor.kt:109)
	at androidx.room.processor.NonEntityOrViewProcessor.process(EntityOrViewProcessor.kt:49)
	at androidx.room.processor.PojoProcessor.processRelationField(PojoProcessor.kt:540)
	at androidx.room.processor.PojoProcessor.doProcess(PojoProcessor.kt:205)
	at androidx.room.processor.PojoProcessor.access$doProcess(PojoProcessor.kt:56)
	at androidx.room.processor.PojoProcessor$process$1.invoke(PojoProcessor.kt:112)
	at androidx.room.processor.PojoProcessor$process$1.invoke(PojoProcessor.kt:109)
	at androidx.room.processor.cache.Cache$Bucket.get(Cache.kt:53)
	at androidx.room.processor.PojoProcessor.process(PojoProcessor.kt:109)
	at androidx.room.processor.NonEntityOrViewProcessor.process(EntityOrViewProcessor.kt:49)
	at androidx.room.processor.PojoProcessor.processRelationField(PojoProcessor.kt:540)
	at androidx.room.processor.PojoProcessor.doProcess(PojoProcessor.kt:205)
	at androidx.room.processor.PojoProcessor.access$doProcess(PojoProcessor.kt:56)
	at androidx.room.processor.PojoProcessor$process$1.invoke(PojoProcessor.kt:112)
	at androidx.room.processor.PojoProcessor$process$1.invoke(PojoProcessor.kt:109)
	at androidx.room.processor.cache.Cache$Bucket.get(Cache.kt:53)
	at androidx.room.processor.PojoProcessor.process(PojoProcessor.kt:109)
	at androidx.room.processor.NonEntityOrViewProcessor.process(EntityOrViewProcessor.kt:49)
	at androidx.room.processor.PojoProcessor.processRelationField(PojoProcessor.kt:540)
	at androidx.room.processor.PojoProcessor.doProcess(PojoProcessor.kt:205)
	at androidx.room.processor.PojoProcessor.access$doProcess(PojoProcessor.kt:56)
	at androidx.room.processor.PojoProcessor$process$1.invoke(PojoProcessor.kt:112)
	at androidx.room.processor.PojoProcessor$process$1.invoke(PojoProcessor.kt:109)
	at androidx.room.processor.cache.Cache$Bucket.get(Cache.kt:53)
	at androidx.room.processor.PojoProcessor.process(PojoProcessor.kt:109)
	at androidx.room.processor.NonEntityOrViewProcessor.process(EntityOrViewProcessor.kt:49)
	at androidx.room.processor.PojoProcessor.processRelationField(PojoProcessor.kt:540)


