kotlin version: 2.0.0
error message: java.lang.StackOverflowError
	at androidx.room.solver.prepared.binderprovider.RxPreparedQueryResultBinderProvider.<init>(RxPreparedQueryResultBinderProvider.kt:32)
	at androidx.room.solver.prepared.binderprovider.RxCompletablePreparedQueryResultBinderProvider.<init>(RxPreparedQueryResultBinderProvider.kt:73)
	at androidx.room.solver.prepared.binderprovider.RxPreparedQueryResultBinderProvider$Companion.getAll(RxPreparedQueryResultBinderProvider.kt:62)
	at androidx.room.solver.TypeAdapterStore.<init>(TypeAdapterStore.kt:227)
	at androidx.room.solver.TypeAdapterStore.<init>(TypeAdapterStore.kt)
	at androidx.room.solver.TypeAdapterStore$Companion.copy(TypeAdapterStore.kt:150)
	at androidx.room.processor.Context$typeAdapterStore$2.invoke(Context.kt:58)
	at androidx.room.processor.Context$typeAdapterStore$2.invoke(Context.kt:56)
	at kotlin.SynchronizedLazyImpl.getValue(LazyJVM.kt:74)
	at androidx.room.processor.Context.getTypeAdapterStore(Context.kt:56)
	at androidx.room.processor.Context.fork(Context.kt:249)
	at androidx.room.processor.Context.fork$default(Context.kt:206)
	at androidx.room.processor.PojoProcessor.<init>(PojoProcessor.kt:64)
	at androidx.room.processor.PojoProcessor.<init>(PojoProcessor.kt)
	at androidx.room.processor.PojoProcessor$Companion.createFor(PojoProcessor.kt:97)
	at androidx.room.processor.PojoProcessor.processEmbeddedField(PojoProcessor.kt:436)
	at androidx.room.processor.PojoProcessor.doProcess(PojoProcessor.kt:184)
	at androidx.room.processor.PojoProcessor.access$doProcess(PojoProcessor.kt:56)
	at androidx.room.processor.PojoProcessor$process$1.invoke(PojoProcessor.kt:112)
	at androidx.room.processor.PojoProcessor$process$1.invoke(PojoProcessor.kt:109)
	at androidx.room.processor.cache.Cache$Bucket.get(Cache.kt:53)
	at androidx.room.processor.PojoProcessor.process(PojoProcessor.kt:109)
	at androidx.room.processor.NonEntityOrViewProcessor.process(EntityOrViewProcessor.kt:49)
	at androidx.room.processor.PojoProcessor.processRelationField(PojoProcessor.kt:540)
	at androidx.room.processor.PojoProcessor.doProcess(PojoProcessor.kt:205)
	at androidx.room.processor.PojoProcessor.access$doProcess(PojoProcessor.kt:56)
	at androidx.room.processor.PojoProcessor$process$1.invoke(PojoProcessor.kt:112)
	at androidx.room.processor.PojoProcessor$process$1.invoke(PojoProcessor.kt:109)
	at androidx.room.processor.cache.Cache$Bucket.get(Cache.kt:53)
	at androidx.room.processor.PojoProcessor.process(PojoProcessor.kt:109)
	at androidx.room.processor.NonEntityOrViewProcessor.process(EntityOrViewProcessor.kt:49)
	at androidx.room.processor.PojoProcessor.processRelationField(PojoProcessor.kt:540)
	at androidx.room.processor.PojoProcessor.doProcess(PojoProcessor.kt:205)
	at androidx.room.processor.PojoProcessor.access$doProcess(PojoProcessor.kt:56)
	at androidx.room.processor.PojoProcessor$process$1.invoke(PojoProcessor.kt:112)
	at androidx.room.processor.PojoProcessor$process$1.invoke(PojoProcessor.kt:109)
	at androidx.room.processor.cache.Cache$Bucket.get(Cache.kt:53)
	at androidx.room.processor.PojoProcessor.process(PojoProcessor.kt:109)
	at androidx.room.processor.NonEntityOrViewProcessor.process(EntityOrViewProcessor.kt:49)
	at androidx.room.processor.PojoProcessor.processRelationField(PojoProcessor.kt:540)
	at androidx.room.processor.PojoProcessor.doProcess(PojoProcessor.kt:205)
	at androidx.room.processor.PojoProcessor.access$doProcess(PojoProcessor.kt:56)
	at androidx.room.processor.PojoProcessor$process$1.invoke(PojoProcessor.kt:112)
	at androidx.room.processor.PojoProcessor$process$1.invoke(PojoProcessor.kt:109)
	at androidx.room.processor.cache.Cache$Bucket.get(Cache.kt:53)
	at androidx.room.processor.PojoProcessor.process(PojoProcessor.kt:109)
	at androidx.room.processor.NonEntityOrViewProcessor.process(EntityOrViewProcessor.kt:49)
	at androidx.room.processor.PojoProcessor.processRelationField(PojoProcessor.kt:540)
	at androidx.room.processor.PojoProcessor.doProcess(PojoProcessor.kt:205)
	at androidx.room.processor.PojoProcessor.access$doProcess(PojoProcessor.kt:56)
	at androidx.room.processor.PojoProcessor$process$1.invoke(PojoProcessor.kt:112)
	at androidx.room.processor.PojoProcessor$process$1.invoke(PojoProcessor.kt:109)
	at androidx.room.processor.cache.Cache$Bucket.get(Cache.kt:53)
	at androidx.room.processor.PojoProcessor.process(PojoProcessor.kt:109)
	at androidx.room.processor.NonEntityOrViewProcessor.process(EntityOrViewProcessor.kt:49)
	at androidx.room.processor.PojoProcessor.processRelationField(PojoProcessor.kt:540)
	at androidx.room.processor.PojoProcessor.doProcess(PojoProcessor.kt:205)
	at androidx.room.processor.PojoProcessor.access$doProcess(PojoProcessor.kt:56)
	at androidx.room.processor.PojoProcessor$process$1.invoke(PojoProcessor.kt:112)
	at androidx.room.processor.PojoProcessor$process$1.invoke(PojoProcessor.kt:109)
	at androidx.room.processor.cache.Cache$Bucket.get(Cache.kt:53)
	at androidx.room.processor.PojoProcessor.process(PojoProcessor.kt:109)
	at androidx.room.processor.NonEntityOrViewProcessor.process(EntityOrViewProcessor.kt:49)
	at androidx.room.processor.PojoProcessor.processRelationField(PojoProcessor.kt:540)
	at androidx.room.processor.PojoProcessor.doProcess(PojoProcessor.kt:205)
	at androidx.room.processor.PojoProcessor.access$doProcess(PojoProcessor.kt:56)
	at androidx.room.processor.PojoProcessor$process$1.invoke(PojoProcessor.kt:112)
	at androidx.room.processor.PojoProcessor$process$1.invoke(PojoProcessor.kt:109)
	at androidx.room.processor.cache.Cache$Bucket.get(Cache.kt:53)
	at androidx.room.processor.PojoProcessor.process(PojoProcessor.kt:109)
	at androidx.room.processor.NonEntityOrViewProcessor.process(EntityOrViewProcessor.kt:49)
	at androidx.room.processor.PojoProcessor.processRelationField(PojoProcessor.kt:540)
	at androidx.room.processor.PojoProcessor.doProcess(PojoProcessor.kt:205)
	at androidx.room.processor.PojoProcessor.access$doProcess(PojoProcessor.kt:56)
	at androidx.room.processor.PojoProcessor$process$1.invoke(PojoProcessor.kt:112)
	at androidx.room.processor.PojoProcessor$process$1.invoke(PojoProcessor.kt:109)
	at androidx.room.processor.cache.Cache$Bucket.get(Cache.kt:53)
	at androidx.room.processor.PojoProcessor.process(PojoProcessor.kt:109)
	at androidx.room.processor.NonEntityOrViewProcessor.process(EntityOrViewProcessor.kt:49)
	at androidx.room.processor.PojoProcessor.processRelationField(PojoProcessor.kt:540)
	at androidx.room.processor.PojoProcessor.doProcess(PojoProcessor.kt:205)
	at androidx.room.processor.PojoProcessor.access$doProcess(PojoProcessor.kt:56)
	at androidx.room.processor.PojoProcessor$process$1.invoke(PojoProcessor.kt:112)
	at androidx.room.processor.PojoProcessor$process$1.invoke(PojoProcessor.kt:109)
	at androidx.room.processor.cache.Cache$Bucket.get(Cache.kt:53)
	at androidx.room.processor.PojoProcessor.process(PojoProcessor.kt:109)
	at androidx.room.processor.NonEntityOrViewProcessor.process(EntityOrViewProcessor.kt:49)
	at androidx.room.processor.PojoProcessor.processRelationField(PojoProcessor.kt:540)
	at androidx.room.processor.PojoProcessor.doProcess(PojoProcessor.kt:205)
	at androidx.room.processor.PojoProcessor.access$doProcess(PojoProcessor.kt:56)
	at androidx.room.processor.PojoProcessor$process$1.invoke(PojoProcessor.kt:112)
	at androidx.room.processor.PojoProcessor$process$1.invoke(PojoProcessor.kt:109)
	at androidx.room.processor.cache.Cache$Bucket.get(Cache.kt:53)
	at androidx.room.processor.PojoProcessor.process(PojoProcessor.kt:109)
	at androidx.room.processor.NonEntityOrViewProcessor.process(EntityOrViewProcessor.kt:49)
	at androidx.room.processor.PojoProcessor.processRelationField(PojoProcessor.kt:540)
	at androidx.room.processor.PojoProcessor.doProcess(PojoProcessor.kt:205)
	at androidx.room.processor.PojoProcessor.access$doProcess(PojoProcessor.kt:56)
	at androidx.room.processor.PojoProcessor$process$1.invoke(PojoProcessor.kt:112)
	at androidx.room.processor.PojoProcessor$process$1.invoke(PojoProcessor.kt:109)
	at androidx.room.processor.cache.Cache$Bucket.get(Cache.kt:53)
	at androidx.room.processor.PojoProcessor.process(PojoProcessor.kt:109)
	at androidx.room.processor.NonEntityOrViewProcessor.process(EntityOrViewProcessor.kt:49)
	at androidx.room.processor.PojoProcessor.processRelationField(PojoProcessor.kt:540)
	at androidx.room.processor.PojoProcessor.doProcess(PojoProcessor.kt:205)
	at androidx.room.processor.PojoProcessor.access$doProcess(PojoProcessor.kt:56)
	at androidx.room.processor.PojoProcessor$process$1.invoke(PojoProcessor.kt:112)
	at androidx.room.processor.PojoProcessor$process$1.invoke(PojoProcessor.kt:109)
	at androidx.room.processor.cache.Cache$Bucket.get(Cache.kt:53)
	at androidx.room.processor.PojoProcessor.process(PojoProcessor.kt:109)
	at androidx.room.processor.NonEntityOrViewProcessor.process(EntityOrViewProcessor.kt:49)
	at androidx.room.processor.PojoProcessor.processRelationField(PojoProcessor.kt:540)
	at androidx.room.processor.PojoProcessor.doProcess(PojoProcessor.kt:205)
	at androidx.room.processor.PojoProcessor.access$doProcess(PojoProcessor.kt:56)
	at androidx.room.processor.PojoProcessor$process$1.invoke(PojoProcessor.kt:112)
	at androidx.room.processor.PojoProcessor$process$1.invoke(PojoProcessor.kt:109)
	at androidx.room.processor.cache.Cache$Bucket.get(Cache.kt:53)
	at androidx.room.processor.PojoProcessor.process(PojoProcessor.kt:109)
	at androidx.room.processor.NonEntityOrViewProcessor.process(EntityOrViewProcessor.kt:49)
	at androidx.room.processor.PojoProcessor.processRelationField(PojoProcessor.kt:540)
	at androidx.room.processor.PojoProcessor.doProcess(PojoProcessor.kt:205)
	at androidx.room.processor.PojoProcessor.access$doProcess(PojoProcessor.kt:56)
	at androidx.room.processor.PojoProcessor$process$1.invoke(PojoProcessor.kt:112)
	at androidx.room.processor.PojoProcessor$process$1.invoke(PojoProcessor.kt:109)
	at androidx.room.processor.cache.Cache$Bucket.get(Cache.kt:53)
	at androidx.room.processor.PojoProcessor.process(PojoProcessor.kt:109)
	at androidx.room.processor.NonEntityOrViewProcessor.process(EntityOrViewProcessor.kt:49)
	at androidx.room.processor.PojoProcessor.processRelationField(PojoProcessor.kt:540)
	at androidx.room.processor.PojoProcessor.doProcess(PojoProcessor.kt:205)
	at androidx.room.processor.PojoProcessor.access$doProcess(PojoProcessor.kt:56)
	at androidx.room.processor.PojoProcessor$process$1.invoke(PojoProcessor.kt:112)
	at androidx.room.processor.PojoProcessor$process$1.invoke(PojoProcessor.kt:109)
	at androidx.room.processor.cache.Cache$Bucket.get(Cache.kt:53)
	at androidx.room.processor.PojoProcessor.process(PojoProcessor.kt:109)
	at androidx.room.processor.NonEntityOrViewProcessor.process(EntityOrViewProcessor.kt:49)
	at androidx.room.processor.PojoProcessor.processRelationField(PojoProcessor.kt:540)
	at androidx.room.processor.PojoProcessor.doProcess(PojoProcessor.kt:205)
	at androidx.room.processor.PojoProcessor.access$doProcess(PojoProcessor.kt:56)
	at androidx.room.processor.PojoProcessor$process$1.invoke(PojoProcessor.kt:112)
	at androidx.room.processor.PojoProcessor$process$1.invoke(PojoProcessor.kt:109)
	at androidx.room.processor.cache.Cache$Bucket.get(Cache.kt:53)
	at androidx.room.processor.PojoProcessor.process(PojoProcessor.kt:109)
	at androidx.room.processor.NonEntityOrViewProcessor.process(EntityOrViewProcessor.kt:49)
	at androidx.room.processor.PojoProcessor.processRelationField(PojoProcessor.kt:540)
	at androidx.room.processor.PojoProcessor.doProcess(PojoProcessor.kt:205)
	at androidx.room.processor.PojoProcessor.access$doProcess(PojoProcessor.kt:56)
	at androidx.room.processor.PojoProcessor$process$1.invoke(PojoProcessor.kt:112)
	at androidx.room.processor.PojoProcessor$process$1.invoke(PojoProcessor.kt:109)
	at androidx.room.processor.cache.Cache$Bucket.get(Cache.kt:53)
	at androidx.room.processor.PojoProcessor.process(PojoProcessor.kt:109)
	at androidx.room.processor.NonEntityOrViewProcessor.process(EntityOrViewProcessor.kt:49)
	at androidx.room.processor.PojoProcessor.processRelationField(PojoProcessor.kt:540)
	at androidx.room.processor.PojoProcessor.doProcess(PojoProcessor.kt:205)
	at androidx.room.processor.PojoProcessor.access$doProcess(PojoProcessor.kt:56)
	at androidx.room.processor.PojoProcessor$process$1.invoke(PojoProcessor.kt:112)
	at androidx.room.processor.PojoProcessor$process$1.invoke(PojoProcessor.kt:109)
	at androidx.room.processor.cache.Cache$Bucket.get(Cache.kt:53)
	at androidx.room.processor.PojoProcessor.process(PojoProcessor.kt:109)
	at androidx.room.processor.NonEntityOrViewProcessor.process(EntityOrViewProcessor.kt:49)
	at androidx.room.processor.PojoProcessor.processRelationField(PojoProcessor.kt:540)
	at androidx.room.processor.PojoProcessor.doProcess(PojoProcessor.kt:205)
	at androidx.room.processor.PojoProcessor.access$doProcess(PojoProcessor.kt:56)
	at androidx.room.processor.PojoProcessor$process$1.invoke(PojoProcessor.kt:112)
	at androidx.room.processor.PojoProcessor$process$1.invoke(PojoProcessor.kt:109)
	at androidx.room.processor.cache.Cache$Bucket.get(Cache.kt:53)
	at androidx.room.processor.PojoProcessor.process(PojoProcessor.kt:109)
	at androidx.room.processor.NonEntityOrViewProcessor.process(EntityOrViewProcessor.kt:49)
	at androidx.room.processor.PojoProcessor.processRelationField(PojoProcessor.kt:540)
	at androidx.room.processor.PojoProcessor.doProcess(PojoProcessor.kt:205)
	at androidx.room.processor.PojoProcessor.access$doProcess(PojoProcessor.kt:56)
	at androidx.room.processor.PojoProcessor$process$1.invoke(PojoProcessor.kt:112)
	at androidx.room.processor.PojoProcessor$process$1.invoke(PojoProcessor.kt:109)
	at androidx.room.processor.cache.Cache$Bucket.get(Cache.kt:53)
	at androidx.room.processor.PojoProcessor.process(PojoProcessor.kt:109)
	at androidx.room.processor.NonEntityOrViewProcessor.process(EntityOrViewProcessor.kt:49)
	at androidx.room.processor.PojoProcessor.processRelationField(PojoProcessor.kt:540)
	at androidx.room.processor.PojoProcessor.doProcess(PojoProcessor.kt:205)
	at androidx.room.processor.PojoProcessor.access$doProcess(PojoProcessor.kt:56)
	at androidx.room.processor.PojoProcessor$process$1.invoke(PojoProcessor.kt:112)
	at androidx.room.processor.PojoProcessor$process$1.invoke(PojoProcessor.kt:109)
	at androidx.room.processor.cache.Cache$Bucket.get(Cache.kt:53)
	at androidx.room.processor.PojoProcessor.process(PojoProcessor.kt:109)
	at androidx.room.processor.NonEntityOrViewProcessor.process(EntityOrViewProcessor.kt:49)
	at androidx.room.processor.PojoProcessor.processRelationField(PojoProcessor.kt:540)
	at androidx.room.processor.PojoProcessor.doProcess(PojoProcessor.kt:205)
	at androidx.room.processor.PojoProcessor.access$doProcess(PojoProcessor.kt:56)
	at androidx.room.processor.PojoProcessor$process$1.invoke(PojoProcessor.kt:112)
	at androidx.room.processor.PojoProcessor$process$1.invoke(PojoProcessor.kt:109)
	at androidx.room.processor.cache.Cache$Bucket.get(Cache.kt:53)
	at androidx.room.processor.PojoProcessor.process(PojoProcessor.kt:109)
	at androidx.room.processor.NonEntityOrViewProcessor.process(EntityOrViewProcessor.kt:49)
	at androidx.room.processor.PojoProcessor.processRelationField(PojoProcessor.kt:540)
	at androidx.room.processor.PojoProcessor.doProcess(PojoProcessor.kt:205)
	at androidx.room.processor.PojoProcessor.access$doProcess(PojoProcessor.kt:56)
	at androidx.room.processor.PojoProcessor$process$1.invoke(PojoProcessor.kt:112)
	at androidx.room.processor.PojoProcessor$process$1.invoke(PojoProcessor.kt:109)
	at androidx.room.processor.cache.Cache$Bucket.get(Cache.kt:53)
	at androidx.room.processor.PojoProcessor.process(PojoProcessor.kt:109)
	at androidx.room.processor.NonEntityOrViewProcessor.process(EntityOrViewProcessor.kt:49)
	at androidx.room.processor.PojoProcessor.processRelationField(PojoProcessor.kt:540)
	at androidx.room.processor.PojoProcessor.doProcess(PojoProcessor.kt:205)
	at androidx.room.processor.PojoProcessor.access$doProcess(PojoProcessor.kt:56)
	at androidx.room.processor.PojoProcessor$process$1.invoke(PojoProcessor.kt:112)
	at androidx.room.processor.PojoProcessor$process$1.invoke(PojoProcessor.kt:109)
	at androidx.room.processor.cache.Cache$Bucket.get(Cache.kt:53)
	at androidx.room.processor.PojoProcessor.process(PojoProcessor.kt:109)
	at androidx.room.processor.NonEntityOrViewProcessor.process(EntityOrViewProcessor.kt:49)
	at androidx.room.processor.PojoProcessor.processRelationField(PojoProcessor.kt:540)
	at androidx.room.processor.PojoProcessor.doProcess(PojoProcessor.kt:205)
	at androidx.room.processor.PojoProcessor.access$doProcess(PojoProcessor.kt:56)
	at androidx.room.processor.PojoProcessor$process$1.invoke(PojoProcessor.kt:112)
	at androidx.room.processor.PojoProcessor$process$1.invoke(PojoProcessor.kt:109)
	at androidx.room.processor.cache.Cache$Bucket.get(Cache.kt:53)
	at androidx.room.processor.PojoProcessor.process(PojoProcessor.kt:109)
	at androidx.room.processor.NonEntityOrViewProcessor.process(EntityOrViewProcessor.kt:49)
	at androidx.room.processor.PojoProcessor.processRelationField(PojoProcessor.kt:540)
	at androidx.room.processor.PojoProcessor.doProcess(PojoProcessor.kt:205)
	at androidx.room.processor.PojoProcessor.access$doProcess(PojoProcessor.kt:56)
	at androidx.room.processor.PojoProcessor$process$1.invoke(PojoProcessor.kt:112)
	at androidx.room.processor.PojoProcessor$process$1.invoke(PojoProcessor.kt:109)
	at androidx.room.processor.cache.Cache$Bucket.get(Cache.kt:53)
	at androidx.room.processor.PojoProcessor.process(PojoProcessor.kt:109)
	at androidx.room.processor.NonEntityOrViewProcessor.process(EntityOrViewProcessor.kt:49)
	at androidx.room.processor.PojoProcessor.processRelationField(PojoProcessor.kt:540)
	at androidx.room.processor.PojoProcessor.doProcess(PojoProcessor.kt:205)
	at androidx.room.processor.PojoProcessor.access$doProcess(PojoProcessor.kt:56)
	at androidx.room.processor.PojoProcessor$process$1.invoke(PojoProcessor.kt:112)
	at androidx.room.processor.PojoProcessor$process$1.invoke(PojoProcessor.kt:109)
	at androidx.room.processor.cache.Cache$Bucket.get(Cache.kt:53)
	at androidx.room.processor.PojoProcessor.process(PojoProcessor.kt:109)
	at androidx.room.processor.NonEntityOrViewProcessor.process(EntityOrViewProcessor.kt:49)
	at androidx.room.processor.PojoProcessor.processRelationField(PojoProcessor.kt:540)
	at androidx.room.processor.PojoProcessor.doProcess(PojoProcessor.kt:205)
	at androidx.room.processor.PojoProcessor.access$doProcess(PojoProcessor.kt:56)
	at androidx.room.processor.PojoProcessor$process$1.invoke(PojoProcessor.kt:112)
	at androidx.room.processor.PojoProcessor$process$1.invoke(PojoProcessor.kt:109)
	at androidx.room.processor.cache.Cache$Bucket.get(Cache.kt:53)
	at androidx.room.processor.PojoProcessor.process(PojoProcessor.kt:109)
	at androidx.room.processor.NonEntityOrViewProcessor.process(EntityOrViewProcessor.kt:49)
	at androidx.room.processor.PojoProcessor.processRelationField(PojoProcessor.kt:540)
	at androidx.room.processor.PojoProcessor.doProcess(PojoProcessor.kt:205)
	at androidx.room.processor.PojoProcessor.access$doProcess(PojoProcessor.kt:56)
	at androidx.room.processor.PojoProcessor$process$1.invoke(PojoProcessor.kt:112)
	at androidx.room.processor.PojoProcessor$process$1.invoke(PojoProcessor.kt:109)
	at androidx.room.processor.cache.Cache$Bucket.get(Cache.kt:53)
	at androidx.room.processor.PojoProcessor.process(PojoProcessor.kt:109)
	at androidx.room.processor.NonEntityOrViewProcessor.process(EntityOrViewProcessor.kt:49)
	at androidx.room.processor.PojoProcessor.processRelationField(PojoProcessor.kt:540)
	at androidx.room.processor.PojoProcessor.doProcess(PojoProcessor.kt:205)
	at androidx.room.processor.PojoProcessor.access$doProcess(PojoProcessor.kt:56)
	at androidx.room.processor.PojoProcessor$process$1.invoke(PojoProcessor.kt:112)
	at androidx.room.processor.PojoProcessor$process$1.invoke(PojoProcessor.kt:109)
	at androidx.room.processor.cache.Cache$Bucket.get(Cache.kt:53)
	at androidx.room.processor.PojoProcessor.process(PojoProcessor.kt:109)
	at androidx.room.processor.NonEntityOrViewProcessor.process(EntityOrViewProcessor.kt:49)
	at androidx.room.processor.PojoProcessor.processRelationField(PojoProcessor.kt:540)
	at androidx.room.processor.PojoProcessor.doProcess(PojoProcessor.kt:205)
	at androidx.room.processor.PojoProcessor.access$doProcess(PojoProcessor.kt:56)
	at androidx.room.processor.PojoProcessor$process$1.invoke(PojoProcessor.kt:112)
	at androidx.room.processor.PojoProcessor$process$1.invoke(PojoProcessor.kt:109)
	at androidx.room.processor.cache.Cache$Bucket.get(Cache.kt:53)
	at androidx.room.processor.PojoProcessor.process(PojoProcessor.kt:109)
	at androidx.room.processor.NonEntityOrViewProcessor.process(EntityOrViewProcessor.kt:49)
	at androidx.room.processor.PojoProcessor.processRelationField(PojoProcessor.kt:540)
	at androidx.room.processor.PojoProcessor.doProcess(PojoProcessor.kt:205)
	at androidx.room.processor.PojoProcessor.access$doProcess(PojoProcessor.kt:56)
	at androidx.room.processor.PojoProcessor$process$1.invoke(PojoProcessor.kt:112)
	at androidx.room.processor.PojoProcessor$process$1.invoke(PojoProcessor.kt:109)
	at androidx.room.processor.cache.Cache$Bucket.get(Cache.kt:53)
	at androidx.room.processor.PojoProcessor.process(PojoProcessor.kt:109)
	at androidx.room.processor.NonEntityOrViewProcessor.process(EntityOrViewProcessor.kt:49)
	at androidx.room.processor.PojoProcessor.processRelationField(PojoProcessor.kt:540)
	at androidx.room.processor.PojoProcessor.doProcess(PojoProcessor.kt:205)
	at androidx.room.processor.PojoProcessor.access$doProcess(PojoProcessor.kt:56)
	at androidx.room.processor.PojoProcessor$process$1.invoke(PojoProcessor.kt:112)
	at androidx.room.processor.PojoProcessor$process$1.invoke(PojoProcessor.kt:109)
	at androidx.room.processor.cache.Cache$Bucket.get(Cache.kt:53)
	at androidx.room.processor.PojoProcessor.process(PojoProcessor.kt:109)
	at androidx.room.processor.NonEntityOrViewProcessor.process(EntityOrViewProcessor.kt:49)
	at androidx.room.processor.PojoProcessor.processRelationField(PojoProcessor.kt:540)
	at androidx.room.processor.PojoProcessor.doProcess(PojoProcessor.kt:205)
	at androidx.room.processor.PojoProcessor.access$doProcess(PojoProcessor.kt:56)
	at androidx.room.processor.PojoProcessor$process$1.invoke(PojoProcessor.kt:112)
	at androidx.room.processor.PojoProcessor$process$1.invoke(PojoProcessor.kt:109)
	at androidx.room.processor.cache.Cache$Bucket.get(Cache.kt:53)
	at androidx.room.processor.PojoProcessor.process(PojoProcessor.kt:109)
	at androidx.room.processor.NonEntityOrViewProcessor.process(EntityOrViewProcessor.kt:49)
	at androidx.room.processor.PojoProcessor.processRelationField(PojoProcessor.kt:540)
	at androidx.room.processor.PojoProcessor.doProcess(PojoProcessor.kt:205)
	at androidx.room.processor.PojoProcessor.access$doProcess(PojoProcessor.kt:56)
	at androidx.room.processor.PojoProcessor$process$1.invoke(PojoProcessor.kt:112)
	at androidx.room.processor.PojoProcessor$process$1.invoke(PojoProcessor.kt:109)
	at androidx.room.processor.cache.Cache$Bucket.get(Cache.kt:53)
	at androidx.room.processor.PojoProcessor.process(PojoProcessor.kt:109)
	at androidx.room.processor.NonEntityOrViewProcessor.process(EntityOrViewProcessor.kt:49)
	at androidx.room.processor.PojoProcessor.processRelationField(PojoProcessor.kt:540)
	at androidx.room.processor.PojoProcessor.doProcess(PojoProcessor.kt:205)
	at androidx.room.processor.PojoProcessor.access$doProcess(PojoProcessor.kt:56)
	at androidx.room.processor.PojoProcessor$process$1.invoke(PojoProcessor.kt:112)
	at androidx.room.processor.PojoProcessor$process$1.invoke(PojoProcessor.kt:109)
	at androidx.room.processor.cache.Cache$Bucket.get(Cache.kt:53)
	at androidx.room.processor.PojoProcessor.process(PojoProcessor.kt:109)
	at androidx.room.processor.NonEntityOrViewProcessor.process(EntityOrViewProcessor.kt:49)
	at androidx.room.processor.PojoProcessor.processRelationField(PojoProcessor.kt:540)
	at androidx.room.processor.PojoProcessor.doProcess(PojoProcessor.kt:205)
	at androidx.room.processor.PojoProcessor.access$doProcess(PojoProcessor.kt:56)
	at androidx.room.processor.PojoProcessor$process$1.invoke(PojoProcessor.kt:112)
	at androidx.room.processor.PojoProcessor$process$1.invoke(PojoProcessor.kt:109)
	at androidx.room.processor.cache.Cache$Bucket.get(Cache.kt:53)
	at androidx.room.processor.PojoProcessor.process(PojoProcessor.kt:109)
	at androidx.room.processor.NonEntityOrViewProcessor.process(EntityOrViewProcessor.kt:49)
	at androidx.room.processor.PojoProcessor.processRelationField(PojoProcessor.kt:540)
	at androidx.room.processor.PojoProcessor.doProcess(PojoProcessor.kt:205)
	at androidx.room.processor.PojoProcessor.access$doProcess(PojoProcessor.kt:56)
	at androidx.room.processor.PojoProcessor$process$1.invoke(PojoProcessor.kt:112)
	at androidx.room.processor.PojoProcessor$process$1.invoke(PojoProcessor.kt:109)
	at androidx.room.processor.cache.Cache$Bucket.get(Cache.kt:53)
	at androidx.room.processor.PojoProcessor.process(PojoProcessor.kt:109)
	at androidx.room.processor.NonEntityOrViewProcessor.process(EntityOrViewProcessor.kt:49)
	at androidx.room.processor.PojoProcessor.processRelationField(PojoProcessor.kt:540)
	at androidx.room.processor.PojoProcessor.doProcess(PojoProcessor.kt:205)
	at androidx.room.processor.PojoProcessor.access$doProcess(PojoProcessor.kt:56)
	at androidx.room.processor.PojoProcessor$process$1.invoke(PojoProcessor.kt:112)
	at androidx.room.processor.PojoProcessor$process$1.invoke(PojoProcessor.kt:109)
	at androidx.room.processor.cache.Cache$Bucket.get(Cache.kt:53)
	at androidx.room.processor.PojoProcessor.process(PojoProcessor.kt:109)
	at androidx.room.processor.NonEntityOrViewProcessor.process(EntityOrViewProcessor.kt:49)
	at androidx.room.processor.PojoProcessor.processRelationField(PojoProcessor.kt:540)
	at androidx.room.processor.PojoProcessor.doProcess(PojoProcessor.kt:205)
	at androidx.room.processor.PojoProcessor.access$doProcess(PojoProcessor.kt:56)
	at androidx.room.processor.PojoProcessor$process$1.invoke(PojoProcessor.kt:112)
	at androidx.room.processor.PojoProcessor$process$1.invoke(PojoProcessor.kt:109)
	at androidx.room.processor.cache.Cache$Bucket.get(Cache.kt:53)
	at androidx.room.processor.PojoProcessor.process(PojoProcessor.kt:109)
	at androidx.room.processor.NonEntityOrViewProcessor.process(EntityOrViewProcessor.kt:49)
	at androidx.room.processor.PojoProcessor.processRelationField(PojoProcessor.kt:540)
	at androidx.room.processor.PojoProcessor.doProcess(PojoProcessor.kt:205)
	at androidx.room.processor.PojoProcessor.access$doProcess(PojoProcessor.kt:56)
	at androidx.room.processor.PojoProcessor$process$1.invoke(PojoProcessor.kt:112)
	at androidx.room.processor.PojoProcessor$process$1.invoke(PojoProcessor.kt:109)
	at androidx.room.processor.cache.Cache$Bucket.get(Cache.kt:53)
	at androidx.room.processor.PojoProcessor.process(PojoProcessor.kt:109)
	at androidx.room.processor.NonEntityOrViewProcessor.process(EntityOrViewProcessor.kt:49)
	at androidx.room.processor.PojoProcessor.processRelationField(PojoProcessor.kt:540)
	at androidx.room.processor.PojoProcessor.doProcess(PojoProcessor.kt:205)
	at androidx.room.processor.PojoProcessor.access$doProcess(PojoProcessor.kt:56)
	at androidx.room.processor.PojoProcessor$process$1.invoke(PojoProcessor.kt:112)
	at androidx.room.processor.PojoProcessor$process$1.invoke(PojoProcessor.kt:109)
	at androidx.room.processor.cache.Cache$Bucket.get(Cache.kt:53)
	at androidx.room.processor.PojoProcessor.process(PojoProcessor.kt:109)
	at androidx.room.processor.NonEntityOrViewProcessor.process(EntityOrViewProcessor.kt:49)
	at androidx.room.processor.PojoProcessor.processRelationField(PojoProcessor.kt:540)
	at androidx.room.processor.PojoProcessor.doProcess(PojoProcessor.kt:205)
	at androidx.room.processor.PojoProcessor.access$doProcess(PojoProcessor.kt:56)
	at androidx.room.processor.PojoProcessor$process$1.invoke(PojoProcessor.kt:112)
	at androidx.room.processor.PojoProcessor$process$1.invoke(PojoProcessor.kt:109)
	at androidx.room.processor.cache.Cache$Bucket.get(Cache.kt:53)
	at androidx.room.processor.PojoProcessor.process(PojoProcessor.kt:109)
	at androidx.room.processor.NonEntityOrViewProcessor.process(EntityOrViewProcessor.kt:49)
	at androidx.room.processor.PojoProcessor.processRelationField(PojoProcessor.kt:540)
	at androidx.room.processor.PojoProcessor.doProcess(PojoProcessor.kt:205)
	at androidx.room.processor.PojoProcessor.access$doProcess(PojoProcessor.kt:56)
	at androidx.room.processor.PojoProcessor$process$1.invoke(PojoProcessor.kt:112)
	at androidx.room.processor.PojoProcessor$process$1.invoke(PojoProcessor.kt:109)
	at androidx.room.processor.cache.Cache$Bucket.get(Cache.kt:53)
	at androidx.room.processor.PojoProcessor.process(PojoProcessor.kt:109)
	at androidx.room.processor.NonEntityOrViewProcessor.process(EntityOrViewProcessor.kt:49)
	at androidx.room.processor.PojoProcessor.processRelationField(PojoProcessor.kt:540)
	at androidx.room.processor.PojoProcessor.doProcess(PojoProcessor.kt:205)
	at androidx.room.processor.PojoProcessor.access$doProcess(PojoProcessor.kt:56)
	at androidx.room.processor.PojoProcessor$process$1.invoke(PojoProcessor.kt:112)
	at androidx.room.processor.PojoProcessor$process$1.invoke(PojoProcessor.kt:109)
	at androidx.room.processor.cache.Cache$Bucket.get(Cache.kt:53)
	at androidx.room.processor.PojoProcessor.process(PojoProcessor.kt:109)
	at androidx.room.processor.NonEntityOrViewProcessor.process(EntityOrViewProcessor.kt:49)
	at androidx.room.processor.PojoProcessor.processRelationField(PojoProcessor.kt:540)
	at androidx.room.processor.PojoProcessor.doProcess(PojoProcessor.kt:205)
	at androidx.room.processor.PojoProcessor.access$doProcess(PojoProcessor.kt:56)
	at androidx.room.processor.PojoProcessor$process$1.invoke(PojoProcessor.kt:112)
	at androidx.room.processor.PojoProcessor$process$1.invoke(PojoProcessor.kt:109)
	at androidx.room.processor.cache.Cache$Bucket.get(Cache.kt:53)
	at androidx.room.processor.PojoProcessor.process(PojoProcessor.kt:109)
	at androidx.room.processor.NonEntityOrViewProcessor.process(EntityOrViewProcessor.kt:49)
	at androidx.room.processor.PojoProcessor.processRelationField(PojoProcessor.kt:540)
	at androidx.room.processor.PojoProcessor.doProcess(PojoProcessor.kt:205)
	at androidx.room.processor.PojoProcessor.access$doProcess(PojoProcessor.kt:56)
	at androidx.room.processor.PojoProcessor$process$1.invoke(PojoProcessor.kt:112)
	at androidx.room.processor.PojoProcessor$process$1.invoke(PojoProcessor.kt:109)
	at androidx.room.processor.cache.Cache$Bucket.get(Cache.kt:53)
	at androidx.room.processor.PojoProcessor.process(PojoProcessor.kt:109)
	at androidx.room.processor.NonEntityOrViewProcessor.process(EntityOrViewProcessor.kt:49)
	at androidx.room.processor.PojoProcessor.processRelationField(PojoProcessor.kt:540)
	at androidx.room.processor.PojoProcessor.doProcess(PojoProcessor.kt:205)
	at androidx.room.processor.PojoProcessor.access$doProcess(PojoProcessor.kt:56)
	at androidx.room.processor.PojoProcessor$process$1.invoke(PojoProcessor.kt:112)
	at androidx.room.processor.PojoProcessor$process$1.invoke(PojoProcessor.kt:109)
	at androidx.room.processor.cache.Cache$Bucket.get(Cache.kt:53)
	at androidx.room.processor.PojoProcessor.process(PojoProcessor.kt:109)
	at androidx.room.processor.NonEntityOrViewProcessor.process(EntityOrViewProcessor.kt:49)
	at androidx.room.processor.PojoProcessor.processRelationField(PojoProcessor.kt:540)
	at androidx.room.processor.PojoProcessor.doProcess(PojoProcessor.kt:205)
	at androidx.room.processor.PojoProcessor.access$doProcess(PojoProcessor.kt:56)
	at androidx.room.processor.PojoProcessor$process$1.invoke(PojoProcessor.kt:112)
	at androidx.room.processor.PojoProcessor$process$1.invoke(PojoProcessor.kt:109)
	at androidx.room.processor.cache.Cache$Bucket.get(Cache.kt:53)
	at androidx.room.processor.PojoProcessor.process(PojoProcessor.kt:109)
	at androidx.room.processor.NonEntityOrViewProcessor.process(EntityOrViewProcessor.kt:49)
	at androidx.room.processor.PojoProcessor.processRelationField(PojoProcessor.kt:540)
	at androidx.room.processor.PojoProcessor.doProcess(PojoProcessor.kt:205)
	at androidx.room.processor.PojoProcessor.access$doProcess(PojoProcessor.kt:56)
	at androidx.room.processor.PojoProcessor$process$1.invoke(PojoProcessor.kt:112)
	at androidx.room.processor.PojoProcessor$process$1.invoke(PojoProcessor.kt:109)
	at androidx.room.processor.cache.Cache$Bucket.get(Cache.kt:53)
	at androidx.room.processor.PojoProcessor.process(PojoProcessor.kt:109)
	at androidx.room.processor.NonEntityOrViewProcessor.process(EntityOrViewProcessor.kt:49)
	at androidx.room.processor.PojoProcessor.processRelationField(PojoProcessor.kt:540)
	at androidx.room.processor.PojoProcessor.doProcess(PojoProcessor.kt:205)
	at androidx.room.processor.PojoProcessor.access$doProcess(PojoProcessor.kt:56)
	at androidx.room.processor.PojoProcessor$process$1.invoke(PojoProcessor.kt:112)
	at androidx.room.processor.PojoProcessor$process$1.invoke(PojoProcessor.kt:109)
	at androidx.room.processor.cache.Cache$Bucket.get(Cache.kt:53)
	at androidx.room.processor.PojoProcessor.process(PojoProcessor.kt:109)
	at androidx.room.processor.NonEntityOrViewProcessor.process(EntityOrViewProcessor.kt:49)
	at androidx.room.processor.PojoProcessor.processRelationField(PojoProcessor.kt:540)
	at androidx.room.processor.PojoProcessor.doProcess(PojoProcessor.kt:205)
	at androidx.room.processor.PojoProcessor.access$doProcess(PojoProcessor.kt:56)
	at androidx.room.processor.PojoProcessor$process$1.invoke(PojoProcessor.kt:112)
	at androidx.room.processor.PojoProcessor$process$1.invoke(PojoProcessor.kt:109)
	at androidx.room.processor.cache.Cache$Bucket.get(Cache.kt:53)
	at androidx.room.processor.PojoProcessor.process(PojoProcessor.kt:109)
	at androidx.room.processor.NonEntityOrViewProcessor.process(EntityOrViewProcessor.kt:49)
	at androidx.room.processor.PojoProcessor.processRelationField(PojoProcessor.kt:540)
	at androidx.room.processor.PojoProcessor.doProcess(PojoProcessor.kt:205)
	at androidx.room.processor.PojoProcessor.access$doProcess(PojoProcessor.kt:56)
	at androidx.room.processor.PojoProcessor$process$1.invoke(PojoProcessor.kt:112)
	at androidx.room.processor.PojoProcessor$process$1.invoke(PojoProcessor.kt:109)
	at androidx.room.processor.cache.Cache$Bucket.get(Cache.kt:53)
	at androidx.room.processor.PojoProcessor.process(PojoProcessor.kt:109)
	at androidx.room.processor.NonEntityOrViewProcessor.process(EntityOrViewProcessor.kt:49)
	at androidx.room.processor.PojoProcessor.processRelationField(PojoProcessor.kt:540)
	at androidx.room.processor.PojoProcessor.doProcess(PojoProcessor.kt:205)
	at androidx.room.processor.PojoProcessor.access$doProcess(PojoProcessor.kt:56)
	at androidx.room.processor.PojoProcessor$process$1.invoke(PojoProcessor.kt:112)
	at androidx.room.processor.PojoProcessor$process$1.invoke(PojoProcessor.kt:109)
	at androidx.room.processor.cache.Cache$Bucket.get(Cache.kt:53)
	at androidx.room.processor.PojoProcessor.process(PojoProcessor.kt:109)
	at androidx.room.processor.NonEntityOrViewProcessor.process(EntityOrViewProcessor.kt:49)
	at androidx.room.processor.PojoProcessor.processRelationField(PojoProcessor.kt:540)
	at androidx.room.processor.PojoProcessor.doProcess(PojoProcessor.kt:205)
	at androidx.room.processor.PojoProcessor.access$doProcess(PojoProcessor.kt:56)
	at androidx.room.processor.PojoProcessor$process$1.invoke(PojoProcessor.kt:112)
	at androidx.room.processor.PojoProcessor$process$1.invoke(PojoProcessor.kt:109)
	at androidx.room.processor.cache.Cache$Bucket.get(Cache.kt:53)
	at androidx.room.processor.PojoProcessor.process(PojoProcessor.kt:109)
	at androidx.room.processor.NonEntityOrViewProcessor.process(EntityOrViewProcessor.kt:49)
	at androidx.room.processor.PojoProcessor.processRelationField(PojoProcessor.kt:540)
	at androidx.room.processor.PojoProcessor.doProcess(PojoProcessor.kt:205)
	at androidx.room.processor.PojoProcessor.access$doProcess(PojoProcessor.kt:56)
	at androidx.room.processor.PojoProcessor$process$1.invoke(PojoProcessor.kt:112)
	at androidx.room.processor.PojoProcessor$process$1.invoke(PojoProcessor.kt:109)
	at androidx.room.processor.cache.Cache$Bucket.get(Cache.kt:53)
	at androidx.room.processor.PojoProcessor.process(PojoProcessor.kt:109)
	at androidx.room.processor.NonEntityOrViewProcessor.process(EntityOrViewProcessor.kt:49)
	at androidx.room.processor.PojoProcessor.processRelationField(PojoProcessor.kt:540)
	at androidx.room.processor.PojoProcessor.doProcess(PojoProcessor.kt:205)
	at androidx.room.processor.PojoProcessor.access$doProcess(PojoProcessor.kt:56)
	at androidx.room.processor.PojoProcessor$process$1.invoke(PojoProcessor.kt:112)
	at androidx.room.processor.PojoProcessor$process$1.invoke(PojoProcessor.kt:109)
	at androidx.room.processor.cache.Cache$Bucket.get(Cache.kt:53)
	at androidx.room.processor.PojoProcessor.process(PojoProcessor.kt:109)
	at androidx.room.processor.NonEntityOrViewProcessor.process(EntityOrViewProcessor.kt:49)
	at androidx.room.processor.PojoProcessor.processRelationField(PojoProcessor.kt:540)
	at androidx.room.processor.PojoProcessor.doProcess(PojoProcessor.kt:205)
	at androidx.room.processor.PojoProcessor.access$doProcess(PojoProcessor.kt:56)
	at androidx.room.processor.PojoProcessor$process$1.invoke(PojoProcessor.kt:112)
	at androidx.room.processor.PojoProcessor$process$1.invoke(PojoProcessor.kt:109)
	at androidx.room.processor.cache.Cache$Bucket.get(Cache.kt:53)
	at androidx.room.processor.PojoProcessor.process(PojoProcessor.kt:109)
	at androidx.room.processor.NonEntityOrViewProcessor.process(EntityOrViewProcessor.kt:49)
	at androidx.room.processor.PojoProcessor.processRelationField(PojoProcessor.kt:540)
	at androidx.room.processor.PojoProcessor.doProcess(PojoProcessor.kt:205)
	at androidx.room.processor.PojoProcessor.access$doProcess(PojoProcessor.kt:56)
	at androidx.room.processor.PojoProcessor$process$1.invoke(PojoProcessor.kt:112)
	at androidx.room.processor.PojoProcessor$process$1.invoke(PojoProcessor.kt:109)
	at androidx.room.processor.cache.Cache$Bucket.get(Cache.kt:53)
	at androidx.room.processor.PojoProcessor.process(PojoProcessor.kt:109)
	at androidx.room.processor.NonEntityOrViewProcessor.process(EntityOrViewProcessor.kt:49)
	at androidx.room.processor.PojoProcessor.processRelationField(PojoProcessor.kt:540)
	at androidx.room.processor.PojoProcessor.doProcess(PojoProcessor.kt:205)
	at androidx.room.processor.PojoProcessor.access$doProcess(PojoProcessor.kt:56)
	at androidx.room.processor.PojoProcessor$process$1.invoke(PojoProcessor.kt:112)
	at androidx.room.processor.PojoProcessor$process$1.invoke(PojoProcessor.kt:109)
	at androidx.room.processor.cache.Cache$Bucket.get(Cache.kt:53)
	at androidx.room.processor.PojoProcessor.process(PojoProcessor.kt:109)
	at androidx.room.processor.NonEntityOrViewProcessor.process(EntityOrViewProcessor.kt:49)
	at androidx.room.processor.PojoProcessor.processRelationField(PojoProcessor.kt:540)
	at androidx.room.processor.PojoProcessor.doProcess(PojoProcessor.kt:205)
	at androidx.room.processor.PojoProcessor.access$doProcess(PojoProcessor.kt:56)
	at androidx.room.processor.PojoProcessor$process$1.invoke(PojoProcessor.kt:112)
	at androidx.room.processor.PojoProcessor$process$1.invoke(PojoProcessor.kt:109)
	at androidx.room.processor.cache.Cache$Bucket.get(Cache.kt:53)
	at androidx.room.processor.PojoProcessor.process(PojoProcessor.kt:109)
	at androidx.room.processor.NonEntityOrViewProcessor.process(EntityOrViewProcessor.kt:49)
	at androidx.room.processor.PojoProcessor.processRelationField(PojoProcessor.kt:540)
	at androidx.room.processor.PojoProcessor.doProcess(PojoProcessor.kt:205)
	at androidx.room.processor.PojoProcessor.access$doProcess(PojoProcessor.kt:56)
	at androidx.room.processor.PojoProcessor$process$1.invoke(PojoProcessor.kt:112)
	at androidx.room.processor.PojoProcessor$process$1.invoke(PojoProcessor.kt:109)
	at androidx.room.processor.cache.Cache$Bucket.get(Cache.kt:53)
	at androidx.room.processor.PojoProcessor.process(PojoProcessor.kt:109)
	at androidx.room.processor.NonEntityOrViewProcessor.process(EntityOrViewProcessor.kt:49)
	at androidx.room.processor.PojoProcessor.processRelationField(PojoProcessor.kt:540)
	at androidx.room.processor.PojoProcessor.doProcess(PojoProcessor.kt:205)
	at androidx.room.processor.PojoProcessor.access$doProcess(PojoProcessor.kt:56)
	at androidx.room.processor.PojoProcessor$process$1.invoke(PojoProcessor.kt:112)
	at androidx.room.processor.PojoProcessor$process$1.invoke(PojoProcessor.kt:109)
	at androidx.room.processor.cache.Cache$Bucket.get(Cache.kt:53)
	at androidx.room.processor.PojoProcessor.process(PojoProcessor.kt:109)
	at androidx.room.processor.NonEntityOrViewProcessor.process(EntityOrViewProcessor.kt:49)
	at androidx.room.processor.PojoProcessor.processRelationField(PojoProcessor.kt:540)
	at androidx.room.processor.PojoProcessor.doProcess(PojoProcessor.kt:205)
	at androidx.room.processor.PojoProcessor.access$doProcess(PojoProcessor.kt:56)
	at androidx.room.processor.PojoProcessor$process$1.invoke(PojoProcessor.kt:112)
	at androidx.room.processor.PojoProcessor$process$1.invoke(PojoProcessor.kt:109)
	at androidx.room.processor.cache.Cache$Bucket.get(Cache.kt:53)
	at androidx.room.processor.PojoProcessor.process(PojoProcessor.kt:109)
	at androidx.room.processor.NonEntityOrViewProcessor.process(EntityOrViewProcessor.kt:49)
	at androidx.room.processor.PojoProcessor.processRelationField(PojoProcessor.kt:540)
	at androidx.room.processor.PojoProcessor.doProcess(PojoProcessor.kt:205)
	at androidx.room.processor.PojoProcessor.access$doProcess(PojoProcessor.kt:56)
	at androidx.room.processor.PojoProcessor$process$1.invoke(PojoProcessor.kt:112)
	at androidx.room.processor.PojoProcessor$process$1.invoke(PojoProcessor.kt:109)
	at androidx.room.processor.cache.Cache$Bucket.get(Cache.kt:53)
	at androidx.room.processor.PojoProcessor.process(PojoProcessor.kt:109)
	at androidx.room.processor.NonEntityOrViewProcessor.process(EntityOrViewProcessor.kt:49)
	at androidx.room.processor.PojoProcessor.processRelationField(PojoProcessor.kt:540)
	at androidx.room.processor.PojoProcessor.doProcess(PojoProcessor.kt:205)
	at androidx.room.processor.PojoProcessor.access$doProcess(PojoProcessor.kt:56)
	at androidx.room.processor.PojoProcessor$process$1.invoke(PojoProcessor.kt:112)
	at androidx.room.processor.PojoProcessor$process$1.invoke(PojoProcessor.kt:109)
	at androidx.room.processor.cache.Cache$Bucket.get(Cache.kt:53)
	at androidx.room.processor.PojoProcessor.process(PojoProcessor.kt:109)
	at androidx.room.processor.NonEntityOrViewProcessor.process(EntityOrViewProcessor.kt:49)
	at androidx.room.processor.PojoProcessor.processRelationField(PojoProcessor.kt:540)
	at androidx.room.processor.PojoProcessor.doProcess(PojoProcessor.kt:205)
	at androidx.room.processor.PojoProcessor.access$doProcess(PojoProcessor.kt:56)
	at androidx.room.processor.PojoProcessor$process$1.invoke(PojoProcessor.kt:112)
	at androidx.room.processor.PojoProcessor$process$1.invoke(PojoProcessor.kt:109)
	at androidx.room.processor.cache.Cache$Bucket.get(Cache.kt:53)
	at androidx.room.processor.PojoProcessor.process(PojoProcessor.kt:109)
	at androidx.room.processor.NonEntityOrViewProcessor.process(EntityOrViewProcessor.kt:49)
	at androidx.room.processor.PojoProcessor.processRelationField(PojoProcessor.kt:540)
	at androidx.room.processor.PojoProcessor.doProcess(PojoProcessor.kt:205)
	at androidx.room.processor.PojoProcessor.access$doProcess(PojoProcessor.kt:56)
	at androidx.room.processor.PojoProcessor$process$1.invoke(PojoProcessor.kt:112)
	at androidx.room.processor.PojoProcessor$process$1.invoke(PojoProcessor.kt:109)
	at androidx.room.processor.cache.Cache$Bucket.get(Cache.kt:53)
	at androidx.room.processor.PojoProcessor.process(PojoProcessor.kt:109)
	at androidx.room.processor.NonEntityOrViewProcessor.process(EntityOrViewProcessor.kt:49)
	at androidx.room.processor.PojoProcessor.processRelationField(PojoProcessor.kt:540)
	at androidx.room.processor.PojoProcessor.doProcess(PojoProcessor.kt:205)
	at androidx.room.processor.PojoProcessor.access$doProcess(PojoProcessor.kt:56)
	at androidx.room.processor.PojoProcessor$process$1.invoke(PojoProcessor.kt:112)
	at androidx.room.processor.PojoProcessor$process$1.invoke(PojoProcessor.kt:109)
	at androidx.room.processor.cache.Cache$Bucket.get(Cache.kt:53)
	at androidx.room.processor.PojoProcessor.process(PojoProcessor.kt:109)
	at androidx.room.processor.NonEntityOrViewProcessor.process(EntityOrViewProcessor.kt:49)
	at androidx.room.processor.PojoProcessor.processRelationField(PojoProcessor.kt:540)
	at androidx.room.processor.PojoProcessor.doProcess(PojoProcessor.kt:205)
	at androidx.room.processor.PojoProcessor.access$doProcess(PojoProcessor.kt:56)
	at androidx.room.processor.PojoProcessor$process$1.invoke(PojoProcessor.kt:112)
	at androidx.room.processor.PojoProcessor$process$1.invoke(PojoProcessor.kt:109)
	at androidx.room.processor.cache.Cache$Bucket.get(Cache.kt:53)
	at androidx.room.processor.PojoProcessor.process(PojoProcessor.kt:109)
	at androidx.room.processor.NonEntityOrViewProcessor.process(EntityOrViewProcessor.kt:49)
	at androidx.room.processor.PojoProcessor.processRelationField(PojoProcessor.kt:540)
	at androidx.room.processor.PojoProcessor.doProcess(PojoProcessor.kt:205)
	at androidx.room.processor.PojoProcessor.access$doProcess(PojoProcessor.kt:56)
	at androidx.room.processor.PojoProcessor$process$1.invoke(PojoProcessor.kt:112)
	at androidx.room.processor.PojoProcessor$process$1.invoke(PojoProcessor.kt:109)
	at androidx.room.processor.cache.Cache$Bucket.get(Cache.kt:53)
	at androidx.room.processor.PojoProcessor.process(PojoProcessor.kt:109)
	at androidx.room.processor.NonEntityOrViewProcessor.process(EntityOrViewProcessor.kt:49)
	at androidx.room.processor.PojoProcessor.processRelationField(PojoProcessor.kt:540)
	at androidx.room.processor.PojoProcessor.doProcess(PojoProcessor.kt:205)
	at androidx.room.processor.PojoProcessor.access$doProcess(PojoProcessor.kt:56)
	at androidx.room.processor.PojoProcessor$process$1.invoke(PojoProcessor.kt:112)
	at androidx.room.processor.PojoProcessor$process$1.invoke(PojoProcessor.kt:109)
	at androidx.room.processor.cache.Cache$Bucket.get(Cache.kt:53)
	at androidx.room.processor.PojoProcessor.process(PojoProcessor.kt:109)
	at androidx.room.processor.NonEntityOrViewProcessor.process(EntityOrViewProcessor.kt:49)
	at androidx.room.processor.PojoProcessor.processRelationField(PojoProcessor.kt:540)
	at androidx.room.processor.PojoProcessor.doProcess(PojoProcessor.kt:205)
	at androidx.room.processor.PojoProcessor.access$doProcess(PojoProcessor.kt:56)
	at androidx.room.processor.PojoProcessor$process$1.invoke(PojoProcessor.kt:112)
	at androidx.room.processor.PojoProcessor$process$1.invoke(PojoProcessor.kt:109)
	at androidx.room.processor.cache.Cache$Bucket.get(Cache.kt:53)
	at androidx.room.processor.PojoProcessor.process(PojoProcessor.kt:109)
	at androidx.room.processor.NonEntityOrViewProcessor.process(EntityOrViewProcessor.kt:49)
	at androidx.room.processor.PojoProcessor.processRelationField(PojoProcessor.kt:540)
	at androidx.room.processor.PojoProcessor.doProcess(PojoProcessor.kt:205)
	at androidx.room.processor.PojoProcessor.access$doProcess(PojoProcessor.kt:56)
	at androidx.room.processor.PojoProcessor$process$1.invoke(PojoProcessor.kt:112)
	at androidx.room.processor.PojoProcessor$process$1.invoke(PojoProcessor.kt:109)
	at androidx.room.processor.cache.Cache$Bucket.get(Cache.kt:53)
	at androidx.room.processor.PojoProcessor.process(PojoProcessor.kt:109)
	at androidx.room.processor.NonEntityOrViewProcessor.process(EntityOrViewProcessor.kt:49)
	at androidx.room.processor.PojoProcessor.processRelationField(PojoProcessor.kt:540)
	at androidx.room.processor.PojoProcessor.doProcess(PojoProcessor.kt:205)
	at androidx.room.processor.PojoProcessor.access$doProcess(PojoProcessor.kt:56)
	at androidx.room.processor.PojoProcessor$process$1.invoke(PojoProcessor.kt:112)
	at androidx.room.processor.PojoProcessor$process$1.invoke(PojoProcessor.kt:109)
	at androidx.room.processor.cache.Cache$Bucket.get(Cache.kt:53)
	at androidx.room.processor.PojoProcessor.process(PojoProcessor.kt:109)
	at androidx.room.processor.NonEntityOrViewProcessor.process(EntityOrViewProcessor.kt:49)
	at androidx.room.processor.PojoProcessor.processRelationField(PojoProcessor.kt:540)
	at androidx.room.processor.PojoProcessor.doProcess(PojoProcessor.kt:205)
	at androidx.room.processor.PojoProcessor.access$doProcess(PojoProcessor.kt:56)
	at androidx.room.processor.PojoProcessor$process$1.invoke(PojoProcessor.kt:112)
	at androidx.room.processor.PojoProcessor$process$1.invoke(PojoProcessor.kt:109)
	at androidx.room.processor.cache.Cache$Bucket.get(Cache.kt:53)
	at androidx.room.processor.PojoProcessor.process(PojoProcessor.kt:109)
	at androidx.room.processor.NonEntityOrViewProcessor.process(EntityOrViewProcessor.kt:49)
	at androidx.room.processor.PojoProcessor.processRelationField(PojoProcessor.kt:540)
	at androidx.room.processor.PojoProcessor.doProcess(PojoProcessor.kt:205)
	at androidx.room.processor.PojoProcessor.access$doProcess(PojoProcessor.kt:56)
	at androidx.room.processor.PojoProcessor$process$1.invoke(PojoProcessor.kt:112)
	at androidx.room.processor.PojoProcessor$process$1.invoke(PojoProcessor.kt:109)
	at androidx.room.processor.cache.Cache$Bucket.get(Cache.kt:53)
	at androidx.room.processor.PojoProcessor.process(PojoProcessor.kt:109)
	at androidx.room.processor.NonEntityOrViewProcessor.process(EntityOrViewProcessor.kt:49)
	at androidx.room.processor.PojoProcessor.processRelationField(PojoProcessor.kt:540)
	at androidx.room.processor.PojoProcessor.doProcess(PojoProcessor.kt:205)
	at androidx.room.processor.PojoProcessor.access$doProcess(PojoProcessor.kt:56)
	at androidx.room.processor.PojoProcessor$process$1.invoke(PojoProcessor.kt:112)
	at androidx.room.processor.PojoProcessor$process$1.invoke(PojoProcessor.kt:109)
	at androidx.room.processor.cache.Cache$Bucket.get(Cache.kt:53)
	at androidx.room.processor.PojoProcessor.process(PojoProcessor.kt:109)
	at androidx.room.processor.NonEntityOrViewProcessor.process(EntityOrViewProcessor.kt:49)
	at androidx.room.processor.PojoProcessor.processRelationField(PojoProcessor.kt:540)
	at androidx.room.processor.PojoProcessor.doProcess(PojoProcessor.kt:205)
	at androidx.room.processor.PojoProcessor.access$doProcess(PojoProcessor.kt:56)
	at androidx.room.processor.PojoProcessor$process$1.invoke(PojoProcessor.kt:112)
	at androidx.room.processor.PojoProcessor$process$1.invoke(PojoProcessor.kt:109)
	at androidx.room.processor.cache.Cache$Bucket.get(Cache.kt:53)
	at androidx.room.processor.PojoProcessor.process(PojoProcessor.kt:109)
	at androidx.room.processor.NonEntityOrViewProcessor.process(EntityOrViewProcessor.kt:49)
	at androidx.room.processor.PojoProcessor.processRelationField(PojoProcessor.kt:540)
	at androidx.room.processor.PojoProcessor.doProcess(PojoProcessor.kt:205)
	at androidx.room.processor.PojoProcessor.access$doProcess(PojoProcessor.kt:56)
	at androidx.room.processor.PojoProcessor$process$1.invoke(PojoProcessor.kt:112)
	at androidx.room.processor.PojoProcessor$process$1.invoke(PojoProcessor.kt:109)
	at androidx.room.processor.cache.Cache$Bucket.get(Cache.kt:53)
	at androidx.room.processor.PojoProcessor.process(PojoProcessor.kt:109)
	at androidx.room.processor.NonEntityOrViewProcessor.process(EntityOrViewProcessor.kt:49)
	at androidx.room.processor.PojoProcessor.processRelationField(PojoProcessor.kt:540)
	at androidx.room.processor.PojoProcessor.doProcess(PojoProcessor.kt:205)
	at androidx.room.processor.PojoProcessor.access$doProcess(PojoProcessor.kt:56)
	at androidx.room.processor.PojoProcessor$process$1.invoke(PojoProcessor.kt:112)
	at androidx.room.processor.PojoProcessor$process$1.invoke(PojoProcessor.kt:109)
	at androidx.room.processor.cache.Cache$Bucket.get(Cache.kt:53)
	at androidx.room.processor.PojoProcessor.process(PojoProcessor.kt:109)
	at androidx.room.processor.NonEntityOrViewProcessor.process(EntityOrViewProcessor.kt:49)
	at androidx.room.processor.PojoProcessor.processRelationField(PojoProcessor.kt:540)
	at androidx.room.processor.PojoProcessor.doProcess(PojoProcessor.kt:205)
	at androidx.room.processor.PojoProcessor.access$doProcess(PojoProcessor.kt:56)
	at androidx.room.processor.PojoProcessor$process$1.invoke(PojoProcessor.kt:112)
	at androidx.room.processor.PojoProcessor$process$1.invoke(PojoProcessor.kt:109)
	at androidx.room.processor.cache.Cache$Bucket.get(Cache.kt:53)
	at androidx.room.processor.PojoProcessor.process(PojoProcessor.kt:109)
	at androidx.room.processor.NonEntityOrViewProcessor.process(EntityOrViewProcessor.kt:49)
	at androidx.room.processor.PojoProcessor.processRelationField(PojoProcessor.kt:540)
	at androidx.room.processor.PojoProcessor.doProcess(PojoProcessor.kt:205)
	at androidx.room.processor.PojoProcessor.access$doProcess(PojoProcessor.kt:56)
	at androidx.room.processor.PojoProcessor$process$1.invoke(PojoProcessor.kt:112)
	at androidx.room.processor.PojoProcessor$process$1.invoke(PojoProcessor.kt:109)
	at androidx.room.processor.cache.Cache$Bucket.get(Cache.kt:53)
	at androidx.room.processor.PojoProcessor.process(PojoProcessor.kt:109)
	at androidx.room.processor.NonEntityOrViewProcessor.process(EntityOrViewProcessor.kt:49)
	at androidx.room.processor.PojoProcessor.processRelationField(PojoProcessor.kt:540)
	at androidx.room.processor.PojoProcessor.doProcess(PojoProcessor.kt:205)
	at androidx.room.processor.PojoProcessor.access$doProcess(PojoProcessor.kt:56)
	at androidx.room.processor.PojoProcessor$process$1.invoke(PojoProcessor.kt:112)
	at androidx.room.processor.PojoProcessor$process$1.invoke(PojoProcessor.kt:109)
	at androidx.room.processor.cache.Cache$Bucket.get(Cache.kt:53)
	at androidx.room.processor.PojoProcessor.process(PojoProcessor.kt:109)
	at androidx.room.processor.NonEntityOrViewProcessor.process(EntityOrViewProcessor.kt:49)
	at androidx.room.processor.PojoProcessor.processRelationField(PojoProcessor.kt:540)
	at androidx.room.processor.PojoProcessor.doProcess(PojoProcessor.kt:205)
	at androidx.room.processor.PojoProcessor.access$doProcess(PojoProcessor.kt:56)
	at androidx.room.processor.PojoProcessor$process$1.invoke(PojoProcessor.kt:112)
	at androidx.room.processor.PojoProcessor$process$1.invoke(PojoProcessor.kt:109)
	at androidx.room.processor.cache.Cache$Bucket.get(Cache.kt:53)
	at androidx.room.processor.PojoProcessor.process(PojoProcessor.kt:109)
	at androidx.room.processor.NonEntityOrViewProcessor.process(EntityOrViewProcessor.kt:49)
	at androidx.room.processor.PojoProcessor.processRelationField(PojoProcessor.kt:540)
	at androidx.room.processor.PojoProcessor.doProcess(PojoProcessor.kt:205)
	at androidx.room.processor.PojoProcessor.access$doProcess(PojoProcessor.kt:56)
	at androidx.room.processor.PojoProcessor$process$1.invoke(PojoProcessor.kt:112)
	at androidx.room.processor.PojoProcessor$process$1.invoke(PojoProcessor.kt:109)
	at androidx.room.processor.cache.Cache$Bucket.get(Cache.kt:53)
	at androidx.room.processor.PojoProcessor.process(PojoProcessor.kt:109)
	at androidx.room.processor.NonEntityOrViewProcessor.process(EntityOrViewProcessor.kt:49)
	at androidx.room.processor.PojoProcessor.processRelationField(PojoProcessor.kt:540)
	at androidx.room.processor.PojoProcessor.doProcess(PojoProcessor.kt:205)
	at androidx.room.processor.PojoProcessor.access$doProcess(PojoProcessor.kt:56)
	at androidx.room.processor.PojoProcessor$process$1.invoke(PojoProcessor.kt:112)
	at androidx.room.processor.PojoProcessor$process$1.invoke(PojoProcessor.kt:109)
	at androidx.room.processor.cache.Cache$Bucket.get(Cache.kt:53)
	at androidx.room.processor.PojoProcessor.process(PojoProcessor.kt:109)
	at androidx.room.processor.NonEntityOrViewProcessor.process(EntityOrViewProcessor.kt:49)
	at androidx.room.processor.PojoProcessor.processRelationField(PojoProcessor.kt:540)
	at androidx.room.processor.PojoProcessor.doProcess(PojoProcessor.kt:205)
	at androidx.room.processor.PojoProcessor.access$doProcess(PojoProcessor.kt:56)
	at androidx.room.processor.PojoProcessor$process$1.invoke(PojoProcessor.kt:112)
	at androidx.room.processor.PojoProcessor$process$1.invoke(PojoProcessor.kt:109)
	at androidx.room.processor.cache.Cache$Bucket.get(Cache.kt:53)
	at androidx.room.processor.PojoProcessor.process(PojoProcessor.kt:109)
	at androidx.room.processor.NonEntityOrViewProcessor.process(EntityOrViewProcessor.kt:49)
	at androidx.room.processor.PojoProcessor.processRelationField(PojoProcessor.kt:540)
	at androidx.room.processor.PojoProcessor.doProcess(PojoProcessor.kt:205)
	at androidx.room.processor.PojoProcessor.access$doProcess(PojoProcessor.kt:56)
	at androidx.room.processor.PojoProcessor$process$1.invoke(PojoProcessor.kt:112)
	at androidx.room.processor.PojoProcessor$process$1.invoke(PojoProcessor.kt:109)
	at androidx.room.processor.cache.Cache$Bucket.get(Cache.kt:53)
	at androidx.room.processor.PojoProcessor.process(PojoProcessor.kt:109)
	at androidx.room.processor.NonEntityOrViewProcessor.process(EntityOrViewProcessor.kt:49)
	at androidx.room.processor.PojoProcessor.processRelationField(PojoProcessor.kt:540)
	at androidx.room.processor.PojoProcessor.doProcess(PojoProcessor.kt:205)
	at androidx.room.processor.PojoProcessor.access$doProcess(PojoProcessor.kt:56)
	at androidx.room.processor.PojoProcessor$process$1.invoke(PojoProcessor.kt:112)
	at androidx.room.processor.PojoProcessor$process$1.invoke(PojoProcessor.kt:109)
	at androidx.room.processor.cache.Cache$Bucket.get(Cache.kt:53)
	at androidx.room.processor.PojoProcessor.process(PojoProcessor.kt:109)
	at androidx.room.processor.NonEntityOrViewProcessor.process(EntityOrViewProcessor.kt:49)
	at androidx.room.processor.PojoProcessor.processRelationField(PojoProcessor.kt:540)
	at androidx.room.processor.PojoProcessor.doProcess(PojoProcessor.kt:205)
	at androidx.room.processor.PojoProcessor.access$doProcess(PojoProcessor.kt:56)
	at androidx.room.processor.PojoProcessor$process$1.invoke(PojoProcessor.kt:112)
	at androidx.room.processor.PojoProcessor$process$1.invoke(PojoProcessor.kt:109)
	at androidx.room.processor.cache.Cache$Bucket.get(Cache.kt:53)
	at androidx.room.processor.PojoProcessor.process(PojoProcessor.kt:109)
	at androidx.room.processor.NonEntityOrViewProcessor.process(EntityOrViewProcessor.kt:49)
	at androidx.room.processor.PojoProcessor.processRelationField(PojoProcessor.kt:540)
	at androidx.room.processor.PojoProcessor.doProcess(PojoProcessor.kt:205)
	at androidx.room.processor.PojoProcessor.access$doProcess(PojoProcessor.kt:56)
	at androidx.room.processor.PojoProcessor$process$1.invoke(PojoProcessor.kt:112)
	at androidx.room.processor.PojoProcessor$process$1.invoke(PojoProcessor.kt:109)
	at androidx.room.processor.cache.Cache$Bucket.get(Cache.kt:53)
	at androidx.room.processor.PojoProcessor.process(PojoProcessor.kt:109)
	at androidx.room.processor.NonEntityOrViewProcessor.process(EntityOrViewProcessor.kt:49)
	at androidx.room.processor.PojoProcessor.processRelationField(PojoProcessor.kt:540)
	at androidx.room.processor.PojoProcessor.doProcess(PojoProcessor.kt:205)
	at androidx.room.processor.PojoProcessor.access$doProcess(PojoProcessor.kt:56)
	at androidx.room.processor.PojoProcessor$process$1.invoke(PojoProcessor.kt:112)
	at androidx.room.processor.PojoProcessor$process$1.invoke(PojoProcessor.kt:109)
	at androidx.room.processor.cache.Cache$Bucket.get(Cache.kt:53)
	at androidx.room.processor.PojoProcessor.process(PojoProcessor.kt:109)
	at androidx.room.processor.NonEntityOrViewProcessor.process(EntityOrViewProcessor.kt:49)
	at androidx.room.processor.PojoProcessor.processRelationField(PojoProcessor.kt:540)
	at androidx.room.processor.PojoProcessor.doProcess(PojoProcessor.kt:205)
	at androidx.room.processor.PojoProcessor.access$doProcess(PojoProcessor.kt:56)
	at androidx.room.processor.PojoProcessor$process$1.invoke(PojoProcessor.kt:112)
	at androidx.room.processor.PojoProcessor$process$1.invoke(PojoProcessor.kt:109)
	at androidx.room.processor.cache.Cache$Bucket.get(Cache.kt:53)
	at androidx.room.processor.PojoProcessor.process(PojoProcessor.kt:109)
	at androidx.room.processor.NonEntityOrViewProcessor.process(EntityOrViewProcessor.kt:49)
	at androidx.room.processor.PojoProcessor.processRelationField(PojoProcessor.kt:540)
	at androidx.room.processor.PojoProcessor.doProcess(PojoProcessor.kt:205)
	at androidx.room.processor.PojoProcessor.access$doProcess(PojoProcessor.kt:56)
	at androidx.room.processor.PojoProcessor$process$1.invoke(PojoProcessor.kt:112)
	at androidx.room.processor.PojoProcessor$process$1.invoke(PojoProcessor.kt:109)
	at androidx.room.processor.cache.Cache$Bucket.get(Cache.kt:53)
	at androidx.room.processor.PojoProcessor.process(PojoProcessor.kt:109)
	at androidx.room.processor.NonEntityOrViewProcessor.process(EntityOrViewProcessor.kt:49)
	at androidx.room.processor.PojoProcessor.processRelationField(PojoProcessor.kt:540)
	at androidx.room.processor.PojoProcessor.doProcess(PojoProcessor.kt:205)
	at androidx.room.processor.PojoProcessor.access$doProcess(PojoProcessor.kt:56)
	at androidx.room.processor.PojoProcessor$process$1.invoke(PojoProcessor.kt:112)
	at androidx.room.processor.PojoProcessor$process$1.invoke(PojoProcessor.kt:109)
	at androidx.room.processor.cache.Cache$Bucket.get(Cache.kt:53)
	at androidx.room.processor.PojoProcessor.process(PojoProcessor.kt:109)
	at androidx.room.processor.NonEntityOrViewProcessor.process(EntityOrViewProcessor.kt:49)
	at androidx.room.processor.PojoProcessor.processRelationField(PojoProcessor.kt:540)
	at androidx.room.processor.PojoProcessor.doProcess(PojoProcessor.kt:205)
	at androidx.room.processor.PojoProcessor.access$doProcess(PojoProcessor.kt:56)
	at androidx.room.processor.PojoProcessor$process$1.invoke(PojoProcessor.kt:112)
	at androidx.room.processor.PojoProcessor$process$1.invoke(PojoProcessor.kt:109)
	at androidx.room.processor.cache.Cache$Bucket.get(Cache.kt:53)
	at androidx.room.processor.PojoProcessor.process(PojoProcessor.kt:109)
	at androidx.room.processor.NonEntityOrViewProcessor.process(EntityOrViewProcessor.kt:49)
	at androidx.room.processor.PojoProcessor.processRelationField(PojoProcessor.kt:540)
	at androidx.room.processor.PojoProcessor.doProcess(PojoProcessor.kt:205)
	at androidx.room.processor.PojoProcessor.access$doProcess(PojoProcessor.kt:56)
	at androidx.room.processor.PojoProcessor$process$1.invoke(PojoProcessor.kt:112)
	at androidx.room.processor.PojoProcessor$process$1.invoke(PojoProcessor.kt:109)
	at androidx.room.processor.cache.Cache$Bucket.get(Cache.kt:53)
	at androidx.room.processor.PojoProcessor.process(PojoProcessor.kt:109)
	at androidx.room.processor.NonEntityOrViewProcessor.process(EntityOrViewProcessor.kt:49)
	at androidx.room.processor.PojoProcessor.processRelationField(PojoProcessor.kt:540)
	at androidx.room.processor.PojoProcessor.doProcess(PojoProcessor.kt:205)
	at androidx.room.processor.PojoProcessor.access$doProcess(PojoProcessor.kt:56)
	at androidx.room.processor.PojoProcessor$process$1.invoke(PojoProcessor.kt:112)
	at androidx.room.processor.PojoProcessor$process$1.invoke(PojoProcessor.kt:109)
	at androidx.room.processor.cache.Cache$Bucket.get(Cache.kt:53)
	at androidx.room.processor.PojoProcessor.process(PojoProcessor.kt:109)
	at androidx.room.processor.NonEntityOrViewProcessor.process(EntityOrViewProcessor.kt:49)
	at androidx.room.processor.PojoProcessor.processRelationField(PojoProcessor.kt:540)
	at androidx.room.processor.PojoProcessor.doProcess(PojoProcessor.kt:205)
	at androidx.room.processor.PojoProcessor.access$doProcess(PojoProcessor.kt:56)
	at androidx.room.processor.PojoProcessor$process$1.invoke(PojoProcessor.kt:112)
	at androidx.room.processor.PojoProcessor$process$1.invoke(PojoProcessor.kt:109)
	at androidx.room.processor.cache.Cache$Bucket.get(Cache.kt:53)
	at androidx.room.processor.PojoProcessor.process(PojoProcessor.kt:109)
	at androidx.room.processor.NonEntityOrViewProcessor.process(EntityOrViewProcessor.kt:49)
	at androidx.room.processor.PojoProcessor.processRelationField(PojoProcessor.kt:540)
	at androidx.room.processor.PojoProcessor.doProcess(PojoProcessor.kt:205)
	at androidx.room.processor.PojoProcessor.access$doProcess(PojoProcessor.kt:56)
	at androidx.room.processor.PojoProcessor$process$1.invoke(PojoProcessor.kt:112)
	at androidx.room.processor.PojoProcessor$process$1.invoke(PojoProcessor.kt:109)
	at androidx.room.processor.cache.Cache$Bucket.get(Cache.kt:53)
	at androidx.room.processor.PojoProcessor.process(PojoProcessor.kt:109)
	at androidx.room.processor.NonEntityOrViewProcessor.process(EntityOrViewProcessor.kt:49)
	at androidx.room.processor.PojoProcessor.processRelationField(PojoProcessor.kt:540)
	at androidx.room.processor.PojoProcessor.doProcess(PojoProcessor.kt:205)
	at androidx.room.processor.PojoProcessor.access$doProcess(PojoProcessor.kt:56)
	at androidx.room.processor.PojoProcessor$process$1.invoke(PojoProcessor.kt:112)
	at androidx.room.processor.PojoProcessor$process$1.invoke(PojoProcessor.kt:109)
	at androidx.room.processor.cache.Cache$Bucket.get(Cache.kt:53)
	at androidx.room.processor.PojoProcessor.process(PojoProcessor.kt:109)
	at androidx.room.processor.NonEntityOrViewProcessor.process(EntityOrViewProcessor.kt:49)
	at androidx.room.processor.PojoProcessor.processRelationField(PojoProcessor.kt:540)
	at androidx.room.processor.PojoProcessor.doProcess(PojoProcessor.kt:205)
	at androidx.room.processor.PojoProcessor.access$doProcess(PojoProcessor.kt:56)
	at androidx.room.processor.PojoProcessor$process$1.invoke(PojoProcessor.kt:112)
	at androidx.room.processor.PojoProcessor$process$1.invoke(PojoProcessor.kt:109)
	at androidx.room.processor.cache.Cache$Bucket.get(Cache.kt:53)
	at androidx.room.processor.PojoProcessor.process(PojoProcessor.kt:109)
	at androidx.room.processor.NonEntityOrViewProcessor.process(EntityOrViewProcessor.kt:49)
	at androidx.room.processor.PojoProcessor.processRelationField(PojoProcessor.kt:540)
	at androidx.room.processor.PojoProcessor.doProcess(PojoProcessor.kt:205)
	at androidx.room.processor.PojoProcessor.access$doProcess(PojoProcessor.kt:56)
	at androidx.room.processor.PojoProcessor$process$1.invoke(PojoProcessor.kt:112)
	at androidx.room.processor.PojoProcessor$process$1.invoke(PojoProcessor.kt:109)
	at androidx.room.processor.cache.Cache$Bucket.get(Cache.kt:53)
	at androidx.room.processor.PojoProcessor.process(PojoProcessor.kt:109)
	at androidx.room.processor.NonEntityOrViewProcessor.process(EntityOrViewProcessor.kt:49)
	at androidx.room.processor.PojoProcessor.processRelationField(PojoProcessor.kt:540)
	at androidx.room.processor.PojoProcessor.doProcess(PojoProcessor.kt:205)
	at androidx.room.processor.PojoProcessor.access$doProcess(PojoProcessor.kt:56)
	at androidx.room.processor.PojoProcessor$process$1.invoke(PojoProcessor.kt:112)
	at androidx.room.processor.PojoProcessor$process$1.invoke(PojoProcessor.kt:109)
	at androidx.room.processor.cache.Cache$Bucket.get(Cache.kt:53)
	at androidx.room.processor.PojoProcessor.process(PojoProcessor.kt:109)
	at androidx.room.processor.NonEntityOrViewProcessor.process(EntityOrViewProcessor.kt:49)
	at androidx.room.processor.PojoProcessor.processRelationField(PojoProcessor.kt:540)
	at androidx.room.processor.PojoProcessor.doProcess(PojoProcessor.kt:205)
	at androidx.room.processor.PojoProcessor.access$doProcess(PojoProcessor.kt:56)
	at androidx.room.processor.PojoProcessor$process$1.invoke(PojoProcessor.kt:112)
	at androidx.room.processor.PojoProcessor$process$1.invoke(PojoProcessor.kt:109)
	at androidx.room.processor.cache.Cache$Bucket.get(Cache.kt:53)
	at androidx.room.processor.PojoProcessor.process(PojoProcessor.kt:109)
	at androidx.room.processor.NonEntityOrViewProcessor.process(EntityOrViewProcessor.kt:49)
	at androidx.room.processor.PojoProcessor.processRelationField(PojoProcessor.kt:540)
	at androidx.room.processor.PojoProcessor.doProcess(PojoProcessor.kt:205)
	at androidx.room.processor.PojoProcessor.access$doProcess(PojoProcessor.kt:56)
	at androidx.room.processor.PojoProcessor$process$1.invoke(PojoProcessor.kt:112)
	at androidx.room.processor.PojoProcessor$process$1.invoke(PojoProcessor.kt:109)
	at androidx.room.processor.cache.Cache$Bucket.get(Cache.kt:53)
	at androidx.room.processor.PojoProcessor.process(PojoProcessor.kt:109)
	at androidx.room.processor.NonEntityOrViewProcessor.process(EntityOrViewProcessor.kt:49)
	at androidx.room.processor.PojoProcessor.processRelationField(PojoProcessor.kt:540)
	at androidx.room.processor.PojoProcessor.doProcess(PojoProcessor.kt:205)
	at androidx.room.processor.PojoProcessor.access$doProcess(PojoProcessor.kt:56)
	at androidx.room.processor.PojoProcessor$process$1.invoke(PojoProcessor.kt:112)
	at androidx.room.processor.PojoProcessor$process$1.invoke(PojoProcessor.kt:109)
	at androidx.room.processor.cache.Cache$Bucket.get(Cache.kt:53)
	at androidx.room.processor.PojoProcessor.process(PojoProcessor.kt:109)
	at androidx.room.processor.NonEntityOrViewProcessor.process(EntityOrViewProcessor.kt:49)
	at androidx.room.processor.PojoProcessor.processRelationField(PojoProcessor.kt:540)
	at androidx.room.processor.PojoProcessor.doProcess(PojoProcessor.kt:205)
	at androidx.room.processor.PojoProcessor.access$doProcess(PojoProcessor.kt:56)
	at androidx.room.processor.PojoProcessor$process$1.invoke(PojoProcessor.kt:112)
	at androidx.room.processor.PojoProcessor$process$1.invoke(PojoProcessor.kt:109)
	at androidx.room.processor.cache.Cache$Bucket.get(Cache.kt:53)
	at androidx.room.processor.PojoProcessor.process(PojoProcessor.kt:109)
	at androidx.room.processor.NonEntityOrViewProcessor.process(EntityOrViewProcessor.kt:49)
	at androidx.room.processor.PojoProcessor.processRelationField(PojoProcessor.kt:540)
	at androidx.room.processor.PojoProcessor.doProcess(PojoProcessor.kt:205)
	at androidx.room.processor.PojoProcessor.access$doProcess(PojoProcessor.kt:56)
	at androidx.room.processor.PojoProcessor$process$1.invoke(PojoProcessor.kt:112)
	at androidx.room.processor.PojoProcessor$process$1.invoke(PojoProcessor.kt:109)
	at androidx.room.processor.cache.Cache$Bucket.get(Cache.kt:53)
	at androidx.room.processor.PojoProcessor.process(PojoProcessor.kt:109)
	at androidx.room.processor.NonEntityOrViewProcessor.process(EntityOrViewProcessor.kt:49)
	at androidx.room.processor.PojoProcessor.processRelationField(PojoProcessor.kt:540)
	at androidx.room.processor.PojoProcessor.doProcess(PojoProcessor.kt:205)
	at androidx.room.processor.PojoProcessor.access$doProcess(PojoProcessor.kt:56)
	at androidx.room.processor.PojoProcessor$process$1.invoke(PojoProcessor.kt:112)
	at androidx.room.processor.PojoProcessor$process$1.invoke(PojoProcessor.kt:109)
	at androidx.room.processor.cache.Cache$Bucket.get(Cache.kt:53)
	at androidx.room.processor.PojoProcessor.process(PojoProcessor.kt:109)
	at androidx.room.processor.NonEntityOrViewProcessor.process(EntityOrViewProcessor.kt:49)
	at androidx.room.processor.PojoProcessor.processRelationField(PojoProcessor.kt:540)
	at androidx.room.processor.PojoProcessor.doProcess(PojoProcessor.kt:205)
	at androidx.room.processor.PojoProcessor.access$doProcess(PojoProcessor.kt:56)
	at androidx.room.processor.PojoProcessor$process$1.invoke(PojoProcessor.kt:112)
	at androidx.room.processor.PojoProcessor$process$1.invoke(PojoProcessor.kt:109)
	at androidx.room.processor.cache.Cache$Bucket.get(Cache.kt:53)
	at androidx.room.processor.PojoProcessor.process(PojoProcessor.kt:109)
	at androidx.room.processor.NonEntityOrViewProcessor.process(EntityOrViewProcessor.kt:49)
	at androidx.room.processor.PojoProcessor.processRelationField(PojoProcessor.kt:540)
	at androidx.room.processor.PojoProcessor.doProcess(PojoProcessor.kt:205)
	at androidx.room.processor.PojoProcessor.access$doProcess(PojoProcessor.kt:56)
	at androidx.room.processor.PojoProcessor$process$1.invoke(PojoProcessor.kt:112)
	at androidx.room.processor.PojoProcessor$process$1.invoke(PojoProcessor.kt:109)
	at androidx.room.processor.cache.Cache$Bucket.get(Cache.kt:53)
	at androidx.room.processor.PojoProcessor.process(PojoProcessor.kt:109)
	at androidx.room.processor.NonEntityOrViewProcessor.process(EntityOrViewProcessor.kt:49)
	at androidx.room.processor.PojoProcessor.processRelationField(PojoProcessor.kt:540)
	at androidx.room.processor.PojoProcessor.doProcess(PojoProcessor.kt:205)
	at androidx.room.processor.PojoProcessor.access$doProcess(PojoProcessor.kt:56)
	at androidx.room.processor.PojoProcessor$process$1.invoke(PojoProcessor.kt:112)
	at androidx.room.processor.PojoProcessor$process$1.invoke(PojoProcessor.kt:109)
	at androidx.room.processor.cache.Cache$Bucket.get(Cache.kt:53)
	at androidx.room.processor.PojoProcessor.process(PojoProcessor.kt:109)
	at androidx.room.processor.NonEntityOrViewProcessor.process(EntityOrViewProcessor.kt:49)
	at androidx.room.processor.PojoProcessor.processRelationField(PojoProcessor.kt:540)
	at androidx.room.processor.PojoProcessor.doProcess(PojoProcessor.kt:205)
	at androidx.room.processor.PojoProcessor.access$doProcess(PojoProcessor.kt:56)
	at androidx.room.processor.PojoProcessor$process$1.invoke(PojoProcessor.kt:112)
	at androidx.room.processor.PojoProcessor$process$1.invoke(PojoProcessor.kt:109)
	at androidx.room.processor.cache.Cache$Bucket.get(Cache.kt:53)
	at androidx.room.processor.PojoProcessor.process(PojoProcessor.kt:109)
	at androidx.room.processor.NonEntityOrViewProcessor.process(EntityOrViewProcessor.kt:49)
	at androidx.room.processor.PojoProcessor.processRelationField(PojoProcessor.kt:540)
	at androidx.room.processor.PojoProcessor.doProcess(PojoProcessor.kt:205)
	at androidx.room.processor.PojoProcessor.access$doProcess(PojoProcessor.kt:56)
	at androidx.room.processor.PojoProcessor$process$1.invoke(PojoProcessor.kt:112)
	at androidx.room.processor.PojoProcessor$process$1.invoke(PojoProcessor.kt:109)
	at androidx.room.processor.cache.Cache$Bucket.get(Cache.kt:53)
	at androidx.room.processor.PojoProcessor.process(PojoProcessor.kt:109)
	at androidx.room.processor.NonEntityOrViewProcessor.process(EntityOrViewProcessor.kt:49)
	at androidx.room.processor.PojoProcessor.processRelationField(PojoProcessor.kt:540)
	at androidx.room.processor.PojoProcessor.doProcess(PojoProcessor.kt:205)
	at androidx.room.processor.PojoProcessor.access$doProcess(PojoProcessor.kt:56)
	at androidx.room.processor.PojoProcessor$process$1.invoke(PojoProcessor.kt:112)
	at androidx.room.processor.PojoProcessor$process$1.invoke(PojoProcessor.kt:109)
	at androidx.room.processor.cache.Cache$Bucket.get(Cache.kt:53)
	at androidx.room.processor.PojoProcessor.process(PojoProcessor.kt:109)
	at androidx.room.processor.NonEntityOrViewProcessor.process(EntityOrViewProcessor.kt:49)
	at androidx.room.processor.PojoProcessor.processRelationField(PojoProcessor.kt:540)
	at androidx.room.processor.PojoProcessor.doProcess(PojoProcessor.kt:205)
	at androidx.room.processor.PojoProcessor.access$doProcess(PojoProcessor.kt:56)
	at androidx.room.processor.PojoProcessor$process$1.invoke(PojoProcessor.kt:112)
	at androidx.room.processor.PojoProcessor$process$1.invoke(PojoProcessor.kt:109)
	at androidx.room.processor.cache.Cache$Bucket.get(Cache.kt:53)
	at androidx.room.processor.PojoProcessor.process(PojoProcessor.kt:109)
	at androidx.room.processor.NonEntityOrViewProcessor.process(EntityOrViewProcessor.kt:49)
	at androidx.room.processor.PojoProcessor.processRelationField(PojoProcessor.kt:540)
	at androidx.room.processor.PojoProcessor.doProcess(PojoProcessor.kt:205)
	at androidx.room.processor.PojoProcessor.access$doProcess(PojoProcessor.kt:56)
	at androidx.room.processor.PojoProcessor$process$1.invoke(PojoProcessor.kt:112)
	at androidx.room.processor.PojoProcessor$process$1.invoke(PojoProcessor.kt:109)
	at androidx.room.processor.cache.Cache$Bucket.get(Cache.kt:53)
	at androidx.room.processor.PojoProcessor.process(PojoProcessor.kt:109)
	at androidx.room.processor.NonEntityOrViewProcessor.process(EntityOrViewProcessor.kt:49)
	at androidx.room.processor.PojoProcessor.processRelationField(PojoProcessor.kt:540)
	at androidx.room.processor.PojoProcessor.doProcess(PojoProcessor.kt:205)
	at androidx.room.processor.PojoProcessor.access$doProcess(PojoProcessor.kt:56)
	at androidx.room.processor.PojoProcessor$process$1.invoke(PojoProcessor.kt:112)
	at androidx.room.processor.PojoProcessor$process$1.invoke(PojoProcessor.kt:109)
	at androidx.room.processor.cache.Cache$Bucket.get(Cache.kt:53)
	at androidx.room.processor.PojoProcessor.process(PojoProcessor.kt:109)
	at androidx.room.processor.NonEntityOrViewProcessor.process(EntityOrViewProcessor.kt:49)
	at androidx.room.processor.PojoProcessor.processRelationField(PojoProcessor.kt:540)
	at androidx.room.processor.PojoProcessor.doProcess(PojoProcessor.kt:205)
	at androidx.room.processor.PojoProcessor.access$doProcess(PojoProcessor.kt:56)
	at androidx.room.processor.PojoProcessor$process$1.invoke(PojoProcessor.kt:112)
	at androidx.room.processor.PojoProcessor$process$1.invoke(PojoProcessor.kt:109)
	at androidx.room.processor.cache.Cache$Bucket.get(Cache.kt:53)
	at androidx.room.processor.PojoProcessor.process(PojoProcessor.kt:109)
	at androidx.room.processor.NonEntityOrViewProcessor.process(EntityOrViewProcessor.kt:49)
	at androidx.room.processor.PojoProcessor.processRelationField(PojoProcessor.kt:540)
	at androidx.room.processor.PojoProcessor.doProcess(PojoProcessor.kt:205)
	at androidx.room.processor.PojoProcessor.access$doProcess(PojoProcessor.kt:56)
	at androidx.room.processor.PojoProcessor$process$1.invoke(PojoProcessor.kt:112)
	at androidx.room.processor.PojoProcessor$process$1.invoke(PojoProcessor.kt:109)
	at androidx.room.processor.cache.Cache$Bucket.get(Cache.kt:53)
	at androidx.room.processor.PojoProcessor.process(PojoProcessor.kt:109)
	at androidx.room.processor.NonEntityOrViewProcessor.process(EntityOrViewProcessor.kt:49)
	at androidx.room.processor.PojoProcessor.processRelationField(PojoProcessor.kt:540)
	at androidx.room.processor.PojoProcessor.doProcess(PojoProcessor.kt:205)
	at androidx.room.processor.PojoProcessor.access$doProcess(PojoProcessor.kt:56)
	at androidx.room.processor.PojoProcessor$process$1.invoke(PojoProcessor.kt:112)
	at androidx.room.processor.PojoProcessor$process$1.invoke(PojoProcessor.kt:109)
	at androidx.room.processor.cache.Cache$Bucket.get(Cache.kt:53)
	at androidx.room.processor.PojoProcessor.process(PojoProcessor.kt:109)
	at androidx.room.processor.NonEntityOrViewProcessor.process(EntityOrViewProcessor.kt:49)
	at androidx.room.processor.PojoProcessor.processRelationField(PojoProcessor.kt:540)
	at androidx.room.processor.PojoProcessor.doProcess(PojoProcessor.kt:205)
	at androidx.room.processor.PojoProcessor.access$doProcess(PojoProcessor.kt:56)
	at androidx.room.processor.PojoProcessor$process$1.invoke(PojoProcessor.kt:112)
	at androidx.room.processor.PojoProcessor$process$1.invoke(PojoProcessor.kt:109)
	at androidx.room.processor.cache.Cache$Bucket.get(Cache.kt:53)
	at androidx.room.processor.PojoProcessor.process(PojoProcessor.kt:109)
	at androidx.room.processor.NonEntityOrViewProcessor.process(EntityOrViewProcessor.kt:49)
	at androidx.room.processor.PojoProcessor.processRelationField(PojoProcessor.kt:540)
	at androidx.room.processor.PojoProcessor.doProcess(PojoProcessor.kt:205)
	at androidx.room.processor.PojoProcessor.access$doProcess(PojoProcessor.kt:56)
	at androidx.room.processor.PojoProcessor$process$1.invoke(PojoProcessor.kt:112)
	at androidx.room.processor.PojoProcessor$process$1.invoke(PojoProcessor.kt:109)
	at androidx.room.processor.cache.Cache$Bucket.get(Cache.kt:53)
	at androidx.room.processor.PojoProcessor.process(PojoProcessor.kt:109)
	at androidx.room.processor.NonEntityOrViewProcessor.process(EntityOrViewProcessor.kt:49)
	at androidx.room.processor.PojoProcessor.processRelationField(PojoProcessor.kt:540)
	at androidx.room.processor.PojoProcessor.doProcess(PojoProcessor.kt:205)
	at androidx.room.processor.PojoProcessor.access$doProcess(PojoProcessor.kt:56)
	at androidx.room.processor.PojoProcessor$process$1.invoke(PojoProcessor.kt:112)
	at androidx.room.processor.PojoProcessor$process$1.invoke(PojoProcessor.kt:109)
	at androidx.room.processor.cache.Cache$Bucket.get(Cache.kt:53)
	at androidx.room.processor.PojoProcessor.process(PojoProcessor.kt:109)
	at androidx.room.processor.NonEntityOrViewProcessor.process(EntityOrViewProcessor.kt:49)
	at androidx.room.processor.PojoProcessor.processRelationField(PojoProcessor.kt:540)


